{"/Users/thanhpt/Projects/brain-gym/.claude/worktrees/zealous-lichterman-ab0a57/backend/src/app.controller.ts": {"path":"/Users/thanhpt/Projects/brain-gym/.claude/worktrees/zealous-lichterman-ab0a57/backend/src/app.controller.ts","statementMap":{"0":{"start":{"line":1,"column":0},"end":{"line":1,"column":49}},"1":{"start":{"line":2,"column":0},"end":{"line":2,"column":43}},"2":{"start":{"line":5,"column":7},"end":{"line":12,"column":null}},"3":{"start":{"line":6,"column":31},"end":{"line":6,"column":43}},"4":{"start":{"line":10,"column":4},"end":{"line":10,"column":38}},"5":{"start":{"line":5,"column":13},"end":{"line":5,"column":26}},"6":{"start":{"line":9,"column":2},"end":{"line":11,"column":null}},"7":{"start":{"line":5,"column":13},"end":{"line":12,"column":null}}},"fnMap":{"0":{"name":"(anonymous_2)","decl":{"start":{"line":6,"column":2},"end":{"line":6,"column":31}},"loc":{"start":{"line":6,"column":53},"end":{"line":6,"column":57}}},"1":{"name":"(anonymous_3)","decl":{"start":{"line":9,"column":2},"end":{"line":9,"column":10}},"loc":{"start":{"line":9,"column":10},"end":{"line":11,"column":3}}}},"branchMap":{"0":{"loc":{"start":{"line":6,"column":43},"end":{"line":6,"column":56}},"type":"cond-expr","locations":[{"start":{"line":6,"column":53},"end":{"line":6,"column":56}},{"start":{"line":6,"column":53},"end":{"line":6,"column":56}}]},"1":{"loc":{"start":{"line":6,"column":43},"end":{"line":6,"column":53}},"type":"binary-expr","locations":[{"start":{"line":6,"column":43},"end":{"line":6,"column":56}},{"start":{"line":6,"column":43},"end":{"line":6,"column":53}}]}},"s":{"0":0,"1":0,"2":0,"3":0,"4":0,"5":0,"6":0,"7":0},"f":{"0":0,"1":0},"b":{"0":[0,0],"1":[0,0]}}
,"/Users/thanhpt/Projects/brain-gym/.claude/worktrees/zealous-lichterman-ab0a57/backend/src/app.module.ts": {"path":"/Users/thanhpt/Projects/brain-gym/.claude/worktrees/zealous-lichterman-ab0a57/backend/src/app.module.ts","statementMap":{"0":{"start":{"line":1,"column":0},"end":{"line":1,"column":40}},"1":{"start":{"line":2,"column":0},"end":{"line":2,"column":58}},"2":{"start":{"line":3,"column":0},"end":{"line":3,"column":46}},"3":{"start":{"line":4,"column":0},"end":{"line":4,"column":68}},"4":{"start":{"line":5,"column":0},"end":{"line":5,"column":54}},"5":{"start":{"line":6,"column":0},"end":{"line":6,"column":58}},"6":{"start":{"line":7,"column":0},"end":{"line":7,"column":51}},"7":{"start":{"line":8,"column":0},"end":{"line":8,"column":48}},"8":{"start":{"line":9,"column":0},"end":{"line":9,"column":78}},"9":{"start":{"line":10,"column":0},"end":{"line":10,"column":63}},"10":{"start":{"line":11,"column":0},"end":{"line":11,"column":51}},"11":{"start":{"line":12,"column":0},"end":{"line":12,"column":60}},"12":{"start":{"line":13,"column":0},"end":{"line":13,"column":60}},"13":{"start":{"line":14,"column":0},"end":{"line":14,"column":57}},"14":{"start":{"line":15,"column":0},"end":{"line":15,"column":63}},"15":{"start":{"line":16,"column":0},"end":{"line":16,"column":72}},"16":{"start":{"line":17,"column":0},"end":{"line":17,"column":48}},"17":{"start":{"line":18,"column":0},"end":{"line":18,"column":60}},"18":{"start":{"line":19,"column":0},"end":{"line":19,"column":66}},"19":{"start":{"line":20,"column":0},"end":{"line":20,"column":57}},"20":{"start":{"line":21,"column":0},"end":{"line":21,"column":82}},"21":{"start":{"line":22,"column":0},"end":{"line":22,"column":63}},"22":{"start":{"line":23,"column":0},"end":{"line":23,"column":51}},"23":{"start":{"line":24,"column":0},"end":{"line":24,"column":51}},"24":{"start":{"line":25,"column":0},"end":{"line":25,"column":48}},"25":{"start":{"line":26,"column":0},"end":{"line":26,"column":75}},"26":{"start":{"line":27,"column":0},"end":{"line":27,"column":74}},"27":{"start":{"line":28,"column":0},"end":{"line":28,"column":71}},"28":{"start":{"line":29,"column":0},"end":{"line":29,"column":69}},"29":{"start":{"line":30,"column":0},"end":{"line":30,"column":74}},"30":{"start":{"line":31,"column":0},"end":{"line":31,"column":54}},"31":{"start":{"line":32,"column":0},"end":{"line":32,"column":57}},"32":{"start":{"line":33,"column":0},"end":{"line":33,"column":54}},"33":{"start":{"line":34,"column":0},"end":{"line":34,"column":60}},"34":{"start":{"line":86,"column":7},"end":{"line":86,"column":null}},"35":{"start":{"line":86,"column":13},"end":{"line":86,"column":22}},"36":{"start":{"line":86,"column":13},"end":{"line":86,"column":null}}},"fnMap":{},"branchMap":{},"s":{"0":0,"1":0,"2":0,"3":0,"4":0,"5":0,"6":0,"7":0,"8":0,"9":0,"10":0,"11":0,"12":0,"13":0,"14":0,"15":0,"16":0,"17":0,"18":0,"19":0,"20":0,"21":0,"22":0,"23":0,"24":0,"25":0,"26":0,"27":0,"28":0,"29":0,"30":0,"31":0,"32":0,"33":0,"34":0,"35":0,"36":0},"f":{},"b":{}}
,"/Users/thanhpt/Projects/brain-gym/.claude/worktrees/zealous-lichterman-ab0a57/backend/src/app.service.ts": {"path":"/Users/thanhpt/Projects/brain-gym/.claude/worktrees/zealous-lichterman-ab0a57/backend/src/app.service.ts","statementMap":{"0":{"start":{"line":1,"column":0},"end":{"line":1,"column":44}},"1":{"start":{"line":4,"column":7},"end":{"line":8,"column":null}},"2":{"start":{"line":6,"column":4},"end":{"line":6,"column":26}},"3":{"start":{"line":4,"column":13},"end":{"line":4,"column":23}},"4":{"start":{"line":4,"column":13},"end":{"line":8,"column":null}}},"fnMap":{"0":{"name":"(anonymous_1)","decl":{"start":{"line":5,"column":2},"end":{"line":5,"column":10}},"loc":{"start":{"line":5,"column":10},"end":{"line":7,"column":3}}}},"branchMap":{},"s":{"0":0,"1":0,"2":0,"3":0,"4":0},"f":{"0":0},"b":{}}
,"/Users/thanhpt/Projects/brain-gym/.claude/worktrees/zealous-lichterman-ab0a57/backend/src/main.ts": {"path":"/Users/thanhpt/Projects/brain-gym/.claude/worktrees/zealous-lichterman-ab0a57/backend/src/main.ts","statementMap":{"0":{"start":{"line":1,"column":0},"end":{"line":1,"column":43}},"1":{"start":{"line":2,"column":0},"end":{"line":2,"column":48}},"2":{"start":{"line":3,"column":0},"end":{"line":3,"column":65}},"3":{"start":{"line":4,"column":0},"end":{"line":4,"column":41}},"4":{"start":{"line":7,"column":19},"end":{"line":7,"column":71}},"5":{"start":{"line":8,"column":2},"end":{"line":12,"column":3}},"6":{"start":{"line":9,"column":4},"end":{"line":11,"column":5}},"7":{"start":{"line":10,"column":6},"end":{"line":10,"column":71}},"8":{"start":{"line":16,"column":2},"end":{"line":16,"column":16}},"9":{"start":{"line":18,"column":14},"end":{"line":18,"column":49}},"10":{"start":{"line":21,"column":2},"end":{"line":21,"column":32}},"11":{"start":{"line":24,"column":22},"end":{"line":26,"column":76}},"12":{"start":{"line":25,"column":53},"end":{"line":25,"column":61}},"13":{"start":{"line":27,"column":2},"end":{"line":30,"column":5}},"14":{"start":{"line":33,"column":2},"end":{"line":41,"column":4}},"15":{"start":{"line":44,"column":17},"end":{"line":63,"column":12}},"16":{"start":{"line":65,"column":19},"end":{"line":65,"column":60}},"17":{"start":{"line":66,"column":2},"end":{"line":70,"column":5}},"18":{"start":{"line":72,"column":15},"end":{"line":72,"column":39}},"19":{"start":{"line":73,"column":2},"end":{"line":73,"column":25}},"20":{"start":{"line":74,"column":2},"end":{"line":74,"column":68}},"21":{"start":{"line":75,"column":2},"end":{"line":75,"column":70}},"22":{"start":{"line":77,"column":0},"end":{"line":77,"column":12}}},"fnMap":{"0":{"name":"validateEnv","decl":{"start":{"line":6,"column":9},"end":{"line":6,"column":20}},"loc":{"start":{"line":6,"column":20},"end":{"line":13,"column":1}}},"1":{"name":"bootstrap","decl":{"start":{"line":15,"column":15},"end":{"line":15,"column":24}},"loc":{"start":{"line":15,"column":24},"end":{"line":76,"column":1}}},"2":{"name":"(anonymous_2)","decl":{"start":{"line":25,"column":46},"end":{"line":25,"column":47}},"loc":{"start":{"line":25,"column":53},"end":{"line":25,"column":61}}}},"branchMap":{"0":{"loc":{"start":{"line":9,"column":4},"end":{"line":11,"column":5}},"type":"if","locations":[{"start":{"line":9,"column":4},"end":{"line":11,"column":5}}]},"1":{"loc":{"start":{"line":24,"column":22},"end":{"line":26,"column":76}},"type":"cond-expr","locations":[{"start":{"line":25,"column":6},"end":{"line":25,"column":62}},{"start":{"line":26,"column":6},"end":{"line":26,"column":76}}]},"2":{"loc":{"start":{"line":72,"column":15},"end":{"line":72,"column":39}},"type":"binary-expr","locations":[{"start":{"line":72,"column":15},"end":{"line":72,"column":31}},{"start":{"line":72,"column":35},"end":{"line":72,"column":39}}]}},"s":{"0":0,"1":0,"2":0,"3":0,"4":0,"5":0,"6":0,"7":0,"8":0,"9":0,"10":0,"11":0,"12":0,"13":0,"14":0,"15":0,"16":0,"17":0,"18":0,"19":0,"20":0,"21":0,"22":0},"f":{"0":0,"1":0,"2":0},"b":{"0":[0],"1":[0,0],"2":[0,0]}}
,"/Users/thanhpt/Projects/brain-gym/.claude/worktrees/zealous-lichterman-ab0a57/backend/src/mcp-server.ts": {"path":"/Users/thanhpt/Projects/brain-gym/.claude/worktrees/zealous-lichterman-ab0a57/backend/src/mcp-server.ts","statementMap":{"0":{"start":{"line":29,"column":0},"end":{"line":29,"column":68}},"1":{"start":{"line":30,"column":0},"end":{"line":30,"column":81}},"2":{"start":{"line":31,"column":0},"end":{"line":31,"column":24}},"3":{"start":{"line":35,"column":16},"end":{"line":35,"column":72}},"4":{"start":{"line":36,"column":21},"end":{"line":36,"column":61}},"5":{"start":{"line":38,"column":0},"end":{"line":44,"column":1}},"6":{"start":{"line":39,"column":2},"end":{"line":42,"column":4}},"7":{"start":{"line":43,"column":2},"end":{"line":43,"column":18}},"8":{"start":{"line":53,"column":14},"end":{"line":53,"column":57}},"9":{"start":{"line":54,"column":14},"end":{"line":61,"column":4}},"10":{"start":{"line":62,"column":15},"end":{"line":62,"column":55}},"11":{"start":{"line":62,"column":44},"end":{"line":62,"column":54}},"12":{"start":{"line":63,"column":2},"end":{"line":63,"column":50}},"13":{"start":{"line":68,"column":15},"end":{"line":71,"column":2}},"14":{"start":{"line":75,"column":21},"end":{"line":79,"column":2}},"15":{"start":{"line":81,"column":23},"end":{"line":104,"column":2}},"16":{"start":{"line":106,"column":0},"end":{"line":184,"column":2}},"17":{"start":{"line":140,"column":4},"end":{"line":182,"column":5}},"18":{"start":{"line":141,"column":21},"end":{"line":141,"column":46}},"19":{"start":{"line":143,"column":6},"end":{"line":153,"column":7}},"20":{"start":{"line":144,"column":8},"end":{"line":152,"column":10}},"21":{"start":{"line":155,"column":19},"end":{"line":155,"column":null}},"22":{"start":{"line":160,"column":6},"end":{"line":171,"column":8}},"23":{"start":{"line":173,"column":6},"end":{"line":181,"column":8}},"24":{"start":{"line":188,"column":0},"end":{"line":223,"column":2}},"25":{"start":{"line":192,"column":9},"end":{"line":222,"column":4}},"26":{"start":{"line":228,"column":20},"end":{"line":228,"column":46}},"27":{"start":{"line":229,"column":2},"end":{"line":229,"column":34}},"28":{"start":{"line":230,"column":2},"end":{"line":230,"column":69}},"29":{"start":{"line":233,"column":0},"end":{"line":236,"column":3}},"30":{"start":{"line":234,"column":2},"end":{"line":234,"column":53}},"31":{"start":{"line":235,"column":2},"end":{"line":235,"column":18}}},"fnMap":{"0":{"name":"callIntakeApi","decl":{"start":{"line":48,"column":15},"end":{"line":48,"column":28}},"loc":{"start":{"line":48,"column":61},"end":{"line":64,"column":1}}},"1":{"name":"(anonymous_1)","decl":{"start":{"line":62,"column":38},"end":{"line":62,"column":41}},"loc":{"start":{"line":62,"column":44},"end":{"line":62,"column":54}}},"2":{"name":"(anonymous_2)","decl":{"start":{"line":139,"column":2},"end":{"line":139,"column":7}},"loc":{"start":{"line":139,"column":17},"end":{"line":183,"column":3}}},"3":{"name":"(anonymous_3)","decl":{"start":{"line":192,"column":2},"end":{"line":192,"column":5}},"loc":{"start":{"line":192,"column":9},"end":{"line":222,"column":4}}},"4":{"name":"main","decl":{"start":{"line":227,"column":15},"end":{"line":227,"column":19}},"loc":{"start":{"line":227,"column":19},"end":{"line":231,"column":1}}},"5":{"name":"(anonymous_5)","decl":{"start":{"line":233,"column":13},"end":{"line":233,"column":14}},"loc":{"start":{"line":233,"column":21},"end":{"line":236,"column":1}}}},"branchMap":{"0":{"loc":{"start":{"line":35,"column":16},"end":{"line":35,"column":72}},"type":"binary-expr","locations":[{"start":{"line":35,"column":16},"end":{"line":35,"column":45}},{"start":{"line":35,"column":49},"end":{"line":35,"column":72}}]},"1":{"loc":{"start":{"line":36,"column":21},"end":{"line":36,"column":61}},"type":"binary-expr","locations":[{"start":{"line":36,"column":21},"end":{"line":36,"column":55}},{"start":{"line":36,"column":59},"end":{"line":36,"column":61}}]},"2":{"loc":{"start":{"line":38,"column":0},"end":{"line":44,"column":1}},"type":"if","locations":[{"start":{"line":38,"column":0},"end":{"line":44,"column":1}}]},"3":{"loc":{"start":{"line":143,"column":6},"end":{"line":153,"column":7}},"type":"if","locations":[{"start":{"line":143,"column":6},"end":{"line":153,"column":7}}]},"4":{"loc":{"start":{"line":168,"column":36},"end":{"line":168,"column":74}},"type":"binary-expr","locations":[{"start":{"line":168,"column":36},"end":{"line":168,"column":64}},{"start":{"line":168,"column":68},"end":{"line":168,"column":74}}]}},"s":{"0":0,"1":0,"2":0,"3":0,"4":0,"5":0,"6":0,"7":0,"8":0,"9":0,"10":0,"11":0,"12":0,"13":0,"14":0,"15":0,"16":0,"17":0,"18":0,"19":0,"20":0,"21":0,"22":0,"23":0,"24":0,"25":0,"26":0,"27":0,"28":0,"29":0,"30":0,"31":0},"f":{"0":0,"1":0,"2":0,"3":0,"4":0,"5":0},"b":{"0":[0,0],"1":[0,0],"2":[0],"3":[0],"4":[0,0]}}
,"/Users/thanhpt/Projects/brain-gym/.claude/worktrees/zealous-lichterman-ab0a57/backend/src/admin/admin.controller.ts": {"path":"/Users/thanhpt/Projects/brain-gym/.claude/worktrees/zealous-lichterman-ab0a57/backend/src/admin/admin.controller.ts","statementMap":{"0":{"start":{"line":1,"column":0},"end":{"line":1,"column":null}},"1":{"start":{"line":16,"column":0},"end":{"line":16,"column":null}},"2":{"start":{"line":22,"column":0},"end":{"line":22,"column":47}},"3":{"start":{"line":23,"column":0},"end":{"line":23,"column":54}},"4":{"start":{"line":24,"column":0},"end":{"line":24,"column":56}},"5":{"start":{"line":25,"column":0},"end":{"line":25,"column":61}},"6":{"start":{"line":26,"column":0},"end":{"line":26,"column":61}},"7":{"start":{"line":27,"column":0},"end":{"line":27,"column":42}},"8":{"start":{"line":34,"column":7},"end":{"line":596,"column":null}},"9":{"start":{"line":36,"column":21},"end":{"line":36,"column":35}},"10":{"start":{"line":37,"column":21},"end":{"line":37,"column":35}},"11":{"start":{"line":43,"column":4},"end":{"line":43,"column":44}},"12":{"start":{"line":60,"column":4},"end":{"line":64,"column":7}},"13":{"start":{"line":81,"column":4},"end":{"line":85,"column":7}},"14":{"start":{"line":98,"column":4},"end":{"line":102,"column":7}},"15":{"start":{"line":119,"column":4},"end":{"line":125,"column":7}},"16":{"start":{"line":142,"column":20},"end":{"line":142,"column":47}},"17":{"start":{"line":143,"column":4},"end":{"line":152,"column":7}},"18":{"start":{"line":144,"column":6},"end":{"line":150,"column":9}},"19":{"start":{"line":151,"column":6},"end":{"line":151,"column":20}},"20":{"start":{"line":162,"column":20},"end":{"line":162,"column":47}},"21":{"start":{"line":163,"column":4},"end":{"line":171,"column":7}},"22":{"start":{"line":164,"column":6},"end":{"line":169,"column":9}},"23":{"start":{"line":170,"column":6},"end":{"line":170,"column":20}},"24":{"start":{"line":177,"column":20},"end":{"line":177,"column":47}},"25":{"start":{"line":178,"column":4},"end":{"line":186,"column":7}},"26":{"start":{"line":179,"column":6},"end":{"line":184,"column":9}},"27":{"start":{"line":185,"column":6},"end":{"line":185,"column":43}},"28":{"start":{"line":194,"column":4},"end":{"line":197,"column":6}},"29":{"start":{"line":209,"column":20},"end":{"line":209,"column":47}},"30":{"start":{"line":210,"column":4},"end":{"line":221,"column":9}},"31":{"start":{"line":213,"column":8},"end":{"line":219,"column":11}},"32":{"start":{"line":220,"column":8},"end":{"line":220,"column":20}},"33":{"start":{"line":234,"column":4},"end":{"line":237,"column":7}},"34":{"start":{"line":243,"column":20},"end":{"line":243,"column":47}},"35":{"start":{"line":244,"column":4},"end":{"line":252,"column":7}},"36":{"start":{"line":245,"column":6},"end":{"line":250,"column":9}},"37":{"start":{"line":251,"column":6},"end":{"line":251,"column":52}},"38":{"start":{"line":269,"column":20},"end":{"line":269,"column":47}},"39":{"start":{"line":270,"column":4},"end":{"line":279,"column":7}},"40":{"start":{"line":271,"column":6},"end":{"line":277,"column":9}},"41":{"start":{"line":278,"column":6},"end":{"line":278,"column":19}},"42":{"start":{"line":295,"column":20},"end":{"line":295,"column":47}},"43":{"start":{"line":296,"column":4},"end":{"line":304,"column":7}},"44":{"start":{"line":297,"column":6},"end":{"line":302,"column":9}},"45":{"start":{"line":303,"column":6},"end":{"line":303,"column":19}},"46":{"start":{"line":310,"column":20},"end":{"line":310,"column":47}},"47":{"start":{"line":311,"column":4},"end":{"line":319,"column":7}},"48":{"start":{"line":312,"column":6},"end":{"line":317,"column":9}},"49":{"start":{"line":318,"column":6},"end":{"line":318,"column":42}},"50":{"start":{"line":329,"column":20},"end":{"line":329,"column":47}},"51":{"start":{"line":330,"column":4},"end":{"line":339,"column":7}},"52":{"start":{"line":331,"column":6},"end":{"line":337,"column":9}},"53":{"start":{"line":338,"column":6},"end":{"line":338,"column":19}},"54":{"start":{"line":349,"column":20},"end":{"line":349,"column":47}},"55":{"start":{"line":350,"column":4},"end":{"line":359,"column":7}},"56":{"start":{"line":351,"column":6},"end":{"line":357,"column":9}},"57":{"start":{"line":358,"column":6},"end":{"line":358,"column":42}},"58":{"start":{"line":365,"column":4},"end":{"line":365,"column":46}},"59":{"start":{"line":376,"column":20},"end":{"line":376,"column":47}},"60":{"start":{"line":377,"column":19},"end":{"line":379,"column":null}},"61":{"start":{"line":381,"column":4},"end":{"line":387,"column":7}},"62":{"start":{"line":388,"column":4},"end":{"line":388,"column":18}},"63":{"start":{"line":397,"column":20},"end":{"line":397,"column":47}},"64":{"start":{"line":398,"column":19},"end":{"line":400,"column":null}},"65":{"start":{"line":402,"column":4},"end":{"line":412,"column":7}},"66":{"start":{"line":413,"column":4},"end":{"line":413,"column":18}},"67":{"start":{"line":423,"column":20},"end":{"line":423,"column":47}},"68":{"start":{"line":424,"column":19},"end":{"line":424,"column":76}},"69":{"start":{"line":425,"column":4},"end":{"line":431,"column":7}},"70":{"start":{"line":432,"column":4},"end":{"line":432,"column":18}},"71":{"start":{"line":447,"column":4},"end":{"line":451,"column":7}},"72":{"start":{"line":457,"column":4},"end":{"line":457,"column":52}},"73":{"start":{"line":476,"column":20},"end":{"line":476,"column":47}},"74":{"start":{"line":477,"column":19},"end":{"line":477,"column":74}},"75":{"start":{"line":478,"column":4},"end":{"line":484,"column":7}},"76":{"start":{"line":485,"column":4},"end":{"line":485,"column":18}},"77":{"start":{"line":494,"column":20},"end":{"line":494,"column":47}},"78":{"start":{"line":495,"column":19},"end":{"line":495,"column":68}},"79":{"start":{"line":496,"column":4},"end":{"line":501,"column":7}},"80":{"start":{"line":502,"column":4},"end":{"line":502,"column":18}},"81":{"start":{"line":514,"column":4},"end":{"line":517,"column":7}},"82":{"start":{"line":528,"column":20},"end":{"line":528,"column":47}},"83":{"start":{"line":529,"column":19},"end":{"line":532,"column":null}},"84":{"start":{"line":534,"column":4},"end":{"line":540,"column":7}},"85":{"start":{"line":541,"column":4},"end":{"line":541,"column":18}},"86":{"start":{"line":551,"column":20},"end":{"line":551,"column":47}},"87":{"start":{"line":552,"column":19},"end":{"line":552,"column":73}},"88":{"start":{"line":553,"column":4},"end":{"line":558,"column":7}},"89":{"start":{"line":559,"column":4},"end":{"line":559,"column":18}},"90":{"start":{"line":567,"column":16},"end":{"line":567,"column":53}},"91":{"start":{"line":568,"column":4},"end":{"line":568,"column":46}},"92":{"start":{"line":569,"column":4},"end":{"line":569,"column":77}},"93":{"start":{"line":570,"column":4},"end":{"line":570,"column":18}},"94":{"start":{"line":576,"column":16},"end":{"line":576,"column":57}},"95":{"start":{"line":577,"column":4},"end":{"line":577,"column":46}},"96":{"start":{"line":578,"column":4},"end":{"line":581,"column":6}},"97":{"start":{"line":582,"column":4},"end":{"line":582,"column":18}},"98":{"start":{"line":588,"column":16},"end":{"line":588,"column":57}},"99":{"start":{"line":589,"column":4},"end":{"line":589,"column":46}},"100":{"start":{"line":590,"column":4},"end":{"line":593,"column":6}},"101":{"start":{"line":594,"column":4},"end":{"line":594,"column":18}},"102":{"start":{"line":34,"column":13},"end":{"line":34,"column":28}},"103":{"start":{"line":42,"column":2},"end":{"line":44,"column":null}},"104":{"start":{"line":55,"column":2},"end":{"line":65,"column":null}},"105":{"start":{"line":76,"column":2},"end":{"line":86,"column":null}},"106":{"start":{"line":93,"column":2},"end":{"line":103,"column":null}},"107":{"start":{"line":112,"column":2},"end":{"line":126,"column":null}},"108":{"start":{"line":132,"column":2},"end":{"line":153,"column":null}},"109":{"start":{"line":157,"column":2},"end":{"line":172,"column":null}},"110":{"start":{"line":176,"column":2},"end":{"line":187,"column":null}},"111":{"start":{"line":191,"column":2},"end":{"line":198,"column":null}},"112":{"start":{"line":204,"column":2},"end":{"line":222,"column":null}},"113":{"start":{"line":230,"column":2},"end":{"line":238,"column":null}},"114":{"start":{"line":242,"column":2},"end":{"line":253,"column":null}},"115":{"start":{"line":259,"column":2},"end":{"line":280,"column":null}},"116":{"start":{"line":284,"column":2},"end":{"line":305,"column":null}},"117":{"start":{"line":309,"column":2},"end":{"line":320,"column":null}},"118":{"start":{"line":324,"column":2},"end":{"line":340,"column":null}},"119":{"start":{"line":344,"column":2},"end":{"line":360,"column":null}},"120":{"start":{"line":364,"column":2},"end":{"line":366,"column":null}},"121":{"start":{"line":372,"column":8},"end":{"line":389,"column":null}},"122":{"start":{"line":393,"column":8},"end":{"line":414,"column":null}},"123":{"start":{"line":418,"column":8},"end":{"line":433,"column":null}},"124":{"start":{"line":442,"column":8},"end":{"line":452,"column":null}},"125":{"start":{"line":456,"column":8},"end":{"line":458,"column":null}},"126":{"start":{"line":462,"column":8},"end":{"line":486,"column":null}},"127":{"start":{"line":490,"column":8},"end":{"line":503,"column":null}},"128":{"start":{"line":509,"column":8},"end":{"line":518,"column":null}},"129":{"start":{"line":522,"column":8},"end":{"line":542,"column":null}},"130":{"start":{"line":546,"column":8},"end":{"line":560,"column":null}},"131":{"start":{"line":566,"column":8},"end":{"line":571,"column":null}},"132":{"start":{"line":575,"column":8},"end":{"line":583,"column":null}},"133":{"start":{"line":587,"column":8},"end":{"line":595,"column":null}},"134":{"start":{"line":34,"column":13},"end":{"line":596,"column":null}}},"fnMap":{"0":{"name":"(anonymous_4)","decl":{"start":{"line":35,"column":2},"end":{"line":35,"column":null}},"loc":{"start":{"line":37,"column":47},"end":{"line":38,"column":6}}},"1":{"name":"(anonymous_5)","decl":{"start":{"line":42,"column":2},"end":{"line":42,"column":14}},"loc":{"start":{"line":42,"column":14},"end":{"line":44,"column":3}}},"2":{"name":"(anonymous_6)","decl":{"start":{"line":55,"column":2},"end":{"line":55,"column":10}},"loc":{"start":{"line":58,"column":44},"end":{"line":65,"column":3}}},"3":{"name":"(anonymous_7)","decl":{"start":{"line":76,"column":2},"end":{"line":76,"column":19}},"loc":{"start":{"line":79,"column":36},"end":{"line":86,"column":3}}},"4":{"name":"(anonymous_8)","decl":{"start":{"line":93,"column":2},"end":{"line":93,"column":12}},"loc":{"start":{"line":96,"column":34},"end":{"line":103,"column":3}}},"5":{"name":"(anonymous_9)","decl":{"start":{"line":112,"column":2},"end":{"line":112,"column":14}},"loc":{"start":{"line":117,"column":34},"end":{"line":126,"column":3}}},"6":{"name":"(anonymous_10)","decl":{"start":{"line":132,"column":2},"end":{"line":132,"column":14}},"loc":{"start":{"line":140,"column":5},"end":{"line":153,"column":3}}},"7":{"name":"(anonymous_11)","decl":{"start":{"line":143,"column":53},"end":{"line":143,"column":58}},"loc":{"start":{"line":143,"column":70},"end":{"line":152,"column":5}}},"8":{"name":"(anonymous_12)","decl":{"start":{"line":157,"column":2},"end":{"line":157,"column":14}},"loc":{"start":{"line":160,"column":74},"end":{"line":172,"column":3}}},"9":{"name":"(anonymous_13)","decl":{"start":{"line":163,"column":57},"end":{"line":163,"column":62}},"loc":{"start":{"line":163,"column":74},"end":{"line":171,"column":5}}},"10":{"name":"(anonymous_14)","decl":{"start":{"line":176,"column":2},"end":{"line":176,"column":14}},"loc":{"start":{"line":176,"column":55},"end":{"line":187,"column":3}}},"11":{"name":"(anonymous_15)","decl":{"start":{"line":178,"column":51},"end":{"line":178,"column":56}},"loc":{"start":{"line":178,"column":62},"end":{"line":186,"column":5}}},"12":{"name":"(anonymous_16)","decl":{"start":{"line":191,"column":2},"end":{"line":191,"column":16}},"loc":{"start":{"line":192,"column":67},"end":{"line":198,"column":3}}},"13":{"name":"(anonymous_17)","decl":{"start":{"line":204,"column":2},"end":{"line":204,"column":22}},"loc":{"start":{"line":207,"column":40},"end":{"line":222,"column":3}}},"14":{"name":"(anonymous_18)","decl":{"start":{"line":212,"column":12},"end":{"line":212,"column":17}},"loc":{"start":{"line":212,"column":27},"end":{"line":221,"column":7}}},"15":{"name":"(anonymous_19)","decl":{"start":{"line":230,"column":2},"end":{"line":230,"column":20}},"loc":{"start":{"line":232,"column":34},"end":{"line":238,"column":3}}},"16":{"name":"(anonymous_20)","decl":{"start":{"line":242,"column":2},"end":{"line":242,"column":22}},"loc":{"start":{"line":242,"column":63},"end":{"line":253,"column":3}}},"17":{"name":"(anonymous_21)","decl":{"start":{"line":244,"column":59},"end":{"line":244,"column":64}},"loc":{"start":{"line":244,"column":70},"end":{"line":252,"column":5}}},"18":{"name":"(anonymous_22)","decl":{"start":{"line":259,"column":2},"end":{"line":259,"column":13}},"loc":{"start":{"line":267,"column":5},"end":{"line":280,"column":3}}},"19":{"name":"(anonymous_23)","decl":{"start":{"line":270,"column":52},"end":{"line":270,"column":57}},"loc":{"start":{"line":270,"column":68},"end":{"line":279,"column":5}}},"20":{"name":"(anonymous_24)","decl":{"start":{"line":284,"column":2},"end":{"line":284,"column":13}},"loc":{"start":{"line":293,"column":5},"end":{"line":305,"column":3}}},"21":{"name":"(anonymous_25)","decl":{"start":{"line":296,"column":56},"end":{"line":296,"column":61}},"loc":{"start":{"line":296,"column":72},"end":{"line":304,"column":5}}},"22":{"name":"(anonymous_26)","decl":{"start":{"line":309,"column":2},"end":{"line":309,"column":13}},"loc":{"start":{"line":309,"column":54},"end":{"line":320,"column":3}}},"23":{"name":"(anonymous_27)","decl":{"start":{"line":311,"column":50},"end":{"line":311,"column":55}},"loc":{"start":{"line":311,"column":61},"end":{"line":319,"column":5}}},"24":{"name":"(anonymous_28)","decl":{"start":{"line":324,"column":2},"end":{"line":324,"column":12}},"loc":{"start":{"line":327,"column":36},"end":{"line":340,"column":3}}},"25":{"name":"(anonymous_29)","decl":{"start":{"line":330,"column":62},"end":{"line":330,"column":67}},"loc":{"start":{"line":330,"column":78},"end":{"line":339,"column":5}}},"26":{"name":"(anonymous_30)","decl":{"start":{"line":344,"column":2},"end":{"line":344,"column":13}},"loc":{"start":{"line":347,"column":35},"end":{"line":360,"column":3}}},"27":{"name":"(anonymous_31)","decl":{"start":{"line":350,"column":58},"end":{"line":350,"column":63}},"loc":{"start":{"line":350,"column":69},"end":{"line":359,"column":5}}},"28":{"name":"(anonymous_32)","decl":{"start":{"line":364,"column":2},"end":{"line":364,"column":16}},"loc":{"start":{"line":364,"column":16},"end":{"line":366,"column":3}}},"29":{"name":"(anonymous_33)","decl":{"start":{"line":372,"column":2},"end":{"line":372,"column":7}},"loc":{"start":{"line":374,"column":51},"end":{"line":389,"column":3}}},"30":{"name":"(anonymous_34)","decl":{"start":{"line":393,"column":2},"end":{"line":393,"column":7}},"loc":{"start":{"line":395,"column":53},"end":{"line":414,"column":3}}},"31":{"name":"(anonymous_35)","decl":{"start":{"line":418,"column":2},"end":{"line":418,"column":7}},"loc":{"start":{"line":421,"column":34},"end":{"line":433,"column":3}}},"32":{"name":"(anonymous_36)","decl":{"start":{"line":442,"column":2},"end":{"line":442,"column":7}},"loc":{"start":{"line":445,"column":36},"end":{"line":452,"column":3}}},"33":{"name":"(anonymous_37)","decl":{"start":{"line":456,"column":2},"end":{"line":456,"column":7}},"loc":{"start":{"line":456,"column":53},"end":{"line":458,"column":3}}},"34":{"name":"(anonymous_38)","decl":{"start":{"line":462,"column":2},"end":{"line":462,"column":7}},"loc":{"start":{"line":474,"column":5},"end":{"line":486,"column":3}}},"35":{"name":"(anonymous_39)","decl":{"start":{"line":490,"column":2},"end":{"line":490,"column":7}},"loc":{"start":{"line":492,"column":33},"end":{"line":503,"column":3}}},"36":{"name":"(anonymous_40)","decl":{"start":{"line":509,"column":2},"end":{"line":509,"column":7}},"loc":{"start":{"line":512,"column":34},"end":{"line":518,"column":3}}},"37":{"name":"(anonymous_41)","decl":{"start":{"line":522,"column":2},"end":{"line":522,"column":7}},"loc":{"start":{"line":526,"column":34},"end":{"line":542,"column":3}}},"38":{"name":"(anonymous_42)","decl":{"start":{"line":546,"column":2},"end":{"line":546,"column":7}},"loc":{"start":{"line":549,"column":35},"end":{"line":560,"column":3}}},"39":{"name":"(anonymous_43)","decl":{"start":{"line":566,"column":2},"end":{"line":566,"column":7}},"loc":{"start":{"line":566,"column":40},"end":{"line":571,"column":3}}},"40":{"name":"(anonymous_44)","decl":{"start":{"line":575,"column":2},"end":{"line":575,"column":7}},"loc":{"start":{"line":575,"column":44},"end":{"line":583,"column":3}}},"41":{"name":"(anonymous_45)","decl":{"start":{"line":587,"column":2},"end":{"line":587,"column":7}},"loc":{"start":{"line":587,"column":44},"end":{"line":595,"column":3}}}},"branchMap":{"0":{"loc":{"start":{"line":61,"column":12},"end":{"line":61,"column":45}},"type":"cond-expr","locations":[{"start":{"line":61,"column":19},"end":{"line":61,"column":33}},{"start":{"line":61,"column":36},"end":{"line":61,"column":45}}]},"1":{"loc":{"start":{"line":62,"column":13},"end":{"line":62,"column":48}},"type":"cond-expr","locations":[{"start":{"line":62,"column":21},"end":{"line":62,"column":36}},{"start":{"line":62,"column":39},"end":{"line":62,"column":48}}]},"2":{"loc":{"start":{"line":82,"column":12},"end":{"line":82,"column":45}},"type":"cond-expr","locations":[{"start":{"line":82,"column":19},"end":{"line":82,"column":33}},{"start":{"line":82,"column":36},"end":{"line":82,"column":45}}]},"3":{"loc":{"start":{"line":83,"column":13},"end":{"line":83,"column":48}},"type":"cond-expr","locations":[{"start":{"line":83,"column":21},"end":{"line":83,"column":36}},{"start":{"line":83,"column":39},"end":{"line":83,"column":48}}]},"4":{"loc":{"start":{"line":100,"column":12},"end":{"line":100,"column":45}},"type":"cond-expr","locations":[{"start":{"line":100,"column":19},"end":{"line":100,"column":33}},{"start":{"line":100,"column":36},"end":{"line":100,"column":45}}]},"5":{"loc":{"start":{"line":101,"column":13},"end":{"line":101,"column":48}},"type":"cond-expr","locations":[{"start":{"line":101,"column":21},"end":{"line":101,"column":36}},{"start":{"line":101,"column":39},"end":{"line":101,"column":48}}]},"6":{"loc":{"start":{"line":123,"column":12},"end":{"line":123,"column":45}},"type":"cond-expr","locations":[{"start":{"line":123,"column":19},"end":{"line":123,"column":33}},{"start":{"line":123,"column":36},"end":{"line":123,"column":45}}]},"7":{"loc":{"start":{"line":124,"column":13},"end":{"line":124,"column":48}},"type":"cond-expr","locations":[{"start":{"line":124,"column":21},"end":{"line":124,"column":36}},{"start":{"line":124,"column":39},"end":{"line":124,"column":48}}]},"8":{"loc":{"start":{"line":142,"column":20},"end":{"line":142,"column":47}},"type":"binary-expr","locations":[{"start":{"line":142,"column":20},"end":{"line":142,"column":32}},{"start":{"line":142,"column":36},"end":{"line":142,"column":47}}]},"9":{"loc":{"start":{"line":162,"column":20},"end":{"line":162,"column":47}},"type":"binary-expr","locations":[{"start":{"line":162,"column":20},"end":{"line":162,"column":32}},{"start":{"line":162,"column":36},"end":{"line":162,"column":47}}]},"10":{"loc":{"start":{"line":177,"column":20},"end":{"line":177,"column":47}},"type":"binary-expr","locations":[{"start":{"line":177,"column":20},"end":{"line":177,"column":32}},{"start":{"line":177,"column":36},"end":{"line":177,"column":47}}]},"11":{"loc":{"start":{"line":209,"column":20},"end":{"line":209,"column":47}},"type":"binary-expr","locations":[{"start":{"line":209,"column":20},"end":{"line":209,"column":32}},{"start":{"line":209,"column":36},"end":{"line":209,"column":47}}]},"12":{"loc":{"start":{"line":235,"column":12},"end":{"line":235,"column":45}},"type":"cond-expr","locations":[{"start":{"line":235,"column":19},"end":{"line":235,"column":33}},{"start":{"line":235,"column":36},"end":{"line":235,"column":45}}]},"13":{"loc":{"start":{"line":236,"column":13},"end":{"line":236,"column":48}},"type":"cond-expr","locations":[{"start":{"line":236,"column":21},"end":{"line":236,"column":36}},{"start":{"line":236,"column":39},"end":{"line":236,"column":48}}]},"14":{"loc":{"start":{"line":243,"column":20},"end":{"line":243,"column":47}},"type":"binary-expr","locations":[{"start":{"line":243,"column":20},"end":{"line":243,"column":32}},{"start":{"line":243,"column":36},"end":{"line":243,"column":47}}]},"15":{"loc":{"start":{"line":269,"column":20},"end":{"line":269,"column":47}},"type":"binary-expr","locations":[{"start":{"line":269,"column":20},"end":{"line":269,"column":32}},{"start":{"line":269,"column":36},"end":{"line":269,"column":47}}]},"16":{"loc":{"start":{"line":295,"column":20},"end":{"line":295,"column":47}},"type":"binary-expr","locations":[{"start":{"line":295,"column":20},"end":{"line":295,"column":32}},{"start":{"line":295,"column":36},"end":{"line":295,"column":47}}]},"17":{"loc":{"start":{"line":310,"column":20},"end":{"line":310,"column":47}},"type":"binary-expr","locations":[{"start":{"line":310,"column":20},"end":{"line":310,"column":32}},{"start":{"line":310,"column":36},"end":{"line":310,"column":47}}]},"18":{"loc":{"start":{"line":329,"column":20},"end":{"line":329,"column":47}},"type":"binary-expr","locations":[{"start":{"line":329,"column":20},"end":{"line":329,"column":32}},{"start":{"line":329,"column":36},"end":{"line":329,"column":47}}]},"19":{"loc":{"start":{"line":349,"column":20},"end":{"line":349,"column":47}},"type":"binary-expr","locations":[{"start":{"line":349,"column":20},"end":{"line":349,"column":32}},{"start":{"line":349,"column":36},"end":{"line":349,"column":47}}]},"20":{"loc":{"start":{"line":376,"column":20},"end":{"line":376,"column":47}},"type":"binary-expr","locations":[{"start":{"line":376,"column":20},"end":{"line":376,"column":32}},{"start":{"line":376,"column":36},"end":{"line":376,"column":47}}]},"21":{"loc":{"start":{"line":397,"column":20},"end":{"line":397,"column":47}},"type":"binary-expr","locations":[{"start":{"line":397,"column":20},"end":{"line":397,"column":32}},{"start":{"line":397,"column":36},"end":{"line":397,"column":47}}]},"22":{"loc":{"start":{"line":423,"column":20},"end":{"line":423,"column":47}},"type":"binary-expr","locations":[{"start":{"line":423,"column":20},"end":{"line":423,"column":32}},{"start":{"line":423,"column":36},"end":{"line":423,"column":47}}]},"23":{"loc":{"start":{"line":448,"column":12},"end":{"line":448,"column":45}},"type":"cond-expr","locations":[{"start":{"line":448,"column":19},"end":{"line":448,"column":33}},{"start":{"line":448,"column":36},"end":{"line":448,"column":45}}]},"24":{"loc":{"start":{"line":449,"column":13},"end":{"line":449,"column":48}},"type":"cond-expr","locations":[{"start":{"line":449,"column":21},"end":{"line":449,"column":36}},{"start":{"line":449,"column":39},"end":{"line":449,"column":48}}]},"25":{"loc":{"start":{"line":476,"column":20},"end":{"line":476,"column":47}},"type":"binary-expr","locations":[{"start":{"line":476,"column":20},"end":{"line":476,"column":32}},{"start":{"line":476,"column":36},"end":{"line":476,"column":47}}]},"26":{"loc":{"start":{"line":494,"column":20},"end":{"line":494,"column":47}},"type":"binary-expr","locations":[{"start":{"line":494,"column":20},"end":{"line":494,"column":32}},{"start":{"line":494,"column":36},"end":{"line":494,"column":47}}]},"27":{"loc":{"start":{"line":515,"column":12},"end":{"line":515,"column":45}},"type":"cond-expr","locations":[{"start":{"line":515,"column":19},"end":{"line":515,"column":33}},{"start":{"line":515,"column":36},"end":{"line":515,"column":45}}]},"28":{"loc":{"start":{"line":516,"column":13},"end":{"line":516,"column":48}},"type":"cond-expr","locations":[{"start":{"line":516,"column":21},"end":{"line":516,"column":36}},{"start":{"line":516,"column":39},"end":{"line":516,"column":48}}]},"29":{"loc":{"start":{"line":528,"column":20},"end":{"line":528,"column":47}},"type":"binary-expr","locations":[{"start":{"line":528,"column":20},"end":{"line":528,"column":32}},{"start":{"line":528,"column":36},"end":{"line":528,"column":47}}]},"30":{"loc":{"start":{"line":551,"column":20},"end":{"line":551,"column":47}},"type":"binary-expr","locations":[{"start":{"line":551,"column":20},"end":{"line":551,"column":32}},{"start":{"line":551,"column":36},"end":{"line":551,"column":47}}]},"31":{"loc":{"start":{"line":36,"column":35},"end":{"line":36,"column":null}},"type":"cond-expr","locations":[{"start":{"line":36,"column":47},"end":{"line":36,"column":null}},{"start":{"line":36,"column":47},"end":{"line":36,"column":null}}]},"32":{"loc":{"start":{"line":36,"column":35},"end":{"line":36,"column":47}},"type":"binary-expr","locations":[{"start":{"line":36,"column":35},"end":{"line":36,"column":null}},{"start":{"line":36,"column":35},"end":{"line":36,"column":47}}]},"33":{"loc":{"start":{"line":36,"column":47},"end":{"line":37,"column":null}},"type":"cond-expr","locations":[{"start":{"line":37,"column":47},"end":{"line":37,"column":null}},{"start":{"line":37,"column":47},"end":{"line":37,"column":null}}]},"34":{"loc":{"start":{"line":36,"column":47},"end":{"line":37,"column":47}},"type":"binary-expr","locations":[{"start":{"line":36,"column":47},"end":{"line":37,"column":null}},{"start":{"line":37,"column":35},"end":{"line":37,"column":47}}]}},"s":{"0":0,"1":0,"2":0,"3":0,"4":0,"5":0,"6":0,"7":0,"8":0,"9":0,"10":0,"11":0,"12":0,"13":0,"14":0,"15":0,"16":0,"17":0,"18":0,"19":0,"20":0,"21":0,"22":0,"23":0,"24":0,"25":0,"26":0,"27":0,"28":0,"29":0,"30":0,"31":0,"32":0,"33":0,"34":0,"35":0,"36":0,"37":0,"38":0,"39":0,"40":0,"41":0,"42":0,"43":0,"44":0,"45":0,"46":0,"47":0,"48":0,"49":0,"50":0,"51":0,"52":0,"53":0,"54":0,"55":0,"56":0,"57":0,"58":0,"59":0,"60":0,"61":0,"62":0,"63":0,"64":0,"65":0,"66":0,"67":0,"68":0,"69":0,"70":0,"71":0,"72":0,"73":0,"74":0,"75":0,"76":0,"77":0,"78":0,"79":0,"80":0,"81":0,"82":0,"83":0,"84":0,"85":0,"86":0,"87":0,"88":0,"89":0,"90":0,"91":0,"92":0,"93":0,"94":0,"95":0,"96":0,"97":0,"98":0,"99":0,"100":0,"101":0,"102":0,"103":0,"104":0,"105":0,"106":0,"107":0,"108":0,"109":0,"110":0,"111":0,"112":0,"113":0,"114":0,"115":0,"116":0,"117":0,"118":0,"119":0,"120":0,"121":0,"122":0,"123":0,"124":0,"125":0,"126":0,"127":0,"128":0,"129":0,"130":0,"131":0,"132":0,"133":0,"134":0},"f":{"0":0,"1":0,"2":0,"3":0,"4":0,"5":0,"6":0,"7":0,"8":0,"9":0,"10":0,"11":0,"12":0,"13":0,"14":0,"15":0,"16":0,"17":0,"18":0,"19":0,"20":0,"21":0,"22":0,"23":0,"24":0,"25":0,"26":0,"27":0,"28":0,"29":0,"30":0,"31":0,"32":0,"33":0,"34":0,"35":0,"36":0,"37":0,"38":0,"39":0,"40":0,"41":0},"b":{"0":[0,0],"1":[0,0],"2":[0,0],"3":[0,0],"4":[0,0],"5":[0,0],"6":[0,0],"7":[0,0],"8":[0,0],"9":[0,0],"10":[0,0],"11":[0,0],"12":[0,0],"13":[0,0],"14":[0,0],"15":[0,0],"16":[0,0],"17":[0,0],"18":[0,0],"19":[0,0],"20":[0,0],"21":[0,0],"22":[0,0],"23":[0,0],"24":[0,0],"25":[0,0],"26":[0,0],"27":[0,0],"28":[0,0],"29":[0,0],"30":[0,0],"31":[0,0],"32":[0,0],"33":[0,0],"34":[0,0]}}
,"/Users/thanhpt/Projects/brain-gym/.claude/worktrees/zealous-lichterman-ab0a57/backend/src/admin/admin.module.ts": {"path":"/Users/thanhpt/Projects/brain-gym/.claude/worktrees/zealous-lichterman-ab0a57/backend/src/admin/admin.module.ts","statementMap":{"0":{"start":{"line":1,"column":0},"end":{"line":1,"column":40}},"1":{"start":{"line":2,"column":0},"end":{"line":2,"column":53}},"2":{"start":{"line":3,"column":0},"end":{"line":3,"column":47}},"3":{"start":{"line":9,"column":7},"end":{"line":9,"column":null}},"4":{"start":{"line":9,"column":13},"end":{"line":9,"column":24}},"5":{"start":{"line":9,"column":13},"end":{"line":9,"column":null}}},"fnMap":{},"branchMap":{},"s":{"0":0,"1":0,"2":0,"3":0,"4":0,"5":0},"f":{},"b":{}}
,"/Users/thanhpt/Projects/brain-gym/.claude/worktrees/zealous-lichterman-ab0a57/backend/src/admin/admin.service.ts": {"path":"/Users/thanhpt/Projects/brain-gym/.claude/worktrees/zealous-lichterman-ab0a57/backend/src/admin/admin.service.ts","statementMap":{"0":{"start":{"line":1,"column":0},"end":{"line":1,"column":null}},"1":{"start":{"line":6,"column":0},"end":{"line":6,"column":57}},"2":{"start":{"line":9,"column":7},"end":{"line":690,"column":null}},"3":{"start":{"line":10,"column":31},"end":{"line":10,"column":39}},"4":{"start":{"line":13,"column":16},"end":{"line":13,"column":26}},"5":{"start":{"line":14,"column":25},"end":{"line":14,"column":74}},"6":{"start":{"line":15,"column":26},"end":{"line":15,"column":76}},"7":{"start":{"line":31,"column":8},"end":{"line":52,"column":6}},"8":{"start":{"line":54,"column":46},"end":{"line":54,"column":48}},"9":{"start":{"line":55,"column":4},"end":{"line":57,"column":5}},"10":{"start":{"line":56,"column":6},"end":{"line":56,"column":43}},"11":{"start":{"line":59,"column":47},"end":{"line":59,"column":49}},"12":{"start":{"line":60,"column":4},"end":{"line":62,"column":5}},"13":{"start":{"line":61,"column":6},"end":{"line":61,"column":44}},"14":{"start":{"line":64,"column":4},"end":{"line":93,"column":6}},"15":{"start":{"line":75,"column":57},"end":{"line":75,"column":62}},"16":{"start":{"line":101,"column":49},"end":{"line":101,"column":55}},"17":{"start":{"line":102,"column":23},"end":{"line":102,"column":25}},"18":{"start":{"line":103,"column":4},"end":{"line":103,"column":50}},"19":{"start":{"line":103,"column":20},"end":{"line":103,"column":50}},"20":{"start":{"line":105,"column":26},"end":{"line":118,"column":6}},"21":{"start":{"line":120,"column":4},"end":{"line":123,"column":6}},"22":{"start":{"line":131,"column":45},"end":{"line":131,"column":51}},"23":{"start":{"line":132,"column":23},"end":{"line":132,"column":25}},"24":{"start":{"line":133,"column":4},"end":{"line":133,"column":38}},"25":{"start":{"line":133,"column":16},"end":{"line":133,"column":38}},"26":{"start":{"line":135,"column":26},"end":{"line":149,"column":6}},"27":{"start":{"line":151,"column":4},"end":{"line":154,"column":6}},"28":{"start":{"line":162,"column":54},"end":{"line":162,"column":60}},"29":{"start":{"line":163,"column":23},"end":{"line":163,"column":25}},"30":{"start":{"line":164,"column":4},"end":{"line":164,"column":65}},"31":{"start":{"line":164,"column":25},"end":{"line":164,"column":65}},"32":{"start":{"line":166,"column":26},"end":{"line":178,"column":6}},"33":{"start":{"line":180,"column":4},"end":{"line":183,"column":6}},"34":{"start":{"line":194,"column":4},"end":{"line":205,"column":7}},"35":{"start":{"line":212,"column":4},"end":{"line":223,"column":7}},"36":{"start":{"line":227,"column":26},"end":{"line":229,"column":6}},"37":{"start":{"line":230,"column":4},"end":{"line":234,"column":5}},"38":{"start":{"line":231,"column":6},"end":{"line":233,"column":8}},"39":{"start":{"line":235,"column":4},"end":{"line":235,"column":56}},"40":{"start":{"line":239,"column":4},"end":{"line":246,"column":6}},"41":{"start":{"line":241,"column":8},"end":{"line":244,"column":10}},"42":{"start":{"line":247,"column":4},"end":{"line":247,"column":48}},"43":{"start":{"line":253,"column":4},"end":{"line":260,"column":7}},"44":{"start":{"line":266,"column":37},"end":{"line":266,"column":43}},"45":{"start":{"line":267,"column":26},"end":{"line":278,"column":6}},"46":{"start":{"line":279,"column":4},"end":{"line":279,"column":79}},"47":{"start":{"line":284,"column":4},"end":{"line":284,"column":64}},"48":{"start":{"line":290,"column":4},"end":{"line":293,"column":7}},"49":{"start":{"line":302,"column":4},"end":{"line":302,"column":46}},"50":{"start":{"line":314,"column":4},"end":{"line":314,"column":61}},"51":{"start":{"line":318,"column":4},"end":{"line":318,"column":72}},"52":{"start":{"line":319,"column":4},"end":{"line":319,"column":55}},"53":{"start":{"line":323,"column":18},"end":{"line":325,"column":6}},"54":{"start":{"line":326,"column":4},"end":{"line":326,"column":63}},"55":{"start":{"line":326,"column":16},"end":{"line":326,"column":63}},"56":{"start":{"line":327,"column":4},"end":{"line":335,"column":7}},"57":{"start":{"line":339,"column":4},"end":{"line":341,"column":7}},"58":{"start":{"line":347,"column":19},"end":{"line":350,"column":6}},"59":{"start":{"line":351,"column":4},"end":{"line":351,"column":37}},"60":{"start":{"line":355,"column":19},"end":{"line":358,"column":6}},"61":{"start":{"line":359,"column":4},"end":{"line":359,"column":37}},"62":{"start":{"line":363,"column":4},"end":{"line":367,"column":7}},"63":{"start":{"line":377,"column":45},"end":{"line":377,"column":51}},"64":{"start":{"line":378,"column":23},"end":{"line":378,"column":25}},"65":{"start":{"line":379,"column":4},"end":{"line":384,"column":5}},"66":{"start":{"line":380,"column":6},"end":{"line":383,"column":8}},"67":{"start":{"line":386,"column":26},"end":{"line":411,"column":6}},"68":{"start":{"line":413,"column":4},"end":{"line":422,"column":6}},"69":{"start":{"line":414,"column":31},"end":{"line":420,"column":8}},"70":{"start":{"line":426,"column":16},"end":{"line":445,"column":6}},"71":{"start":{"line":446,"column":4},"end":{"line":446,"column":68}},"72":{"start":{"line":446,"column":14},"end":{"line":446,"column":68}},"73":{"start":{"line":447,"column":4},"end":{"line":453,"column":6}},"74":{"start":{"line":468,"column":16},"end":{"line":470,"column":6}},"75":{"start":{"line":471,"column":4},"end":{"line":471,"column":68}},"76":{"start":{"line":471,"column":14},"end":{"line":471,"column":68}},"77":{"start":{"line":472,"column":4},"end":{"line":475,"column":7}},"78":{"start":{"line":479,"column":16},"end":{"line":481,"column":6}},"79":{"start":{"line":482,"column":4},"end":{"line":482,"column":68}},"80":{"start":{"line":482,"column":14},"end":{"line":482,"column":68}},"81":{"start":{"line":483,"column":4},"end":{"line":483,"column":68}},"82":{"start":{"line":484,"column":4},"end":{"line":484,"column":36}},"83":{"start":{"line":491,"column":37},"end":{"line":491,"column":43}},"84":{"start":{"line":492,"column":16},"end":{"line":494,"column":6}},"85":{"start":{"line":495,"column":4},"end":{"line":495,"column":68}},"86":{"start":{"line":495,"column":14},"end":{"line":495,"column":68}},"87":{"start":{"line":497,"column":18},"end":{"line":497,"column":43}},"88":{"start":{"line":498,"column":26},"end":{"line":517,"column":6}},"89":{"start":{"line":519,"column":4},"end":{"line":522,"column":6}},"90":{"start":{"line":530,"column":19},"end":{"line":532,"column":6}},"91":{"start":{"line":533,"column":4},"end":{"line":533,"column":65}},"92":{"start":{"line":533,"column":17},"end":{"line":533,"column":65}},"93":{"start":{"line":534,"column":4},"end":{"line":537,"column":7}},"94":{"start":{"line":541,"column":19},"end":{"line":543,"column":6}},"95":{"start":{"line":544,"column":4},"end":{"line":544,"column":65}},"96":{"start":{"line":544,"column":17},"end":{"line":544,"column":65}},"97":{"start":{"line":545,"column":4},"end":{"line":548,"column":7}},"98":{"start":{"line":549,"column":4},"end":{"line":549,"column":37}},"99":{"start":{"line":555,"column":4},"end":{"line":555,"column":33}},"100":{"start":{"line":555,"column":23},"end":{"line":555,"column":33}},"101":{"start":{"line":556,"column":16},"end":{"line":556,"column":29}},"102":{"start":{"line":557,"column":4},"end":{"line":559,"column":5}},"103":{"start":{"line":558,"column":6},"end":{"line":558,"column":44}},"104":{"start":{"line":560,"column":4},"end":{"line":560,"column":15}},"105":{"start":{"line":564,"column":22},"end":{"line":564,"column":39}},"106":{"start":{"line":565,"column":21},"end":{"line":566,"column":null}},"107":{"start":{"line":566,"column":6},"end":{"line":566,"column":49}},"108":{"start":{"line":566,"column":21},"end":{"line":566,"column":38}},"109":{"start":{"line":568,"column":4},"end":{"line":568,"column":47}},"110":{"start":{"line":572,"column":18},"end":{"line":584,"column":6}},"111":{"start":{"line":585,"column":4},"end":{"line":608,"column":6}},"112":{"start":{"line":597,"column":23},"end":{"line":607,"column":8}},"113":{"start":{"line":612,"column":22},"end":{"line":620,"column":6}},"114":{"start":{"line":621,"column":4},"end":{"line":646,"column":6}},"115":{"start":{"line":633,"column":27},"end":{"line":645,"column":8}},"116":{"start":{"line":650,"column":21},"end":{"line":662,"column":6}},"117":{"start":{"line":663,"column":4},"end":{"line":688,"column":6}},"118":{"start":{"line":675,"column":26},"end":{"line":687,"column":8}},"119":{"start":{"line":9,"column":13},"end":{"line":9,"column":25}},"120":{"start":{"line":9,"column":13},"end":{"line":690,"column":null}}},"fnMap":{"0":{"name":"(anonymous_2)","decl":{"start":{"line":10,"column":2},"end":{"line":10,"column":31}},"loc":{"start":{"line":10,"column":52},"end":{"line":10,"column":56}}},"1":{"name":"(anonymous_3)","decl":{"start":{"line":12,"column":2},"end":{"line":12,"column":7}},"loc":{"start":{"line":12,"column":20},"end":{"line":94,"column":3}}},"2":{"name":"(anonymous_4)","decl":{"start":{"line":75,"column":47},"end":{"line":75,"column":48}},"loc":{"start":{"line":75,"column":57},"end":{"line":75,"column":62}}},"3":{"name":"(anonymous_5)","decl":{"start":{"line":96,"column":2},"end":{"line":96,"column":7}},"loc":{"start":{"line":100,"column":3},"end":{"line":124,"column":3}}},"4":{"name":"(anonymous_6)","decl":{"start":{"line":126,"column":2},"end":{"line":126,"column":7}},"loc":{"start":{"line":130,"column":3},"end":{"line":155,"column":3}}},"5":{"name":"(anonymous_7)","decl":{"start":{"line":157,"column":2},"end":{"line":157,"column":7}},"loc":{"start":{"line":161,"column":3},"end":{"line":184,"column":3}}},"6":{"name":"(anonymous_8)","decl":{"start":{"line":188,"column":2},"end":{"line":188,"column":7}},"loc":{"start":{"line":193,"column":3},"end":{"line":206,"column":3}}},"7":{"name":"(anonymous_9)","decl":{"start":{"line":208,"column":2},"end":{"line":208,"column":7}},"loc":{"start":{"line":210,"column":66},"end":{"line":224,"column":3}}},"8":{"name":"(anonymous_10)","decl":{"start":{"line":226,"column":2},"end":{"line":226,"column":7}},"loc":{"start":{"line":226,"column":31},"end":{"line":236,"column":3}}},"9":{"name":"(anonymous_11)","decl":{"start":{"line":238,"column":2},"end":{"line":238,"column":7}},"loc":{"start":{"line":238,"column":68},"end":{"line":248,"column":3}}},"10":{"name":"(anonymous_12)","decl":{"start":{"line":240,"column":21},"end":{"line":240,"column":22}},"loc":{"start":{"line":241,"column":8},"end":{"line":244,"column":10}}},"11":{"name":"(anonymous_13)","decl":{"start":{"line":252,"column":2},"end":{"line":252,"column":7}},"loc":{"start":{"line":252,"column":59},"end":{"line":261,"column":3}}},"12":{"name":"(anonymous_14)","decl":{"start":{"line":265,"column":2},"end":{"line":265,"column":7}},"loc":{"start":{"line":265,"column":68},"end":{"line":280,"column":3}}},"13":{"name":"(anonymous_15)","decl":{"start":{"line":282,"column":2},"end":{"line":282,"column":7}},"loc":{"start":{"line":282,"column":39},"end":{"line":285,"column":3}}},"14":{"name":"(anonymous_16)","decl":{"start":{"line":289,"column":2},"end":{"line":289,"column":7}},"loc":{"start":{"line":289,"column":22},"end":{"line":294,"column":3}}},"15":{"name":"(anonymous_17)","decl":{"start":{"line":296,"column":2},"end":{"line":296,"column":7}},"loc":{"start":{"line":301,"column":3},"end":{"line":303,"column":3}}},"16":{"name":"(anonymous_18)","decl":{"start":{"line":305,"column":2},"end":{"line":305,"column":7}},"loc":{"start":{"line":312,"column":5},"end":{"line":315,"column":3}}},"17":{"name":"(anonymous_19)","decl":{"start":{"line":317,"column":2},"end":{"line":317,"column":7}},"loc":{"start":{"line":317,"column":30},"end":{"line":320,"column":3}}},"18":{"name":"(anonymous_20)","decl":{"start":{"line":322,"column":2},"end":{"line":322,"column":7}},"loc":{"start":{"line":322,"column":50},"end":{"line":336,"column":3}}},"19":{"name":"(anonymous_21)","decl":{"start":{"line":338,"column":2},"end":{"line":338,"column":7}},"loc":{"start":{"line":338,"column":51},"end":{"line":342,"column":3}}},"20":{"name":"(anonymous_22)","decl":{"start":{"line":346,"column":2},"end":{"line":346,"column":7}},"loc":{"start":{"line":346,"column":62},"end":{"line":352,"column":3}}},"21":{"name":"(anonymous_23)","decl":{"start":{"line":354,"column":2},"end":{"line":354,"column":7}},"loc":{"start":{"line":354,"column":58},"end":{"line":360,"column":3}}},"22":{"name":"(anonymous_24)","decl":{"start":{"line":362,"column":2},"end":{"line":362,"column":7}},"loc":{"start":{"line":362,"column":51},"end":{"line":368,"column":3}}},"23":{"name":"(anonymous_25)","decl":{"start":{"line":372,"column":2},"end":{"line":372,"column":7}},"loc":{"start":{"line":376,"column":3},"end":{"line":423,"column":3}}},"24":{"name":"(anonymous_26)","decl":{"start":{"line":414,"column":21},"end":{"line":414,"column":22}},"loc":{"start":{"line":414,"column":31},"end":{"line":420,"column":8}}},"25":{"name":"(anonymous_27)","decl":{"start":{"line":425,"column":2},"end":{"line":425,"column":7}},"loc":{"start":{"line":425,"column":37},"end":{"line":454,"column":3}}},"26":{"name":"(anonymous_28)","decl":{"start":{"line":456,"column":2},"end":{"line":456,"column":7}},"loc":{"start":{"line":466,"column":5},"end":{"line":476,"column":3}}},"27":{"name":"(anonymous_29)","decl":{"start":{"line":478,"column":2},"end":{"line":478,"column":7}},"loc":{"start":{"line":478,"column":40},"end":{"line":485,"column":3}}},"28":{"name":"(anonymous_30)","decl":{"start":{"line":487,"column":2},"end":{"line":487,"column":7}},"loc":{"start":{"line":489,"column":45},"end":{"line":523,"column":3}}},"29":{"name":"(anonymous_31)","decl":{"start":{"line":525,"column":2},"end":{"line":525,"column":7}},"loc":{"start":{"line":528,"column":16},"end":{"line":538,"column":3}}},"30":{"name":"(anonymous_32)","decl":{"start":{"line":540,"column":2},"end":{"line":540,"column":7}},"loc":{"start":{"line":540,"column":53},"end":{"line":550,"column":3}}},"31":{"name":"(anonymous_33)","decl":{"start":{"line":554,"column":10},"end":{"line":554,"column":19}},"loc":{"start":{"line":554,"column":30},"end":{"line":561,"column":3}}},"32":{"name":"(anonymous_34)","decl":{"start":{"line":563,"column":10},"end":{"line":563,"column":15}},"loc":{"start":{"line":563,"column":48},"end":{"line":569,"column":3}}},"33":{"name":"(anonymous_35)","decl":{"start":{"line":565,"column":30},"end":{"line":565,"column":31}},"loc":{"start":{"line":566,"column":6},"end":{"line":566,"column":49}}},"34":{"name":"(anonymous_36)","decl":{"start":{"line":566,"column":14},"end":{"line":566,"column":15}},"loc":{"start":{"line":566,"column":21},"end":{"line":566,"column":38}}},"35":{"name":"(anonymous_37)","decl":{"start":{"line":571,"column":2},"end":{"line":571,"column":7}},"loc":{"start":{"line":571,"column":19},"end":{"line":609,"column":3}}},"36":{"name":"(anonymous_38)","decl":{"start":{"line":597,"column":16},"end":{"line":597,"column":17}},"loc":{"start":{"line":597,"column":23},"end":{"line":607,"column":8}}},"37":{"name":"(anonymous_39)","decl":{"start":{"line":611,"column":2},"end":{"line":611,"column":7}},"loc":{"start":{"line":611,"column":23},"end":{"line":647,"column":3}}},"38":{"name":"(anonymous_40)","decl":{"start":{"line":633,"column":20},"end":{"line":633,"column":21}},"loc":{"start":{"line":633,"column":27},"end":{"line":645,"column":8}}},"39":{"name":"(anonymous_41)","decl":{"start":{"line":649,"column":2},"end":{"line":649,"column":7}},"loc":{"start":{"line":649,"column":23},"end":{"line":689,"column":3}}},"40":{"name":"(anonymous_42)","decl":{"start":{"line":675,"column":19},"end":{"line":675,"column":20}},"loc":{"start":{"line":675,"column":26},"end":{"line":687,"column":8}}}},"branchMap":{"0":{"loc":{"start":{"line":71,"column":15},"end":{"line":71,"column":38}},"type":"binary-expr","locations":[{"start":{"line":71,"column":15},"end":{"line":71,"column":33}},{"start":{"line":71,"column":37},"end":{"line":71,"column":38}}]},"1":{"loc":{"start":{"line":72,"column":17},"end":{"line":72,"column":42}},"type":"binary-expr","locations":[{"start":{"line":72,"column":17},"end":{"line":72,"column":37}},{"start":{"line":72,"column":41},"end":{"line":72,"column":42}}]},"2":{"loc":{"start":{"line":73,"column":18},"end":{"line":73,"column":44}},"type":"binary-expr","locations":[{"start":{"line":73,"column":18},"end":{"line":73,"column":39}},{"start":{"line":73,"column":43},"end":{"line":73,"column":44}}]},"3":{"loc":{"start":{"line":74,"column":18},"end":{"line":74,"column":44}},"type":"binary-expr","locations":[{"start":{"line":74,"column":18},"end":{"line":74,"column":39}},{"start":{"line":74,"column":43},"end":{"line":74,"column":44}}]},"4":{"loc":{"start":{"line":83,"column":17},"end":{"line":83,"column":43}},"type":"binary-expr","locations":[{"start":{"line":83,"column":17},"end":{"line":83,"column":38}},{"start":{"line":83,"column":42},"end":{"line":83,"column":43}}]},"5":{"loc":{"start":{"line":84,"column":20},"end":{"line":84,"column":49}},"type":"binary-expr","locations":[{"start":{"line":84,"column":20},"end":{"line":84,"column":44}},{"start":{"line":84,"column":48},"end":{"line":84,"column":49}}]},"6":{"loc":{"start":{"line":85,"column":19},"end":{"line":85,"column":47}},"type":"binary-expr","locations":[{"start":{"line":85,"column":19},"end":{"line":85,"column":42}},{"start":{"line":85,"column":46},"end":{"line":85,"column":47}}]},"7":{"loc":{"start":{"line":86,"column":16},"end":{"line":86,"column":41}},"type":"binary-expr","locations":[{"start":{"line":86,"column":16},"end":{"line":86,"column":36}},{"start":{"line":86,"column":40},"end":{"line":86,"column":41}}]},"8":{"loc":{"start":{"line":101,"column":12},"end":{"line":101,"column":20}},"type":"default-arg","locations":[{"start":{"line":101,"column":19},"end":{"line":101,"column":20}}]},"9":{"loc":{"start":{"line":101,"column":22},"end":{"line":101,"column":32}},"type":"default-arg","locations":[{"start":{"line":101,"column":30},"end":{"line":101,"column":32}}]},"10":{"loc":{"start":{"line":103,"column":4},"end":{"line":103,"column":50}},"type":"if","locations":[{"start":{"line":103,"column":4},"end":{"line":103,"column":50}}]},"11":{"loc":{"start":{"line":131,"column":12},"end":{"line":131,"column":20}},"type":"default-arg","locations":[{"start":{"line":131,"column":19},"end":{"line":131,"column":20}}]},"12":{"loc":{"start":{"line":131,"column":22},"end":{"line":131,"column":32}},"type":"default-arg","locations":[{"start":{"line":131,"column":30},"end":{"line":131,"column":32}}]},"13":{"loc":{"start":{"line":133,"column":4},"end":{"line":133,"column":38}},"type":"if","locations":[{"start":{"line":133,"column":4},"end":{"line":133,"column":38}}]},"14":{"loc":{"start":{"line":162,"column":29},"end":{"line":162,"column":37}},"type":"default-arg","locations":[{"start":{"line":162,"column":36},"end":{"line":162,"column":37}}]},"15":{"loc":{"start":{"line":162,"column":39},"end":{"line":162,"column":49}},"type":"default-arg","locations":[{"start":{"line":162,"column":47},"end":{"line":162,"column":49}}]},"16":{"loc":{"start":{"line":164,"column":4},"end":{"line":164,"column":65}},"type":"if","locations":[{"start":{"line":164,"column":4},"end":{"line":164,"column":65}}]},"17":{"loc":{"start":{"line":230,"column":4},"end":{"line":234,"column":5}},"type":"if","locations":[{"start":{"line":230,"column":4},"end":{"line":234,"column":5}}]},"18":{"loc":{"start":{"line":266,"column":12},"end":{"line":266,"column":20}},"type":"default-arg","locations":[{"start":{"line":266,"column":19},"end":{"line":266,"column":20}}]},"19":{"loc":{"start":{"line":266,"column":22},"end":{"line":266,"column":32}},"type":"default-arg","locations":[{"start":{"line":266,"column":30},"end":{"line":266,"column":32}}]},"20":{"loc":{"start":{"line":326,"column":4},"end":{"line":326,"column":63}},"type":"if","locations":[{"start":{"line":326,"column":4},"end":{"line":326,"column":63}}]},"21":{"loc":{"start":{"line":377,"column":12},"end":{"line":377,"column":20}},"type":"default-arg","locations":[{"start":{"line":377,"column":19},"end":{"line":377,"column":20}}]},"22":{"loc":{"start":{"line":377,"column":22},"end":{"line":377,"column":32}},"type":"default-arg","locations":[{"start":{"line":377,"column":30},"end":{"line":377,"column":32}}]},"23":{"loc":{"start":{"line":379,"column":4},"end":{"line":384,"column":5}},"type":"if","locations":[{"start":{"line":379,"column":4},"end":{"line":384,"column":5}}]},"24":{"loc":{"start":{"line":416,"column":15},"end":{"line":416,"column":43}},"type":"binary-expr","locations":[{"start":{"line":416,"column":15},"end":{"line":416,"column":35}},{"start":{"line":416,"column":39},"end":{"line":416,"column":43}}]},"25":{"loc":{"start":{"line":446,"column":4},"end":{"line":446,"column":68}},"type":"if","locations":[{"start":{"line":446,"column":4},"end":{"line":446,"column":68}}]},"26":{"loc":{"start":{"line":449,"column":13},"end":{"line":449,"column":41}},"type":"binary-expr","locations":[{"start":{"line":449,"column":13},"end":{"line":449,"column":33}},{"start":{"line":449,"column":37},"end":{"line":449,"column":41}}]},"27":{"loc":{"start":{"line":471,"column":4},"end":{"line":471,"column":68}},"type":"if","locations":[{"start":{"line":471,"column":4},"end":{"line":471,"column":68}}]},"28":{"loc":{"start":{"line":482,"column":4},"end":{"line":482,"column":68}},"type":"if","locations":[{"start":{"line":482,"column":4},"end":{"line":482,"column":68}}]},"29":{"loc":{"start":{"line":491,"column":12},"end":{"line":491,"column":20}},"type":"default-arg","locations":[{"start":{"line":491,"column":19},"end":{"line":491,"column":20}}]},"30":{"loc":{"start":{"line":491,"column":22},"end":{"line":491,"column":32}},"type":"default-arg","locations":[{"start":{"line":491,"column":30},"end":{"line":491,"column":32}}]},"31":{"loc":{"start":{"line":495,"column":4},"end":{"line":495,"column":68}},"type":"if","locations":[{"start":{"line":495,"column":4},"end":{"line":495,"column":68}}]},"32":{"loc":{"start":{"line":533,"column":4},"end":{"line":533,"column":65}},"type":"if","locations":[{"start":{"line":533,"column":4},"end":{"line":533,"column":65}}]},"33":{"loc":{"start":{"line":544,"column":4},"end":{"line":544,"column":65}},"type":"if","locations":[{"start":{"line":544,"column":4},"end":{"line":544,"column":65}}]},"34":{"loc":{"start":{"line":555,"column":4},"end":{"line":555,"column":33}},"type":"if","locations":[{"start":{"line":555,"column":4},"end":{"line":555,"column":33}}]},"35":{"loc":{"start":{"line":557,"column":4},"end":{"line":559,"column":5}},"type":"if","locations":[{"start":{"line":557,"column":4},"end":{"line":559,"column":5}}]},"36":{"loc":{"start":{"line":557,"column":8},"end":{"line":557,"column":68}},"type":"binary-expr","locations":[{"start":{"line":557,"column":8},"end":{"line":557,"column":25}},{"start":{"line":557,"column":29},"end":{"line":557,"column":46}},{"start":{"line":557,"column":50},"end":{"line":557,"column":68}}]},"37":{"loc":{"start":{"line":639,"column":8},"end":{"line":641,"column":14}},"type":"cond-expr","locations":[{"start":{"line":640,"column":12},"end":{"line":640,"column":63}},{"start":{"line":641,"column":12},"end":{"line":641,"column":14}}]},"38":{"loc":{"start":{"line":642,"column":8},"end":{"line":642,"column":28}},"type":"binary-expr","locations":[{"start":{"line":642,"column":8},"end":{"line":642,"column":22}},{"start":{"line":642,"column":26},"end":{"line":642,"column":28}}]},"39":{"loc":{"start":{"line":643,"column":9},"end":{"line":643,"column":44}},"type":"binary-expr","locations":[{"start":{"line":643,"column":9},"end":{"line":643,"column":38}},{"start":{"line":643,"column":42},"end":{"line":643,"column":44}}]},"40":{"loc":{"start":{"line":680,"column":8},"end":{"line":682,"column":14}},"type":"cond-expr","locations":[{"start":{"line":681,"column":12},"end":{"line":681,"column":73}},{"start":{"line":682,"column":12},"end":{"line":682,"column":14}}]},"41":{"loc":{"start":{"line":684,"column":8},"end":{"line":684,"column":49}},"type":"cond-expr","locations":[{"start":{"line":684,"column":37},"end":{"line":684,"column":42}},{"start":{"line":684,"column":45},"end":{"line":684,"column":49}}]},"42":{"loc":{"start":{"line":684,"column":15},"end":{"line":684,"column":27}},"type":"binary-expr","locations":[{"start":{"line":684,"column":15},"end":{"line":684,"column":22}},{"start":{"line":684,"column":26},"end":{"line":684,"column":27}}]},"43":{"loc":{"start":{"line":686,"column":8},"end":{"line":686,"column":42}},"type":"binary-expr","locations":[{"start":{"line":686,"column":8},"end":{"line":686,"column":36}},{"start":{"line":686,"column":40},"end":{"line":686,"column":42}}]},"44":{"loc":{"start":{"line":10,"column":39},"end":{"line":10,"column":55}},"type":"cond-expr","locations":[{"start":{"line":10,"column":52},"end":{"line":10,"column":55}},{"start":{"line":10,"column":52},"end":{"line":10,"column":55}}]},"45":{"loc":{"start":{"line":10,"column":39},"end":{"line":10,"column":52}},"type":"binary-expr","locations":[{"start":{"line":10,"column":39},"end":{"line":10,"column":55}},{"start":{"line":10,"column":39},"end":{"line":10,"column":52}}]}},"s":{"0":0,"1":0,"2":0,"3":0,"4":0,"5":0,"6":0,"7":0,"8":0,"9":0,"10":0,"11":0,"12":0,"13":0,"14":0,"15":0,"16":0,"17":0,"18":0,"19":0,"20":0,"21":0,"22":0,"23":0,"24":0,"25":0,"26":0,"27":0,"28":0,"29":0,"30":0,"31":0,"32":0,"33":0,"34":0,"35":0,"36":0,"37":0,"38":0,"39":0,"40":0,"41":0,"42":0,"43":0,"44":0,"45":0,"46":0,"47":0,"48":0,"49":0,"50":0,"51":0,"52":0,"53":0,"54":0,"55":0,"56":0,"57":0,"58":0,"59":0,"60":0,"61":0,"62":0,"63":0,"64":0,"65":0,"66":0,"67":0,"68":0,"69":0,"70":0,"71":0,"72":0,"73":0,"74":0,"75":0,"76":0,"77":0,"78":0,"79":0,"80":0,"81":0,"82":0,"83":0,"84":0,"85":0,"86":0,"87":0,"88":0,"89":0,"90":0,"91":0,"92":0,"93":0,"94":0,"95":0,"96":0,"97":0,"98":0,"99":0,"100":0,"101":0,"102":0,"103":0,"104":0,"105":0,"106":0,"107":0,"108":0,"109":0,"110":0,"111":0,"112":0,"113":0,"114":0,"115":0,"116":0,"117":0,"118":0,"119":0,"120":0},"f":{"0":0,"1":0,"2":0,"3":0,"4":0,"5":0,"6":0,"7":0,"8":0,"9":0,"10":0,"11":0,"12":0,"13":0,"14":0,"15":0,"16":0,"17":0,"18":0,"19":0,"20":0,"21":0,"22":0,"23":0,"24":0,"25":0,"26":0,"27":0,"28":0,"29":0,"30":0,"31":0,"32":0,"33":0,"34":0,"35":0,"36":0,"37":0,"38":0,"39":0,"40":0},"b":{"0":[0,0],"1":[0,0],"2":[0,0],"3":[0,0],"4":[0,0],"5":[0,0],"6":[0,0],"7":[0,0],"8":[0],"9":[0],"10":[0],"11":[0],"12":[0],"13":[0],"14":[0],"15":[0],"16":[0],"17":[0],"18":[0],"19":[0],"20":[0],"21":[0],"22":[0],"23":[0],"24":[0,0],"25":[0],"26":[0,0],"27":[0],"28":[0],"29":[0],"30":[0],"31":[0],"32":[0],"33":[0],"34":[0],"35":[0],"36":[0,0,0],"37":[0,0],"38":[0,0],"39":[0,0],"40":[0,0],"41":[0,0],"42":[0,0],"43":[0,0],"44":[0,0],"45":[0,0]}}
,"/Users/thanhpt/Projects/brain-gym/.claude/worktrees/zealous-lichterman-ab0a57/backend/src/ai-question-bank/ai-question-bank.controller.ts": {"path":"/Users/thanhpt/Projects/brain-gym/.claude/worktrees/zealous-lichterman-ab0a57/backend/src/ai-question-bank/ai-question-bank.controller.ts","statementMap":{"0":{"start":{"line":1,"column":0},"end":{"line":1,"column":null}},"1":{"start":{"line":14,"column":0},"end":{"line":14,"column":59}},"2":{"start":{"line":15,"column":0},"end":{"line":15,"column":null}},"3":{"start":{"line":21,"column":0},"end":{"line":21,"column":61}},"4":{"start":{"line":23,"column":0},"end":{"line":23,"column":67}},"5":{"start":{"line":24,"column":0},"end":{"line":24,"column":65}},"6":{"start":{"line":25,"column":0},"end":{"line":25,"column":58}},"7":{"start":{"line":26,"column":0},"end":{"line":26,"column":68}},"8":{"start":{"line":27,"column":0},"end":{"line":27,"column":69}},"9":{"start":{"line":28,"column":0},"end":{"line":28,"column":62}},"10":{"start":{"line":29,"column":0},"end":{"line":29,"column":52}},"11":{"start":{"line":30,"column":0},"end":{"line":30,"column":45}},"12":{"start":{"line":36,"column":7},"end":{"line":188,"column":null}},"13":{"start":{"line":38,"column":21},"end":{"line":38,"column":30}},"14":{"start":{"line":39,"column":21},"end":{"line":39,"column":32}},"15":{"start":{"line":47,"column":4},"end":{"line":47,"column":51}},"16":{"start":{"line":56,"column":4},"end":{"line":56,"column":56}},"17":{"start":{"line":65,"column":4},"end":{"line":65,"column":70}},"18":{"start":{"line":74,"column":4},"end":{"line":74,"column":72}},"19":{"start":{"line":85,"column":4},"end":{"line":85,"column":69}},"20":{"start":{"line":97,"column":4},"end":{"line":97,"column":59}},"21":{"start":{"line":109,"column":4},"end":{"line":109,"column":73}},"22":{"start":{"line":115,"column":4},"end":{"line":115,"column":55}},"23":{"start":{"line":121,"column":4},"end":{"line":121,"column":58}},"24":{"start":{"line":132,"column":4},"end":{"line":132,"column":57}},"25":{"start":{"line":145,"column":4},"end":{"line":145,"column":60}},"26":{"start":{"line":156,"column":4},"end":{"line":156,"column":65}},"27":{"start":{"line":165,"column":4},"end":{"line":165,"column":57}},"28":{"start":{"line":175,"column":4},"end":{"line":175,"column":63}},"29":{"start":{"line":186,"column":4},"end":{"line":186,"column":52}},"30":{"start":{"line":36,"column":13},"end":{"line":36,"column":37}},"31":{"start":{"line":46,"column":2},"end":{"line":48,"column":null}},"32":{"start":{"line":52,"column":2},"end":{"line":57,"column":null}},"33":{"start":{"line":61,"column":2},"end":{"line":66,"column":null}},"34":{"start":{"line":70,"column":2},"end":{"line":75,"column":null}},"35":{"start":{"line":81,"column":2},"end":{"line":86,"column":null}},"36":{"start":{"line":93,"column":2},"end":{"line":98,"column":null}},"37":{"start":{"line":104,"column":2},"end":{"line":110,"column":null}},"38":{"start":{"line":114,"column":2},"end":{"line":116,"column":null}},"39":{"start":{"line":120,"column":2},"end":{"line":122,"column":null}},"40":{"start":{"line":128,"column":2},"end":{"line":133,"column":null}},"41":{"start":{"line":141,"column":2},"end":{"line":146,"column":null}},"42":{"start":{"line":152,"column":2},"end":{"line":157,"column":null}},"43":{"start":{"line":161,"column":2},"end":{"line":166,"column":null}},"44":{"start":{"line":170,"column":2},"end":{"line":176,"column":null}},"45":{"start":{"line":185,"column":2},"end":{"line":187,"column":null}},"46":{"start":{"line":36,"column":13},"end":{"line":188,"column":null}}},"fnMap":{"0":{"name":"(anonymous_4)","decl":{"start":{"line":37,"column":2},"end":{"line":37,"column":null}},"loc":{"start":{"line":39,"column":48},"end":{"line":40,"column":6}}},"1":{"name":"(anonymous_5)","decl":{"start":{"line":46,"column":2},"end":{"line":46,"column":15}},"loc":{"start":{"line":46,"column":48},"end":{"line":48,"column":3}}},"2":{"name":"(anonymous_6)","decl":{"start":{"line":52,"column":2},"end":{"line":52,"column":15}},"loc":{"start":{"line":54,"column":32},"end":{"line":57,"column":3}}},"3":{"name":"(anonymous_7)","decl":{"start":{"line":61,"column":2},"end":{"line":61,"column":17}},"loc":{"start":{"line":63,"column":39},"end":{"line":66,"column":3}}},"4":{"name":"(anonymous_8)","decl":{"start":{"line":70,"column":2},"end":{"line":70,"column":19}},"loc":{"start":{"line":72,"column":39},"end":{"line":75,"column":3}}},"5":{"name":"(anonymous_9)","decl":{"start":{"line":81,"column":2},"end":{"line":81,"column":14}},"loc":{"start":{"line":83,"column":54},"end":{"line":86,"column":3}}},"6":{"name":"(anonymous_10)","decl":{"start":{"line":93,"column":2},"end":{"line":93,"column":20}},"loc":{"start":{"line":95,"column":34},"end":{"line":98,"column":3}}},"7":{"name":"(anonymous_11)","decl":{"start":{"line":104,"column":2},"end":{"line":104,"column":19}},"loc":{"start":{"line":107,"column":78},"end":{"line":110,"column":3}}},"8":{"name":"(anonymous_12)","decl":{"start":{"line":114,"column":2},"end":{"line":114,"column":13}},"loc":{"start":{"line":114,"column":71},"end":{"line":116,"column":3}}},"9":{"name":"(anonymous_13)","decl":{"start":{"line":120,"column":2},"end":{"line":120,"column":16}},"loc":{"start":{"line":120,"column":74},"end":{"line":122,"column":3}}},"10":{"name":"(anonymous_14)","decl":{"start":{"line":128,"column":2},"end":{"line":128,"column":16}},"loc":{"start":{"line":130,"column":37},"end":{"line":133,"column":3}}},"11":{"name":"(anonymous_15)","decl":{"start":{"line":141,"column":2},"end":{"line":141,"column":19}},"loc":{"start":{"line":143,"column":37},"end":{"line":146,"column":3}}},"12":{"name":"(anonymous_16)","decl":{"start":{"line":152,"column":2},"end":{"line":152,"column":24}},"loc":{"start":{"line":154,"column":42},"end":{"line":157,"column":3}}},"13":{"name":"(anonymous_17)","decl":{"start":{"line":161,"column":2},"end":{"line":161,"column":14}},"loc":{"start":{"line":163,"column":33},"end":{"line":166,"column":3}}},"14":{"name":"(anonymous_18)","decl":{"start":{"line":170,"column":2},"end":{"line":170,"column":12}},"loc":{"start":{"line":173,"column":30},"end":{"line":176,"column":3}}},"15":{"name":"(anonymous_19)","decl":{"start":{"line":185,"column":2},"end":{"line":185,"column":11}},"loc":{"start":{"line":185,"column":71},"end":{"line":187,"column":3}}}},"branchMap":{"0":{"loc":{"start":{"line":172,"column":19},"end":{"line":172,"column":27}},"type":"default-arg","locations":[{"start":{"line":172,"column":26},"end":{"line":172,"column":27}}]},"1":{"loc":{"start":{"line":173,"column":20},"end":{"line":173,"column":30}},"type":"default-arg","locations":[{"start":{"line":173,"column":28},"end":{"line":173,"column":30}}]},"2":{"loc":{"start":{"line":54,"column":17},"end":{"line":54,"column":null}},"type":"cond-expr","locations":[{"start":{"line":54,"column":32},"end":{"line":54,"column":null}},{"start":{"line":54,"column":32},"end":{"line":54,"column":null}}]},"3":{"loc":{"start":{"line":54,"column":17},"end":{"line":54,"column":32}},"type":"binary-expr","locations":[{"start":{"line":54,"column":17},"end":{"line":54,"column":null}},{"start":{"line":54,"column":17},"end":{"line":54,"column":32}}]},"4":{"loc":{"start":{"line":95,"column":17},"end":{"line":95,"column":null}},"type":"cond-expr","locations":[{"start":{"line":95,"column":34},"end":{"line":95,"column":null}},{"start":{"line":95,"column":34},"end":{"line":95,"column":null}}]},"5":{"loc":{"start":{"line":95,"column":17},"end":{"line":95,"column":34}},"type":"binary-expr","locations":[{"start":{"line":95,"column":17},"end":{"line":95,"column":null}},{"start":{"line":95,"column":17},"end":{"line":95,"column":34}}]},"6":{"loc":{"start":{"line":106,"column":17},"end":{"line":106,"column":null}},"type":"cond-expr","locations":[{"start":{"line":106,"column":34},"end":{"line":106,"column":null}},{"start":{"line":106,"column":34},"end":{"line":106,"column":null}}]},"7":{"loc":{"start":{"line":106,"column":17},"end":{"line":106,"column":34}},"type":"binary-expr","locations":[{"start":{"line":106,"column":17},"end":{"line":106,"column":null}},{"start":{"line":106,"column":17},"end":{"line":106,"column":34}}]},"8":{"loc":{"start":{"line":130,"column":17},"end":{"line":130,"column":null}},"type":"cond-expr","locations":[{"start":{"line":130,"column":37},"end":{"line":130,"column":null}},{"start":{"line":130,"column":37},"end":{"line":130,"column":null}}]},"9":{"loc":{"start":{"line":130,"column":17},"end":{"line":130,"column":37}},"type":"binary-expr","locations":[{"start":{"line":130,"column":17},"end":{"line":130,"column":null}},{"start":{"line":130,"column":17},"end":{"line":130,"column":37}}]},"10":{"loc":{"start":{"line":143,"column":17},"end":{"line":143,"column":null}},"type":"cond-expr","locations":[{"start":{"line":143,"column":37},"end":{"line":143,"column":null}},{"start":{"line":143,"column":37},"end":{"line":143,"column":null}}]},"11":{"loc":{"start":{"line":143,"column":17},"end":{"line":143,"column":37}},"type":"binary-expr","locations":[{"start":{"line":143,"column":17},"end":{"line":143,"column":null}},{"start":{"line":143,"column":17},"end":{"line":143,"column":37}}]},"12":{"loc":{"start":{"line":154,"column":17},"end":{"line":154,"column":null}},"type":"cond-expr","locations":[{"start":{"line":154,"column":42},"end":{"line":154,"column":null}},{"start":{"line":154,"column":42},"end":{"line":154,"column":null}}]},"13":{"loc":{"start":{"line":154,"column":17},"end":{"line":154,"column":42}},"type":"binary-expr","locations":[{"start":{"line":154,"column":17},"end":{"line":154,"column":null}},{"start":{"line":154,"column":17},"end":{"line":154,"column":42}}]},"14":{"loc":{"start":{"line":185,"column":59},"end":{"line":185,"column":null}},"type":"cond-expr","locations":[{"start":{"line":185,"column":71},"end":{"line":185,"column":null}},{"start":{"line":185,"column":71},"end":{"line":185,"column":null}}]},"15":{"loc":{"start":{"line":185,"column":59},"end":{"line":185,"column":71}},"type":"binary-expr","locations":[{"start":{"line":185,"column":59},"end":{"line":185,"column":null}},{"start":{"line":185,"column":59},"end":{"line":185,"column":71}}]},"16":{"loc":{"start":{"line":38,"column":30},"end":{"line":38,"column":null}},"type":"cond-expr","locations":[{"start":{"line":38,"column":51},"end":{"line":38,"column":null}},{"start":{"line":38,"column":51},"end":{"line":38,"column":null}}]},"17":{"loc":{"start":{"line":38,"column":30},"end":{"line":38,"column":51}},"type":"binary-expr","locations":[{"start":{"line":38,"column":30},"end":{"line":38,"column":null}},{"start":{"line":38,"column":30},"end":{"line":38,"column":51}}]},"18":{"loc":{"start":{"line":38,"column":51},"end":{"line":39,"column":null}},"type":"cond-expr","locations":[{"start":{"line":39,"column":48},"end":{"line":39,"column":null}},{"start":{"line":39,"column":48},"end":{"line":39,"column":null}}]},"19":{"loc":{"start":{"line":38,"column":51},"end":{"line":39,"column":48}},"type":"binary-expr","locations":[{"start":{"line":38,"column":51},"end":{"line":39,"column":null}},{"start":{"line":39,"column":32},"end":{"line":39,"column":48}}]}},"s":{"0":0,"1":0,"2":0,"3":0,"4":0,"5":0,"6":0,"7":0,"8":0,"9":0,"10":0,"11":0,"12":0,"13":0,"14":0,"15":0,"16":0,"17":0,"18":0,"19":0,"20":0,"21":0,"22":0,"23":0,"24":0,"25":0,"26":0,"27":0,"28":0,"29":0,"30":0,"31":0,"32":0,"33":0,"34":0,"35":0,"36":0,"37":0,"38":0,"39":0,"40":0,"41":0,"42":0,"43":0,"44":0,"45":0,"46":0},"f":{"0":0,"1":0,"2":0,"3":0,"4":0,"5":0,"6":0,"7":0,"8":0,"9":0,"10":0,"11":0,"12":0,"13":0,"14":0,"15":0},"b":{"0":[0],"1":[0],"2":[0,0],"3":[0,0],"4":[0,0],"5":[0,0],"6":[0,0],"7":[0,0],"8":[0,0],"9":[0,0],"10":[
[...]
":{"line":182,"column":42},"end":{"line":184,"column":3}}}},"branchMap":{"0":{"loc":{"start":{"line":52,"column":19},"end":{"line":52,"column":46}},"type":"binary-expr","locations":[{"start":{"line":52,"column":19},"end":{"line":52,"column":31}},{"start":{"line":52,"column":35},"end":{"line":52,"column":46}}]},"1":{"loc":{"start":{"line":87,"column":14},"end":{"line":87,"column":41}},"type":"binary-expr","locations":[{"start":{"line":87,"column":14},"end":{"line":87,"column":26}},{"start":{"line":87,"column":30},"end":{"line":87,"column":41}}]},"2":{"loc":{"start":{"line":112,"column":14},"end":{"line":112,"column":41}},"type":"binary-expr","locations":[{"start":{"line":112,"column":14},"end":{"line":112,"column":26}},{"start":{"line":112,"column":30},"end":{"line":112,"column":41}}]},"3":{"loc":{"start":{"line":133,"column":14},"end":{"line":133,"column":41}},"type":"binary-expr","locations":[{"start":{"line":133,"column":14},"end":{"line":133,"column":26}},{"start":{"line":133,"column":30},"end":{"line":133,"column":41}}]},"4":{"loc":{"start":{"line":150,"column":14},"end":{"line":150,"column":41}},"type":"binary-expr","locations":[{"start":{"line":150,"column":14},"end":{"line":150,"column":26}},{"start":{"line":150,"column":30},"end":{"line":150,"column":41}}]},"5":{"loc":{"start":{"line":170,"column":14},"end":{"line":170,"column":41}},"type":"binary-expr","locations":[{"start":{"line":170,"column":14},"end":{"line":170,"column":26}},{"start":{"line":170,"column":30},"end":{"line":170,"column":41}}]},"6":{"loc":{"start":{"line":51,"column":46},"end":{"line":51,"column":null}},"type":"cond-expr","locations":[{"start":{"line":51,"column":62},"end":{"line":51,"column":null}},{"start":{"line":51,"column":62},"end":{"line":51,"column":null}}]},"7":{"loc":{"start":{"line":51,"column":46},"end":{"line":51,"column":62}},"type":"binary-expr","locations":[{"start":{"line":51,"column":46},"end":{"line":51,"column":null}},{"start":{"line":51,"column":46},"end":{"line":51,"column":62}}]},"8":{"loc":{"start":{"line":66,"column":26},"end":{"line":66,"column":null}},"type":"cond-expr","locations":[{"start":{"line":66,"column":39},"end":{"line":66,"column":null}},{"start":{"line":66,"column":39},"end":{"line":66,"column":null}}]},"9":{"loc":{"start":{"line":66,"column":26},"end":{"line":66,"column":39}},"type":"binary-expr","locations":[{"start":{"line":66,"column":26},"end":{"line":66,"column":null}},{"start":{"line":66,"column":26},"end":{"line":66,"column":39}}]},"10":{"loc":{"start":{"line":83,"column":17},"end":{"line":83,"column":null}},"type":"cond-expr","locations":[{"start":{"line":83,"column":34},"end":{"line":83,"column":null}},{"start":{"line":83,"column":34},"end":{"line":83,"column":null}}]},"11":{"loc":{"start":{"line":83,"column":17},"end":{"line":83,"column":34}},"type":"binary-expr","locations":[{"start":{"line":83,"column":17},"end":{"line":83,"column":null}},{"start":{"line":83,"column":17},"end":{"line":83,"column":34}}]},"12":{"loc":{"start":{"line":104,"column":17},"end":{"line":104,"column":null}},"type":"cond-expr","locations":[{"start":{"line":104,"column":31},"end":{"line":104,"column":null}},{"start":{"line":104,"column":31},"end":{"line":104,"column":null}}]},"13":{"loc":{"start":{"line":104,"column":17},"end":{"line":104,"column":31}},"type":"binary-expr","locations":[{"start":{"line":104,"column":17},"end":{"line":104,"column":null}},{"start":{"line":104,"column":17},"end":{"line":104,"column":31}}]},"14":{"loc":{"start":{"line":129,"column":17},"end":{"line":129,"column":null}},"type":"cond-expr","locations":[{"start":{"line":129,"column":27},"end":{"line":129,"column":null}},{"start":{"line":129,"column":27},"end":{"line":129,"column":null}}]},"15":{"loc":{"start":{"line":129,"column":17},"end":{"line":129,"column":27}},"type":"binary-expr","locations":[{"start":{"line":129,"column":17},"end":{"line":129,"column":null}},{"start":{"line":129,"column":17},"end":{"line":129,"column":27}}]},"16":{"loc":{"start":{"line":34,"column":35},"end":{"line":34,"column":null}},"type":"cond-expr","locations":[{"start":{"line":34,"column":47},"end":{"line":34,"column":null}},{"start":{"line":34,"column":47},"end":{"line":34,"column":null}}]},"17":{"loc":{"start":{"line":34,"column":35},"end":{"line":34,"column":47}},"type":"binary-expr","locations":[{"start":{"line":34,"column":35},"end":{"line":34,"column":null}},{"start":{"line":34,"column":35},"end":{"line":34,"column":47}}]},"18":{"loc":{"start":{"line":34,"column":47},"end":{"line":35,"column":null}},"type":"cond-expr","locations":[{"start":{"line":35,"column":47},"end":{"line":35,"column":null}},{"start":{"line":35,"column":47},"end":{"line":35,"column":null}}]},"19":{"loc":{"start":{"line":34,"column":47},"end":{"line":35,"column":47}},"type":"binary-expr","locations":[{"start":{"line":34,"column":47},"end":{"line":35,"column":null}},{"start":{"line":35,"column":35},"end":{"line":35,"column":47}}]}},"s":{"0":0,"1":0,"2":0,"3":0,"4":0,"5":0,"6":0,"7":0,"8":0,"9":0,"10":0,"11":0,"12":0,"13":0,"14":0,"15":0,"16":0,"17":0,"18":0,"19":0,"20":0,"21":0,"22":0,"23":0,"24":0,"25":0,"26":0,"27":0,"28":0,"29":0,"30":0,"31":0,"32":0,"33":0,"34":0,"35":0,"36":0,"37":0,"38":0,"39":0,"40":0,"41":0,"42":0,"43":0,"44":0,"45":0,"46":0,"47":0,"48":0},"f":{"0":0,"1":0,"2":0,"3":0,"4":0,"5":0,"6":0,"7":0,"8":0,"9":0},"b":{"0":[0,0],"1":[0,0],"2":[0,0],"3":[0,0],"4":[0,0],"5":[0,0],"6":[0,0],"7":[0,0],"8":[0,0],"9":[0,0],"10":[0,0],"11":[0,0],"12":[0,0],"13":[0,0],"14":[0,0],"15":[0,0],"16":[0,0],"17":[0,0],"18":[0,0],"19":[0,0]}}
,"/Users/thanhpt/Projects/brain-gym/.claude/worktrees/zealous-lichterman-ab0a57/backend/src/users/users.module.ts": {"path":"/Users/thanhpt/Projects/brain-gym/.claude/worktrees/zealous-lichterman-ab0a57/backend/src/users/users.module.ts","statementMap":{"0":{"start":{"line":1,"column":0},"end":{"line":1,"column":40}},"1":{"start":{"line":2,"column":0},"end":{"line":2,"column":47}},"2":{"start":{"line":3,"column":0},"end":{"line":3,"column":53}},"3":{"start":{"line":10,"column":7},"end":{"line":10,"column":null}},"4":{"start":{"line":10,"column":13},"end":{"line":10,"column":24}},"5":{"start":{"line":10,"column":13},"end":{"line":10,"column":null}}},"fnMap":{},"branchMap":{},"s":{"0":0,"1":0,"2":0,"3":0,"4":0,"5":0},"f":{},"b":{}}
,"/Users/thanhpt/Projects/brain-gym/.claude/worktrees/zealous-lichterman-ab0a57/backend/src/users/users.service.ts": {"path":"/Users/thanhpt/Projects/brain-gym/.claude/worktrees/zealous-lichterman-ab0a57/backend/src/users/users.service.ts","statementMap":{"0":{"start":{"line":1,"column":0},"end":{"line":1,"column":null}},"1":{"start":{"line":6,"column":0},"end":{"line":6,"column":57}},"2":{"start":{"line":9,"column":0},"end":{"line":9,"column":75}},"3":{"start":{"line":10,"column":0},"end":{"line":10,"column":35}},"4":{"start":{"line":12,"column":21},"end":{"line":23,"column":2}},"5":{"start":{"line":26,"column":7},"end":{"line":200,"column":null}},"6":{"start":{"line":27,"column":22},"end":{"line":27,"column":30}},"7":{"start":{"line":30,"column":17},"end":{"line":30,"column":39}},"8":{"start":{"line":31,"column":27},"end":{"line":31,"column":74}},"9":{"start":{"line":32,"column":4},"end":{"line":38,"column":7}},"10":{"start":{"line":42,"column":4},"end":{"line":42,"column":61}},"11":{"start":{"line":46,"column":4},"end":{"line":46,"column":58}},"12":{"start":{"line":50,"column":17},"end":{"line":50,"column":35}},"13":{"start":{"line":51,"column":23},"end":{"line":51,"column":25}},"14":{"start":{"line":52,"column":4},"end":{"line":57,"column":5}},"15":{"start":{"line":53,"column":6},"end":{"line":56,"column":8}},"16":{"start":{"line":59,"column":27},"end":{"line":76,"column":6}},"17":{"start":{"line":78,"column":4},"end":{"line":81,"column":6}},"18":{"start":{"line":85,"column":17},"end":{"line":85,"column":77}},"19":{"start":{"line":86,"column":4},"end":{"line":86,"column":61}},"20":{"start":{"line":86,"column":15},"end":{"line":86,"column":61}},"21":{"start":{"line":88,"column":4},"end":{"line":92,"column":7}},"22":{"start":{"line":96,"column":22},"end":{"line":96,"column":24}},"23":{"start":{"line":97,"column":4},"end":{"line":97,"column":74}},"24":{"start":{"line":97,"column":39},"end":{"line":97,"column":74}},"25":{"start":{"line":98,"column":4},"end":{"line":98,"column":68}},"26":{"start":{"line":98,"column":37},"end":{"line":98,"column":68}},"27":{"start":{"line":100,"column":4},"end":{"line":104,"column":7}},"28":{"start":{"line":108,"column":17},"end":{"line":123,"column":6}},"29":{"start":{"line":125,"column":4},"end":{"line":125,"column":61}},"30":{"start":{"line":125,"column":15},"end":{"line":125,"column":61}},"31":{"start":{"line":127,"column":4},"end":{"line":136,"column":6}},"32":{"start":{"line":129,"column":43},"end":{"line":134,"column":8}},"33":{"start":{"line":140,"column":17},"end":{"line":140,"column":77}},"34":{"start":{"line":141,"column":4},"end":{"line":141,"column":61}},"35":{"start":{"line":141,"column":15},"end":{"line":141,"column":61}},"36":{"start":{"line":142,"column":4},"end":{"line":144,"column":5}},"37":{"start":{"line":143,"column":6},"end":{"line":143,"column":67}},"38":{"start":{"line":146,"column":4},"end":{"line":154,"column":7}},"39":{"start":{"line":158,"column":17},"end":{"line":158,"column":77}},"40":{"start":{"line":159,"column":4},"end":{"line":159,"column":61}},"41":{"start":{"line":159,"column":15},"end":{"line":159,"column":61}},"42":{"start":{"line":160,"column":4},"end":{"line":162,"column":5}},"43":{"start":{"line":161,"column":6},"end":{"line":161,"column":63}},"44":{"start":{"line":164,"column":4},"end":{"line":172,"column":7}},"45":{"start":{"line":176,"column":17},"end":{"line":176,"column":77}},"46":{"start":{"line":177,"column":4},"end":{"line":177,"column":61}},"47":{"start":{"line":177,"column":15},"end":{"line":177,"column":61}},"48":{"start":{"line":179,"column":4},"end":{"line":187,"column":7}},"49":{"start":{"line":191,"column":17},"end":{"line":191,"column":77}},"50":{"start":{"line":192,"column":4},"end":{"line":192,"column":61}},"51":{"start":{"line":192,"column":15},"end":{"line":192,"column":61}},"52":{"start":{"line":194,"column":4},"end":{"line":198,"column":7}},"53":{"start":{"line":26,"column":13},"end":{"line":26,"column":25}},"54":{"start":{"line":26,"column":13},"end":{"line":200,"column":null}}},"fnMap":{"0":{"name":"(anonymous_11)","decl":{"start":{"line":27,"column":2},"end":{"line":27,"column":22}},"loc":{"start":{"line":27,"column":43},"end":{"line":27,"column":47}}},"1":{"name":"(anonymous_12)","decl":{"start":{"line":29,"column":2},"end":{"line":29,"column":7}},"loc":{"start":{"line":29,"column":43},"end":{"line":39,"column":3}}},"2":{"name":"(anonymous_13)","decl":{"start":{"line":41,"column":2},"end":{"line":41,"column":7}},"loc":{"start":{"line":41,"column":33},"end":{"line":43,"column":3}}},"3":{"name":"(anonymous_14)","decl":{"start":{"line":45,"column":2},"end":{"line":45,"column":7}},"loc":{"start":{"line":45,"column":27},"end":{"line":47,"column":3}}},"4":{"name":"(anonymous_15)","decl":{"start":{"line":49,"column":2},"end":{"line":49,"column":7}},"loc":{"start":{"line":49,"column":53},"end":{"line":82,"column":3}}},"5":{"name":"(anonymous_16)","decl":{"start":{"line":84,"column":2},"end":{"line":84,"column":7}},"loc":{"start":{"line":84,"column":49},"end":{"line":93,"column":3}}},"6":{"name":"(anonymous_17)","decl":{"start":{"line":95,"column":2},"end":{"line":95,"column":7}},"loc":{"start":{"line":95,"column":59},"end":{"line":105,"column":3}}},"7":{"name":"(anonymous_18)","decl":{"start":{"line":107,"column":2},"end":{"line":107,"column":7}},"loc":{"start":{"line":107,"column":39},"end":{"line":137,"column":3}}},"8":{"name":"(anonymous_19)","decl":{"start":{"line":129,"column":35},"end":{"line":129,"column":36}},"loc":{"start":{"line":129,"column":43},"end":{"line":134,"column":8}}},"9":{"name":"(anonymous_20)","decl":{"start":{"line":139,"column":2},"end":{"line":139,"column":7}},"loc":{"start":{"line":139,"column":75},"end":{"line":155,"column":3}}},"10":{"name":"(anonymous_21)","decl":{"start":{"line":157,"column":2},"end":{"line":157,"column":7}},"loc":{"start":{"line":157,"column":46},"end":{"line":173,"column":3}}},"11":{"name":"(anonymous_22)","decl":{"start":{"line":175,"column":2},"end":{"line":175,"column":7}},"loc":{"start":{"line":175,"column":37},"end":{"line":188,"column":3}}},"12":{"name":"(anonymous_23)","decl":{"start":{"line":190,"column":2},"end":{"line":190,"column":7}},"loc":{"start":{"line":190,"column":51},"end":{"line":199,"column":3}}}},"branchMap":{"0":{"loc":{"start":{"line":49,"column":33},"end":{"line":49,"column":41}},"type":"default-arg","locations":[{"start":{"line":49,"column":40},"end":{"line":49,"column":41}}]},"1":{"loc":{"start":{"line":49,"column":43},"end":{"line":49,"column":53}},"type":"default-arg","locations":[{"start":{"line":49,"column":51},"end":{"line":49,"column":53}}]},"2":{"loc":{"start":{"line":52,"column":4},"end":{"line":57,"column":5}},"type":"if","locations":[{"start":{"line":52,"column":4},"end":{"line":57,"column":5}}]},"3":{"loc":{"start":{"line":86,"column":4},"end":{"line":86,"column":61}},"type":"if","locations":[{"start":{"line":86,"column":4},"end":{"line":86,"column":61}}]},"4":{"loc":{"start":{"line":97,"column":4},"end":{"line":97,"column":74}},"type":"if","locations":[{"start":{"line":97,"column":4},"end":{"line":97,"column":74}}]},"5":{"loc":{"start":{"line":98,"column":4},"end":{"line":98,"column":68}},"type":"if","locations":[{"start":{"line":98,"column":4},"end":{"line":98,"column":68}}]},"6":{"loc":{"start":{"line":125,"column":4},"end":{"line":125,"column":61}},"type":"if","locations":[{"start":{"line":125,"column":4},"end":{"line":125,"column":61}}]},"7":{"loc":{"start":{"line":141,"column":4},"end":{"line":141,"column":61}},"type":"if","locations":[{"start":{"line":141,"column":4},"end":{"line":141,"column":61}}]},"8":{"loc":{"start":{"line":142,"column":4},"end":{"line":144,"column":5}},"type":"if","locations":[{"start":{"line":142,"column":4},"end":{"line":144,"column":5}}]},"9":{"loc":{"start":{"line":151,"column":24},"end":{"line":151,"column":72}},"type":"cond-expr","locations":[{"start":{"line":151,"column":41},"end":{"line":151,"column":65}},{"start":{"line":151,"column":68},"end":{"line":151,"column":72}}]},"10":{"loc":{"start":{"line":159,"column":4},"end":{"line":159,"column":61}},"type":"if","locations":[{"start":{"line":159,"column":4},"end":{"line":159,"column":61}}]},"11":{"loc":{"start":{"line":160,"column":4},"end":{"line":162,"column":5}},"type":"if","locations":[{"start":{"line":160,"column":4},"end":{"line":162,"column":5}}]},"12":{"loc":{"start":{"line":177,"column":4},"end":{"line":177,"column":61}},"type":"if","locations":[{"start":{"line":177,"column":4},"end":{"line":177,"column":61}}]},"13":{"loc":{"start":{"line":192,"column":4},"end":{"line":192,"column":61}},"type":"if","locations":[{"start":{"line":192,"column":4},"end":{"line":192,"column":61}}]},"14":{"loc":{"start":{"line":27,"column":30},"end":{"line":27,"column":46}},"type":"cond-expr","locations":[{"start":{"line":27,"column":43},"end":{"line":27,"column":46}},{"start":{"line":27,"column":43},"end":{"line":27,"column":46}}]},"15":{"loc":{"start":{"line":27,"column":30},"end":{"line":27,"column":43}},"type":"binary-expr","locations":[{"start":{"line":27,"column":30},"end":{"line":27,"column":46}},{"start":{"line":27,"column":30},"end":{"line":27,"column":43}}]}},"s":{"0":0,"1":0,"2":0,"3":0,"4":0,"5":0,"6":0,"7":0,"8":0,"9":0,"10":0,"11":0,"12":0,"13":0,"14":0,"15":0,"16":0,"17":0,"18":0,"19":0,"20":0,"21":0,"22":0,"23":0,"24":0,"25":0,"26":0,"27":0,"28":0,"29":0,"30":0,"31":0,"32":0,"33":0,"34":0,"35":0,"36":0,"37":0,"38":0,"39":0,"40":0,"41":0,"42":0,"43":0,"44":0,"45":0,"46":0,"47":0,"48":0,"49":0,"50":0,"51":0,"52":0,"53":0,"54":0},"f":{"0":0,"1":0,"2":0,"3":0,"4":0,"5":0,"6":0,"7":0,"8":0,"9":0,"10":0,"11":0,"12":0},"b":{"0":[0],"1":[0],"2":[0],"3":[0],"4":[0],"5":[0],"6":[0],"7":[0],"8":[0],"9":[0,0],"10":[0],"11":[0],"12":[0],"13":[0],"14":[0,0],"15":[0,0]}}
,"/Users/thanhpt/Projects/brain-gym/.claude/worktrees/zealous-lichterman-ab0a57/backend/src/users/dto/ban-user.dto.ts": {"path":"/Users/thanhpt/Projects/brain-gym/.claude/worktrees/zealous-lichterman-ab0a57/backend/src/users/dto/ban-user.dto.ts","statementMap":{"0":{"start":{"line":1,"column":0},"end":{"line":1,"column":46}},"1":{"start":{"line":2,"column":0},"end":{"line":2,"column":55}},"2":{"start":{"line":4,"column":0},"end":{"line":4,"column":13}},"3":{"start":{"line":8,"column":2},"end":{"line":8,"column":null}}},"fnMap":{},"branchMap":{},"s":{"0":0,"1":0,"2":0,"3":0},"f":{},"b":{}}
,"/Users/thanhpt/Projects/brain-gym/.claude/worktrees/zealous-lichterman-ab0a57/backend/src/users/dto/create-user.dto.ts": {"path":"/Users/thanhpt/Projects/brain-gym/.claude/worktrees/zealous-lichterman-ab0a57/backend/src/users/dto/create-user.dto.ts","statementMap":{"0":{"start":{"line":1,"column":0},"end":{"line":1,"column":75}},"1":{"start":{"line":2,"column":0},"end":{"line":2,"column":46}},"2":{"start":{"line":4,"column":0},"end":{"line":4,"column":13}},"3":{"start":{"line":10,"column":2},"end":{"line":10,"column":null}},"4":{"start":{"line":18,"column":2},"end":{"line":18,"column":null}},"5":{"start":{"line":23,"column":2},"end":{"line":23,"column":null}}},"fnMap":{},"branchMap":{},"s":{"0":0,"1":0,"2":0,"3":0,"4":0,"5":0},"f":{},"b":{}}
,"/Users/thanhpt/Projects/brain-gym/.claude/worktrees/zealous-lichterman-ab0a57/backend/src/users/dto/suspend-user.dto.ts": {"path":"/Users/thanhpt/Projects/brain-gym/.claude/worktrees/zealous-lichterman-ab0a57/backend/src/users/dto/suspend-user.dto.ts","statementMap":{"0":{"start":{"line":1,"column":0},"end":{"line":1,"column":67}},"1":{"start":{"line":2,"column":0},"end":{"line":2,"column":null}},"2":{"start":{"line":9,"column":0},"end":{"line":9,"column":13}},"3":{"start":{"line":13,"column":2},"end":{"line":13,"column":null}},"4":{"start":{"line":18,"column":2},"end":{"line":18,"column":null}}},"fnMap":{},"branchMap":{},"s":{"0":0,"1":0,"2":0,"3":0,"4":0},"f":{},"b":{}}
,"/Users/thanhpt/Projects/brain-gym/.claude/worktrees/zealous-lichterman-ab0a57/backend/src/users/dto/update-profile.dto.ts": {"path":"/Users/thanhpt/Projects/brain-gym/.claude/worktrees/zealous-lichterman-ab0a57/backend/src/users/dto/update-profile.dto.ts","statementMap":{"0":{"start":{"line":1,"column":0},"end":{"line":1,"column":54}},"1":{"start":{"line":2,"column":0},"end":{"line":2,"column":73}},"2":{"start":{"line":4,"column":0},"end":{"line":4,"column":13}},"3":{"start":{"line":9,"column":2},"end":{"line":9,"column":null}},"4":{"start":{"line":14,"column":2},"end":{"line":14,"column":null}}},"fnMap":{},"branchMap":{},"s":{"0":0,"1":0,"2":0,"3":0,"4":0},"f":{},"b":{}}
,"/Users/thanhpt/Projects/brain-gym/.claude/worktrees/zealous-lichterman-ab0a57/backend/src/users/dto/update-user-role.dto.ts": {"path":"/Users/thanhpt/Projects/brain-gym/.claude/worktrees/zealous-lichterman-ab0a57/backend/src/users/dto/update-user-role.dto.ts","statementMap":{"0":{"start":{"line":1,"column":0},"end":{"line":1,"column":46}},"1":{"start":{"line":2,"column":0},"end":{"line":2,"column":41}},"2":{"start":{"line":3,"column":0},"end":{"line":3,"column":42}},"3":{"start":{"line":5,"column":0},"end":{"line":5,"column":13}},"4":{"start":{"line":8,"column":2},"end":{"line":8,"column":null}}},"fnMap":{},"branchMap":{"0":{"loc":{"start":{"line":8,"column":8},"end":{"line":8,"column":17}},"type":"cond-expr","locations":[{"start":{"line":8,"column":16},"end":{"line":8,"column":17}},{"start":{"line":8,"column":16},"end":{"line":8,"column":17}}]},"1":{"loc":{"start":{"line":8,"column":8},"end":{"line":8,"column":16}},"type":"binary-expr","locations":[{"start":{"line":8,"column":8},"end":{"line":8,"column":17}},{"start":{"line":8,"column":8},"end":{"line":8,"column":16}}]}},"s":{"0":0,"1":0,"2":0,"3":0,"4":0},"f":{},"b":{"0":[0,0],"1":[0,0]}}
}
