TN:
SF:src/app.controller.ts
FN:6,(anonymous_2)
FN:9,(anonymous_3)
FNF:2
FNH:0
FNDA:0,(anonymous_2)
FNDA:0,(anonymous_3)
DA:1,0
DA:2,0
DA:5,0
DA:6,0
DA:9,0
DA:10,0
LF:6
LH:0
BRDA:6,0,0,0
BRDA:6,0,1,0
BRDA:6,1,0,0
BRDA:6,1,1,0
BRF:4
BRH:0
end_of_record
TN:
SF:src/app.module.ts
FNF:0
FNH:0
DA:1,0
DA:2,0
DA:3,0
DA:4,0
DA:5,0
DA:6,0
DA:7,0
DA:8,0
DA:9,0
DA:10,0
DA:11,0
DA:12,0
DA:13,0
DA:14,0
DA:15,0
DA:16,0
DA:17,0
DA:18,0
DA:19,0
DA:20,0
DA:21,0
DA:22,0
DA:23,0
DA:24,0
DA:25,0
DA:26,0
DA:27,0
DA:28,0
DA:29,0
DA:30,0
DA:31,0
DA:32,0
DA:33,0
DA:34,0
DA:86,0
LF:35
LH:0
BRF:0
BRH:0
end_of_record
TN:
SF:src/app.service.ts
FN:5,(anonymous_1)
FNF:1
FNH:0
FNDA:0,(anonymous_1)
DA:1,0
DA:4,0
DA:6,0
LF:3
LH:0
BRF:0
BRH:0
end_of_record
TN:
SF:src/main.ts
FN:6,validateEnv
FN:15,bootstrap
FN:25,(anonymous_2)
FNF:3
FNH:0
FNDA:0,validateEnv
FNDA:0,bootstrap
FNDA:0,(anonymous_2)
DA:1,0
DA:2,0
DA:3,0
DA:4,0
DA:7,0
DA:8,0
DA:9,0
DA:10,0
DA:16,0
DA:18,0
DA:21,0
DA:24,0
DA:25,0
DA:27,0
DA:33,0
DA:44,0
DA:65,0
DA:66,0
DA:72,0
DA:73,0
DA:74,0
DA:75,0
DA:77,0
LF:23
LH:0
BRDA:9,0,0,0
BRDA:24,1,0,0
BRDA:24,1,1,0
BRDA:72,2,0,0
BRDA:72,2,1,0
BRF:5
BRH:0
end_of_record
TN:
SF:src/mcp-server.ts
FN:48,callIntakeApi
FN:62,(anonymous_1)
FN:139,(anonymous_2)
FN:192,(anonymous_3)
FN:227,main
FN:233,(anonymous_5)
FNF:6
FNH:0
FNDA:0,callIntakeApi
FNDA:0,(anonymous_1)
FNDA:0,(anonymous_2)
FNDA:0,(anonymous_3)
FNDA:0,main
FNDA:0,(anonymous_5)
DA:29,0
DA:30,0
DA:31,0
DA:35,0
DA:36,0
DA:38,0
DA:39,0
DA:43,0
DA:53,0
DA:54,0
DA:62,0
DA:63,0
DA:68,0
DA:75,0
DA:81,0
DA:106,0
DA:140,0
DA:141,0
DA:143,0
DA:144,0
DA:155,0
DA:160,0
DA:173,0
DA:188,0
DA:192,0
DA:228,0
DA:229,0
DA:230,0
DA:233,0
DA:234,0
DA:235,0
LF:31
LH:0
BRDA:35,0,0,0
BRDA:35,0,1,0
BRDA:36,1,0,0
BRDA:36,1,1,0
BRDA:38,2,0,0
BRDA:143,3,0,0
BRDA:168,4,0,0
BRDA:168,4,1,0
BRF:8
BRH:0
end_of_record
TN:
SF:src/admin/admin.controller.ts
FN:35,(anonymous_4)
FN:42,(anonymous_5)
FN:55,(anonymous_6)
FN:76,(anonymous_7)
FN:93,(anonymous_8)
FN:112,(anonymous_9)
FN:132,(anonymous_10)
FN:143,(anonymous_11)
FN:157,(anonymous_12)
FN:163,(anonymous_13)
FN:176,(anonymous_14)
FN:178,(anonymous_15)
FN:191,(anonymous_16)
FN:204,(anonymous_17)
FN:212,(anonymous_18)
FN:230,(anonymous_19)
FN:242,(anonymous_20)
FN:244,(anonymous_21)
FN:259,(anonymous_22)
FN:270,(anonymous_23)
FN:284,(anonymous_24)
FN:296,(anonymous_25)
FN:309,(anonymous_26)
FN:311,(anonymous_27)
FN:324,(anonymous_28)
FN:330,(anonymous_29)
FN:344,(anonymous_30)
FN:350,(anonymous_31)
FN:364,(anonymous_32)
FN:372,(anonymous_33)
FN:393,(anonymous_34)
FN:418,(anonymous_35)
FN:442,(anonymous_36)
FN:456,(anonymous_37)
FN:462,(anonymous_38)
FN:490,(anonymous_39)
FN:509,(anonymous_40)
FN:522,(anonymous_41)
FN:546,(anonymous_42)
FN:566,(anonymous_43)
FN:575,(anonymous_44)
FN:587,(anonymous_45)
FNF:42
FNH:0
FNDA:0,(anonymous_4)
FNDA:0,(anonymous_5)
FNDA:0,(anonymous_6)
FNDA:0,(anonymous_7)
FNDA:0,(anonymous_8)
FNDA:0,(anonymous_9)
FNDA:0,(anonymous_10)
FNDA:0,(anonymous_11)
FNDA:0,(anonymous_12)
FNDA:0,(anonymous_13)
FNDA:0,(anonymous_14)
FNDA:0,(anonymous_15)
FNDA:0,(anonymous_16)
FNDA:0,(anonymous_17)
FNDA:0,(anonymous_18)
FNDA:0,(anonymous_19)
FNDA:0,(anonymous_20)
FNDA:0,(anonymous_21)
FNDA:0,(anonymous_22)
FNDA:0,(anonymous_23)
FNDA:0,(anonymous_24)
FNDA:0,(anonymous_25)
FNDA:0,(anonymous_26)
FNDA:0,(anonymous_27)
FNDA:0,(anonymous_28)
FNDA:0,(anonymous_29)
FNDA:0,(anonymous_30)
FNDA:0,(anonymous_31)
FNDA:0,(anonymous_32)
FNDA:0,(anonymous_33)
FNDA:0,(anonymous_34)
FNDA:0,(anonymous_35)
FNDA:0,(anonymous_36)
FNDA:0,(anonymous_37)
FNDA:0,(anonymous_38)
FNDA:0,(anonymous_39)
FNDA:0,(anonymous_40)
FNDA:0,(anonymous_41)
FNDA:0,(anonymous_42)
FNDA:0,(anonymous_43)
FNDA:0,(anonymous_44)
FNDA:0,(anonymous_45)
DA:1,0
DA:16,0
DA:22,0
DA:23,0
DA:24,0
DA:25,0
DA:26,0
DA:27,0
DA:34,0
DA:36,0
DA:37,0
DA:42,0
DA:43,0
DA:55,0
DA:60,0
DA:76,0
DA:81,0
DA:93,0
DA:98,0
DA:112,0
DA:119,0
DA:132,0
DA:142,0
DA:143,0
DA:144,0
DA:151,0
DA:157,0
DA:162,0
DA:163,0
DA:164,0
DA:170,0
DA:176,0
DA:177,0
DA:178,0
DA:179,0
DA:185,0
DA:191,0
DA:194,0
DA:204,0
DA:209,0
DA:210,0
DA:213,0
DA:220,0
DA:230,0
DA:234,0
DA:242,0
DA:243,0
DA:244,0
DA:245,0
DA:251,0
DA:259,0
DA:269,0
DA:270,0
DA:271,0
DA:278,0
DA:284,0
DA:295,0
DA:296,0
DA:297,0
DA:303,0
DA:309,0
DA:310,0
DA:311,0
DA:312,0
DA:318,0
DA:324,0
DA:329,0
DA:330,0
DA:331,0
DA:338,0
DA:344,0
DA:349,0
DA:350,0
DA:351,0
DA:358,0
DA:364,0
DA:365,0
DA:372,0
DA:376,0
DA:377,0
DA:381,0
DA:388,0
DA:393,0
DA:397,0
DA:398,0
DA:402,0
DA:413,0
DA:418,0
DA:423,0
DA:424,0
DA:425,0
DA:432,0
DA:442,0
DA:447,0
DA:456,0
DA:457,0
DA:462,0
DA:476,0
DA:477,0
DA:478,0
DA:485,0
DA:490,0
DA:494,0
DA:495,0
DA:496,0
DA:502,0
DA:509,0
DA:514,0
DA:522,0
DA:528,0
DA:529,0
DA:534,0
DA:541,0
DA:546,0
DA:551,0
DA:552,0
DA:553,0
DA:559,0
DA:566,0
DA:567,0
DA:568,0
DA:569,0
DA:570,0
DA:575,0
DA:576,0
DA:577,0
DA:578,0
DA:582,0
DA:587,0
DA:588,0
DA:589,0
DA:590,0
DA:594,0
LF:133
LH:0
BRDA:61,0,0,0
BRDA:61,0,1,0
BRDA:62,1,0,0
BRDA:62,1,1,0
BRDA:82,2,0,0
BRDA:82,2,1,0
BRDA:83,3,0,0
BRDA:83,3,1,0
BRDA:100,4,0,0
BRDA:100,4,1,0
BRDA:101,5,0,0
BRDA:101,5,1,0
BRDA:123,6,0,0
BRDA:123,6,1,0
BRDA:124,7,0,0
BRDA:124,7,1,0
BRDA:142,8,0,0
BRDA:142,8,1,0
BRDA:162,9,0,0
BRDA:162,9,1,0
BRDA:177,10,0,0
BRDA:177,10,1,0
BRDA:209,11,0,0
BRDA:209,11,1,0
BRDA:235,12,0,0
BRDA:235,12,1,0
BRDA:236,13,0,0
BRDA:236,13,1,0
BRDA:243,14,0,0
BRDA:243,14,1,0
BRDA:269,15,0,0
BRDA:269,15,1,0
BRDA:295,16,0,0
BRDA:295,16,1,0
BRDA:310,17,0,0
BRDA:310,17,1,0
BRDA:329,18,0,0
BRDA:329,18,1,0
BRDA:349,19,0,0
BRDA:349,19,1,0
BRDA:376,20,0,0
BRDA:376,20,1,0
BRDA:397,21,0,0
BRDA:397,21,1,0
BRDA:423,22,0,0
BRDA:423,22,1,0
BRDA:448,23,0,0
BRDA:448,23,1,0
BRDA:449,24,0,0
BRDA:449,24,1,0
BRDA:476,25,0,0
BRDA:476,25,1,0
BRDA:494,26,0,0
BRDA:494,26,1,0
BRDA:515,27,0,0
BRDA:515,27,1,0
BRDA:516,28,0,0
BRDA:516,28,1,0
BRDA:528,29,0,0
BRDA:528,29,1,0
BRDA:551,30,0,0
BRDA:551,30,1,0
BRDA:36,31,0,0
BRDA:36,31,1,0
BRDA:36,32,0,0
BRDA:36,32,1,0
BRDA:36,33,0,0
BRDA:36,33,1,0
BRDA:36,34,0,0
BRDA:36,34,1,0
BRF:70
BRH:0
end_of_record
TN:
SF:src/admin/admin.module.ts
FNF:0
FNH:0
DA:1,0
DA:2,0
DA:3,0
DA:9,0
LF:4
LH:0
BRF:0
BRH:0
end_of_record
TN:
SF:src/admin/admin.service.ts
FN:10,(anonymous_2)
FN:12,(anonymous_3)
FN:75,(anonymous_4)
FN:96,(anonymous_5)
FN:126,(anonymous_6)
FN:157,(anonymous_7)
FN:188,(anonymous_8)
FN:208,(anonymous_9)
FN:226,(anonymous_10)
FN:238,(anonymous_11)
FN:240,(anonymous_12)
FN:252,(anonymous_13)
FN:265,(anonymous_14)
FN:282,(anonymous_15)
FN:289,(anonymous_16)
FN:296,(anonymous_17)
FN:305,(anonymous_18)
FN:317,(anonymous_19)
FN:322,(anonymous_20)
FN:338,(anonymous_21)
FN:346,(anonymous_22)
FN:354,(anonymous_23)
FN:362,(anonymous_24)
FN:372,(anonymous_25)
FN:414,(anonymous_26)
FN:425,(anonymous_27)
FN:456,(anonymous_28)
FN:478,(anonymous_29)
FN:487,(anonymous_30)
FN:525,(anonymous_31)
FN:540,(anonymous_32)
FN:554,(anonymous_33)
FN:563,(anonymous_34)
FN:565,(anonymous_35)
FN:566,(anonymous_36)
FN:571,(anonymous_37)
FN:597,(anonymous_38)
FN:611,(anonymous_39)
FN:633,(anonymous_40)
FN:649,(anonymous_41)
FN:675,(anonymous_42)
FNF:41
FNH:0
FNDA:0,(anonymous_2)
FNDA:0,(anonymous_3)
FNDA:0,(anonymous_4)
FNDA:0,(anonymous_5)
FNDA:0,(anonymous_6)
FNDA:0,(anonymous_7)
FNDA:0,(anonymous_8)
FNDA:0,(anonymous_9)
FNDA:0,(anonymous_10)
FNDA:0,(anonymous_11)
FNDA:0,(anonymous_12)
FNDA:0,(anonymous_13)
FNDA:0,(anonymous_14)
FNDA:0,(anonymous_15)
FNDA:0,(anonymous_16)
FNDA:0,(anonymous_17)
FNDA:0,(anonymous_18)
FNDA:0,(anonymous_19)
FNDA:0,(anonymous_20)
FNDA:0,(anonymous_21)
FNDA:0,(anonymous_22)
FNDA:0,(anonymous_23)
FNDA:0,(anonymous_24)
FNDA:0,(anonymous_25)
FNDA:0,(anonymous_26)
FNDA:0,(anonymous_27)
FNDA:0,(anonymous_28)
FNDA:0,(anonymous_29)
FNDA:0,(anonymous_30)
FNDA:0,(anonymous_31)
FNDA:0,(anonymous_32)
FNDA:0,(anonymous_33)
FNDA:0,(anonymous_34)
FNDA:0,(anonymous_35)
FNDA:0,(anonymous_36)
FNDA:0,(anonymous_37)
FNDA:0,(anonymous_38)
FNDA:0,(anonymous_39)
FNDA:0,(anonymous_40)
FNDA:0,(anonymous_41)
FNDA:0,(anonymous_42)
DA:1,0
DA:6,0
DA:9,0
DA:10,0
DA:13,0
DA:14,0
DA:15,0
DA:31,0
DA:54,0
DA:55,0
DA:56,0
DA:59,0
DA:60,0
DA:61,0
DA:64,0
DA:75,0
DA:101,0
DA:102,0
DA:103,0
DA:105,0
DA:120,0
DA:131,0
DA:132,0
DA:133,0
DA:135,0
DA:151,0
DA:162,0
DA:163,0
DA:164,0
DA:166,0
DA:180,0
DA:194,0
DA:212,0
DA:227,0
DA:230,0
DA:231,0
DA:235,0
DA:239,0
DA:241,0
DA:247,0
DA:253,0
DA:266,0
DA:267,0
DA:279,0
DA:284,0
DA:290,0
DA:302,0
DA:314,0
DA:318,0
DA:319,0
DA:323,0
DA:326,0
DA:327,0
DA:339,0
DA:347,0
DA:351,0
DA:355,0
DA:359,0
DA:363,0
DA:377,0
DA:378,0
DA:379,0
DA:380,0
DA:386,0
DA:413,0
DA:414,0
DA:426,0
DA:446,0
DA:447,0
DA:468,0
DA:471,0
DA:472,0
DA:479,0
DA:482,0
DA:483,0
DA:484,0
DA:491,0
DA:492,0
DA:495,0
DA:497,0
DA:498,0
DA:519,0
DA:530,0
DA:533,0
DA:534,0
DA:541,0
DA:544,0
DA:545,0
DA:549,0
DA:555,0
DA:556,0
DA:557,0
DA:558,0
DA:560,0
DA:564,0
DA:565,0
DA:566,0
DA:568,0
DA:572,0
DA:585,0
DA:597,0
DA:612,0
DA:621,0
DA:633,0
DA:650,0
DA:663,0
DA:675,0
LF:107
LH:0
BRDA:71,0,0,0
BRDA:71,0,1,0
BRDA:72,1,0,0
BRDA:72,1,1,0
BRDA:73,2,0,0
BRDA:73,2,1,0
BRDA:74,3,0,0
BRDA:74,3,1,0
BRDA:83,4,0,0
BRDA:83,4,1,0
BRDA:84,5,0,0
BRDA:84,5,1,0
BRDA:85,6,0,0
BRDA:85,6,1,0
BRDA:86,7,0,0
BRDA:86,7,1,0
BRDA:101,8,0,0
BRDA:101,9,0,0
BRDA:103,10,0,0
BRDA:131,11,0,0
BRDA:131,12,0,0
BRDA:133,13,0,0
BRDA:162,14,0,0
BRDA:162,15,0,0
BRDA:164,16,0,0
BRDA:230,17,0,0
BRDA:266,18,0,0
BRDA:266,19,0,0
BRDA:326,20,0,0
BRDA:377,21,0,0
BRDA:377,22,0,0
BRDA:379,23,0,0
BRDA:416,24,0,0
BRDA:416,24,1,0
BRDA:446,25,0,0
BRDA:449,26,0,0
BRDA:449,26,1,0
BRDA:471,27,0,0
BRDA:482,28,0,0
BRDA:491,29,0,0
BRDA:491,30,0,0
BRDA:495,31,0,0
BRDA:533,32,0,0
BRDA:544,33,0,0
BRDA:555,34,0,0
BRDA:557,35,0,0
BRDA:557,36,0,0
BRDA:557,36,1,0
BRDA:557,36,2,0
BRDA:639,37,0,0
BRDA:639,37,1,0
BRDA:642,38,0,0
BRDA:642,38,1,0
BRDA:643,39,0,0
BRDA:643,39,1,0
BRDA:680,40,0,0
BRDA:680,40,1,0
BRDA:684,41,0,0
BRDA:684,41,1,0
BRDA:684,42,0,0
BRDA:684,42,1,0
BRDA:686,43,0,0
BRDA:686,43,1,0
BRDA:10,44,0,0
BRDA:10,44,1,0
BRDA:10,45,0,0
BRDA:10,45,1,0
BRF:67
BRH:0
end_of_record
TN:
SF:src/ai-question-bank/ai-question-bank.controller.ts
FN:37,(anonymous_4)
FN:46,(anonymous_5)
FN:52,(anonymous_6)
FN:61,(anonymous_7)
FN:70,(anonymous_8)
FN:81,(anonymous_9)
FN:93,(anonymous_10)
FN:104,(anonymous_11)
FN:114,(anonymous_12)
FN:120,(anonymous_13)
FN:128,(anonymous_14)
FN:141,(anonymous_15)
FN:152,(anonymous_16)
FN:161,(anonymous_17)
FN:170,(anonymous_18)
FN:185,(anonymous_19)
FNF:16
FNH:0
FNDA:0,(anonymous_4)
FNDA:0,(anonymous_5)
FNDA:0,(anonymous_6)
FNDA:0,(anonymous_7)
FNDA:0,(anonymous_8)
FNDA:0,(anonymous_9)
FNDA:0,(anonymous_10)
FNDA:0,(anonymous_11)
FNDA:0,(anonymous_12)
FNDA:0,(anonymous_13)
FNDA:0,(anonymous_14)
FNDA:0,(anonymous_15)
FNDA:0,(anonymous_16)
FNDA:0,(anonymous_17)
FNDA:0,(anonymous_18)
FNDA:0,(anonymous_19)
DA:1,0
DA:14,0
DA:15,0
DA:21,0
DA:23,0
DA:24,0
DA:25,0
DA:26,0
DA:27,0
DA:28,0
DA:29,0
DA:30,0
DA:36,0
DA:38,0
DA:39,0
DA:46,0
DA:47,0
DA:52,0
DA:56,0
DA:61,0
DA:65,0
DA:70,0
DA:74,0
DA:81,0
DA:85,0
DA:93,0
DA:97,0
DA:104,0
DA:109,0
DA:114,0
DA:115,0
DA:120,0
DA:121,0
DA:128,0
DA:132,0
DA:141,0
DA:145,0
DA:152,0
DA:156,0
DA:161,0
DA:165,0
DA:170,0
DA:175,0
DA:185,0
DA:186,0
LF:45
LH:0
BRDA:172,0,0,0
BRDA:173,1,0,0
BRDA:54,2,0,0
BRDA:54,2,1,0
BRDA:54,3,0,0
BRDA:54,3,1,0
BRDA:95,4,0,0
BRDA:95,4,1,0
BRDA:95,5,0,0
BRDA:95,5,1,0
BRDA:106,6,0,0
BRDA:106,6,1,0
BRDA:106,7,0,0
BRDA:106,7,1,0
BRDA:130,8,0,0
BRDA:130,8,1,0
BRDA:130,9,0,0
BRDA:130,9,1,0
BRDA:143,10,0,0
BRDA:143,10,1,0
BRDA:143,11,0,0
BRDA:143,11,1,0
BRDA:154,12,0,0
BRDA:154,12,1,0
BRDA:154,13,0,0
BRDA:154,13,1,0
BRDA:185,14,0,0
BRDA:185,14,1,0
BRDA:185,15,0,0
BRDA:185,15,1,0
BRDA:38,16,0,0
BRDA:38,16,1,0
BRDA:38,17,0,0
BRDA:38,17,1,0
BRDA:38,18,0,0
BRDA:38,18,1,0
BRDA:38,19,0,0
BRDA:38,19,1,0
BRF:38
BRH:0
end_of_record
TN:
SF:src/ai-question-bank/ai-question-bank.module.ts
FNF:0
FNH:0
DA:1,0
DA:2,0
DA:3,0
DA:4,0
DA:5,0
DA:6,0
DA:7,0
DA:8,0
DA:9,0
DA:10,0
DA:11,0
DA:24,0
LF:12
LH:0
BRF:0
BRH:0
end_of_record
TN:
SF:src/ai-question-bank/ai-question-bank.service.ts
FN:49,(anonymous_4)
FN:59,(anonymous_5)
FN:84,(anonymous_6)
FN:96,(anonymous_7)
FN:105,(anonymous_8)
FN:113,(anonymous_9)
FN:130,(anonymous_10)
FN:168,(anonymous_11)
FN:216,(anonymous_12)
FN:241,(anonymous_13)
FN:268,(anonymous_14)
FN:295,(anonymous_15)
FN:342,(anonymous_16)
FN:366,(anonymous_17)
FN:379,(anonymous_18)
FN:403,(anonymous_19)
FN:426,(anonymous_20)
FN:435,(anonymous_21)
FN:440,(anonymous_22)
FN:458,(anonymous_23)
FNF:20
FNH:0
FNDA:0,(anonymous_4)
FNDA:0,(anonymous_5)
FNDA:0,(anonymous_6)
FNDA:0,(anonymous_7)
FNDA:0,(anonymous_8)
FNDA:0,(anonymous_9)
FNDA:0,(anonymous_10)
FNDA:0,(anonymous_11)
FNDA:0,(anonymous_12)
FNDA:0,(anonymous_13)
FNDA:0,(anonymous_14)
FNDA:0,(anonymous_15)
FNDA:0,(anonymous_16)
FNDA:0,(anonymous_17)
FNDA:0,(anonymous_18)
FNDA:0,(anonymous_19)
FNDA:0,(anonymous_20)
FNDA:0,(anonymous_21)
FNDA:0,(anonymous_22)
FNDA:0,(anonymous_23)
DA:1,0
DA:8,0
DA:9,0
DA:10,0
DA:11,0
DA:12,0
DA:13,0
DA:14,0
DA:18,0
DA:35,0
DA:44,0
DA:45,0
DA:48,0
DA:50,0
DA:51,0
DA:52,0
DA:53,0
DA:54,0
DA:60,0
DA:61,0
DA:85,0
DA:96,0
DA:106,0
DA:109,0
DA:110,0
DA:114,0
DA:117,0
DA:118,0
DA:119,0
DA:124,0
DA:125,0
DA:131,0
DA:132,0
DA:133,0
DA:139,0
DA:142,0
DA:145,0
DA:149,0
DA:159,0
DA:173,0
DA:175,0
DA:178,0
DA:180,0
DA:195,0
DA:213,0
DA:217,0
DA:221,0
DA:222,0
DA:224,0
DA:242,0
DA:243,0
DA:245,0
DA:246,0
DA:248,0
DA:249,0
DA:250,0
DA:254,0
DA:258,0
DA:268,0
DA:283,0
DA:286,0
DA:296,0
DA:297,0
DA:299,0
DA:300,0
DA:301,0
DA:303,0
DA:304,0
DA:305,0
DA:309,0
DA:312,0
DA:314,0
DA:330,0
DA:333,0
DA:343,0
DA:344,0
DA:358,0
DA:367,0
DA:370,0
DA:371,0
DA:374,0
DA:375,0
DA:376,0
DA:384,0
DA:385,0
DA:388,0
DA:389,0
DA:390,0
DA:391,0
DA:395,0
DA:396,0
DA:400,0
DA:405,0
DA:406,0
DA:408,0
DA:409,0
DA:410,0
DA:411,0
DA:414,0
DA:415,0
DA:417,0
DA:418,0
DA:419,0
DA:420,0
DA:423,0
DA:434,0
DA:435,0
DA:437,0
DA:440,0
DA:441,0
DA:442,0
DA:443,0
DA:446,0
DA:459,0
DA:460,0
DA:461,0
LF:116
LH:0
BRDA:65,0,0,0
BRDA:65,0,1,0
BRDA:72,1,0,0
BRDA:72,1,1,0
BRDA:109,2,0,0
BRDA:117,3,0,0
BRDA:122,4,0,0
BRDA:122,4,1,0
BRDA:136,5,0,0
BRDA:136,5,1,0
BRDA:142,6,0,0
BRDA:142,6,1,0
BRDA:145,7,0,0
BRDA:145,7,1,0
BRDA:150,8,0,0
BRDA:150,8,1,0
BRDA:151,9,0,0
BRDA:151,9,1,0
BRDA:153,10,0,0
BRDA:153,10,1,0
BRDA:178,11,0,0
BRDA:183,12,0,0
BRDA:183,12,1,0
BRDA:185,13,0,0
BRDA:185,13,1,0
BRDA:186,14,0,0
BRDA:186,14,1,0
BRDA:188,15,0,0
BRDA:188,15,1,0
BRDA:189,16,0,0
BRDA:189,16,1,0
BRDA:205,17,0,0
BRDA:205,17,1,0
BRDA:206,18,0,0
BRDA:206,18,1,0
BRDA:221,19,0,0
BRDA:222,20,0,0
BRDA:228,21,0,0
BRDA:228,21,1,0
BRDA:232,22,0,0
BRDA:232,22,1,0
BRDA:235,23,0,0
BRDA:235,23,1,0
BRDA:248,24,0,0
BRDA:254,25,0,0
BRDA:254,25,1,0
BRDA:300,26,0,0
BRDA:300,26,1,0
BRDA:303,27,0,0
BRDA:309,28,0,0
BRDA:309,28,1,0
BRDA:312,29,0,0
BRDA:312,29,1,0
BRDA:320,30,0,0
BRDA:320,30,1,0
BRDA:342,31,0,0
BRDA:342,32,0,0
BRDA:370,33,0,0
BRDA:374,34,0,0
BRDA:389,35,0,0
BRDA:395,36,0,0
BRDA:395,37,0,0
BRDA:395,37,1,0
BRDA:409,38,0,0
BRDA:414,39,0,0
BRDA:414,40,0,0
BRDA:414,40,1,0
BRDA:419,41,0,0
BRDA:419,42,0,0
BRDA:419,42,1,0
BRDA:437,43,0,0
BRDA:437,43,1,0
BRDA:438,44,0,0
BRDA:438,44,1,0
BRDA:449,45,0,0
BRDA:449,45,1,0
BRDA:459,46,0,0
BRDA:460,47,0,0
BRDA:50,48,0,0
BRDA:50,48,1,0
BRDA:50,49,0,0
BRDA:50,49,1,0
BRDA:50,50,0,0
BRDA:50,50,1,0
BRDA:50,51,0,0
BRDA:50,51,1,0
BRDA:51,52,0,0
BRDA:51,52,1,0
BRDA:51,53,0,0
BRDA:51,53,1,0
BRDA:52,54,0,0
BRDA:52,54,1,0
BRDA:52,55,0,0
BRDA:52,55,1,0
BRDA:53,56,0,0
BRDA:53,56,1,0
BRDA:53,57,0,0
BRDA:53,57,1,0
BRF:98
BRH:0
end_of_record
TN:
SF:src/ai-question-bank/crypto/encryption.service.ts
FN:13,(anonymous_11)
FN:24,(anonymous_12)
FN:39,(anonymous_13)
FN:52,(anonymous_14)
FNF:4
FNH:0
FNDA:0,(anonymous_11)
FNDA:0,(anonymous_12)
FNDA:0,(anonymous_13)
FNDA:0,(anonymous_14)
DA:1,0
DA:2,0
DA:3,0
DA:5,0
DA:6,0
DA:7,0
DA:10,0
DA:13,0
DA:14,0
DA:15,0
DA:16,0
DA:21,0
DA:25,0
DA:26,0
DA:28,0
DA:32,0
DA:35,0
DA:36,0
DA:40,0
DA:42,0
DA:43,0
DA:44,0
DA:46,0
DA:47,0
DA:49,0
DA:53,0
DA:54,0
LF:27
LH:0
BRDA:15,0,0,0
BRDA:15,1,0,0
BRDA:15,1,1,0
BRDA:53,2,0,0
BRDA:13,3,0,0
BRDA:13,3,1,0
BRDA:13,4,0,0
BRDA:13,4,1,0
BRF:8
BRH:0
end_of_record
TN:
SF:src/ai-question-bank/dto/configure-llm.dto.ts
FNF:0
FNH:0
DA:1,0
DA:2,0
DA:3,0
DA:5,0
DA:8,0
DA:13,0
DA:18,0
LF:7
LH:0
BRDA:8,0,0,0
BRDA:8,0,1,0
BRDA:8,1,0,0
BRDA:8,1,1,0
BRF:4
BRH:0
end_of_record
TN:
SF:src/ai-question-bank/dto/generate-questions.dto.ts
FN:47,(anonymous_2)
FNF:1
FNH:0
FNDA:0,(anonymous_2)
DA:1,0
DA:2,0
DA:3,0
DA:4,0
DA:14,0
DA:17,0
DA:21,0
DA:26,0
DA:31,0
DA:36,0
DA:41,0
DA:47,0
DA:48,0
LF:13
LH:0
BRDA:17,0,0,0
BRDA:17,0,1,0
BRDA:17,1,0,0
BRDA:17,1,1,0
BRDA:36,2,0,0
BRDA:36,2,1,0
BRDA:36,3,0,0
BRDA:36,3,1,0
BRDA:41,4,0,0
BRDA:41,4,1,0
BRDA:41,5,0,0
BRDA:41,5,1,0
BRF:12
BRH:0
end_of_record
TN:
SF:src/ai-question-bank/dto/save-questions.dto.ts
FN:48,(anonymous_2)
FN:86,(anonymous_3)
FNF:2
FNH:0
FNDA:0,(anonymous_2)
FNDA:0,(anonymous_3)
DA:1,0
DA:2,0
DA:3,0
DA:4,0
DA:17,0
DA:19,0
DA:22,0
DA:25,0
DA:28,0
DA:30,0
DA:34,0
DA:37,0
DA:40,0
DA:44,0
DA:48,0
DA:49,0
DA:54,0
DA:58,0
DA:62,0
DA:67,0
DA:71,0
DA:75,0
DA:78,0
DA:81,0
DA:86,0
DA:87,0
DA:91,0
DA:95,0
LF:28
LH:0
BRDA:37,0,0,0
BRDA:37,0,1,0
BRDA:37,1,0,0
BRDA:37,1,1,0
BRDA:40,2,0,0
BRDA:40,2,1,0
BRDA:40,3,0,0
BRDA:40,3,1,0
BRF:8
BRH:0
end_of_record
TN:
SF:src/ai-question-bank/dto/upload-material.dto.ts
FNF:0
FNH:0
DA:1,0
DA:2,0
DA:3,0
DA:11,0
DA:15,0
DA:19,0
DA:24,0
DA:29,0
DA:34,0
LF:9
LH:0
BRDA:19,0,0,0
BRDA:19,0,1,0
BRDA:19,1,0,0
BRDA:19,1,1,0
BRF:4
BRH:0
end_of_record
TN:
SF:src/ai-question-bank/ingestion/chunker.ts
FN:13,chunkText
FN:18,(anonymous_1)
FNF:2
FNH:0
FNDA:0,chunkText
FNDA:0,(anonymous_1)
DA:9,0
DA:10,0
DA:11,0
DA:13,0
DA:18,0
DA:19,0
DA:20,0
DA:21,0
DA:23,0
DA:24,0
DA:25,0
DA:27,0
DA:31,0
DA:36,0
DA:38,0
DA:39,0
DA:41,0
DA:47,0
DA:48,0
DA:55,0
LF:20
LH:0
BRDA:27,0,0,0
BRDA:27,0,1,0
BRDA:28,1,0,0
BRDA:28,1,1,0
BRDA:41,2,0,0
BRDA:41,2,1,0
BRDA:47,3,0,0
BRF:7
BRH:0
end_of_record
TN:
SF:src/ai-question-bank/ingestion/ingestion.service.ts
FN:16,(anonymous_2)
FN:18,(anonymous_3)
FN:61,(anonymous_4)
FN:81,(anonymous_5)
FN:92,(anonymous_6)
FN:102,(anonymous_7)
FN:111,(anonymous_8)
FN:117,(anonymous_9)
FN:120,(anonymous_10)
FN:137,(anonymous_11)
FN:140,(anonymous_12)
FN:141,(anonymous_13)
FNF:12
FNH:0
FNDA:0,(anonymous_2)
FNDA:0,(anonymous_3)
FNDA:0,(anonymous_4)
FNDA:0,(anonymous_5)
FNDA:0,(anonymous_6)
FNDA:0,(anonymous_7)
FNDA:0,(anonymous_8)
FNDA:0,(anonymous_9)
FNDA:0,(anonymous_10)
FNDA:0,(anonymous_11)
FNDA:0,(anonymous_12)
FNDA:0,(anonymous_13)
DA:1,0
DA:7,0
DA:8,0
DA:10,0
DA:12,0
DA:15,0
DA:16,0
DA:25,0
DA:26,0
DA:27,0
DA:28,0
DA:29,0
DA:33,0
DA:34,0
DA:35,0
DA:36,0
DA:37,0
DA:38,0
DA:39,0
DA:40,0
DA:41,0
DA:43,0
DA:47,0
DA:59,0
DA:60,0
DA:61,0
DA:72,0
DA:78,0
DA:82,0
DA:93,0
DA:97,0
DA:98,0
DA:99,0
DA:103,0
DA:106,0
DA:107,0
DA:108,0
DA:112,0
DA:117,0
DA:121,0
DA:125,0
DA:126,0
DA:129,0
DA:131,0
DA:139,0
DA:140,0
DA:141,0
DA:142,0
DA:143,0
DA:147,0
DA:148,0
LF:51
LH:0
BRDA:25,0,0,0
BRDA:25,0,1,0
BRDA:26,1,0,0
BRDA:28,2,0,0
BRDA:34,3,0,0
BRDA:34,3,1,0
BRDA:35,4,0,0
BRDA:38,5,0,0
BRDA:38,5,1,0
BRDA:39,6,0,0
BRDA:50,7,0,0
BRDA:50,7,1,0
BRDA:53,8,0,0
BRDA:53,8,1,0
BRDA:65,9,0,0
BRDA:65,9,1,0
BRDA:66,10,0,0
BRDA:66,10,1,0
BRDA:85,11,0,0
BRDA:85,11,1,0
BRDA:97,12,0,0
BRDA:98,13,0,0
BRDA:106,14,0,0
BRDA:107,15,0,0
BRDA:125,16,0,0
BRDA:140,17,0,0
BRDA:140,17,1,0
BRDA:142,18,0,0
BRDA:16,19,0,0
BRDA:16,19,1,0
BRDA:16,20,0,0
BRDA:16,20,1,0
BRF:32
BRH:0
end_of_record
TN:
SF:src/ai-question-bank/llm-usage/llm-quota.service.ts
FN:27,(anonymous_2)
FN:33,(anonymous_3)
FN:47,(anonymous_4)
FN:65,(anonymous_5)
FNF:4
FNH:4
FNDA:13,(anonymous_2)
FNDA:10,(anonymous_3)
FNDA:2,(anonymous_4)
FNDA:2,(anonymous_5)
DA:1,1
DA:2,1
DA:17,1
DA:18,13
DA:23,13
DA:27,13
DA:34,10
DA:36,10
DA:48,2
DA:50,2
DA:51,1
DA:66,2
LF:12
LH:12
BRDA:24,0,0,13
BRDA:24,0,1,11
BRDA:50,1,0,1
BRDA:27,2,0,1
BRDA:27,2,1,0
BRDA:27,3,0,1
BRDA:27,3,1,1
BRF:7
BRH:6
end_of_record
TN:
SF:src/ai-question-bank/llm-usage/llm-usage.module.ts
FNF:0
FNH:0
DA:1,0
DA:2,0
DA:3,0
DA:4,0
DA:15,0
LF:5
LH:0
BRF:0
BRH:0
end_of_record
TN:
SF:src/ai-question-bank/llm-usage/llm-usage.service.ts
FN:67,(anonymous_2)
FN:73,(anonymous_3)
FN:94,(anonymous_4)
FN:127,(anonymous_5)
FN:148,(anonymous_6)
FN:175,(anonymous_7)
FN:201,(anonymous_8)
FN:225,(anonymous_9)
FNF:8
FNH:8
FNDA:15,(anonymous_2)
FNDA:9,(anonymous_3)
FNDA:4,(anonymous_4)
FNDA:1,(anonymous_5)
FNDA:3,(anonymous_6)
FNDA:1,(anonymous_7)
FNDA:2,(anonymous_8)
FNDA:2,(anonymous_9)
DA:1,2
DA:2,2
DA:3,2
DA:30,2
DA:31,15
DA:35,2
DA:62,2
DA:67,15
DA:79,9
DA:82,9
DA:83,9
DA:84,9
DA:87,9
DA:95,4
DA:96,4
DA:102,4
DA:116,1
DA:134,1
DA:149,3
DA:150,3
DA:151,3
DA:152,3
DA:153,3
DA:155,3
DA:168,3
DA:176,1
DA:177,1
DA:178,1
DA:179,1
DA:180,1
DA:182,1
DA:195,1
DA:205,2
DA:206,2
DA:207,2
DA:208,2
DA:209,2
DA:211,2
DA:225,2
LF:39
LH:39
BRDA:79,0,0,9
BRDA:79,0,1,1
BRDA:105,1,0,4
BRDA:105,1,1,1
BRDA:136,2,0,1
BRDA:136,2,1,0
BRDA:149,3,0,3
BRDA:149,3,1,2
BRDA:168,4,0,1
BRDA:168,4,1,2
BRDA:176,5,0,1
BRDA:176,5,1,1
BRDA:195,6,0,1
BRDA:195,6,1,0
BRDA:205,7,0,2
BRDA:205,7,1,2
BRDA:227,8,0,2
BRDA:227,8,1,0
BRDA:67,9,0,2
BRDA:67,9,1,0
BRDA:67,10,0,2
BRDA:67,10,1,2
BRF:22
BRH:18
end_of_record
TN:
SF:src/ai-question-bank/mcp/mcp-intake.dto.ts
FN:37,(anonymous_2)
FN:59,(anonymous_3)
FNF:2
FNH:0
FNDA:0,(anonymous_2)
FNDA:0,(anonymous_3)
DA:1,0
DA:2,0
DA:3,0
DA:15,0
DA:17,0
DA:20,0
DA:24,0
DA:27,0
DA:30,0
DA:33,0
DA:37,0
DA:38,0
DA:42,0
DA:46,0
DA:52,0
DA:55,0
DA:59,0
DA:60,0
DA:65,0
DA:70,0
DA:75,0
DA:80,0
LF:22
LH:0
BRDA:75,0,0,0
BRDA:75,0,1,0
BRDA:75,1,0,0
BRDA:75,1,1,0
BRDA:80,2,0,0
BRDA:80,2,1,0
BRDA:80,3,0,0
BRDA:80,3,1,0
BRF:8
BRH:0
end_of_record
TN:
SF:src/ai-question-bank/prompts/quality-critic.prompt.ts
FN:3,buildCriticSystemPrompt
FN:14,buildCriticUserPrompt
FNF:2
FNH:0
FNDA:0,buildCriticSystemPrompt
FNDA:0,buildCriticUserPrompt
DA:3,0
DA:4,0
DA:14,0
DA:17,0
LF:4
LH:0
BRF:0
BRH:0
end_of_record
TN:
SF:src/ai-question-bank/prompts/question-generation.prompt.ts
FN:4,buildGenerationSystemPrompt
FN:17,buildGenerationUserPrompt
FNF:2
FNH:0
FNDA:0,buildGenerationSystemPrompt
FNDA:0,buildGenerationUserPrompt
DA:1,0
DA:4,0
DA:5,0
DA:17,0
DA:18,0
DA:26,0
DA:30,0
DA:34,0
LF:8
LH:0
BRDA:26,0,0,0
BRDA:26,0,1,0
BRDA:30,1,0,0
BRDA:30,1,1,0
BRDA:35,2,0,0
BRDA:35,2,1,0
BRF:6
BRH:0
end_of_record
TN:
SF:src/ai-question-bank/providers/anthropic.provider.ts
FN:10,(anonymous_0)
FN:17,(anonymous_1)
FN:35,(anonymous_2)
FN:49,(anonymous_3)
FN:60,(anonymous_4)
FN:63,(anonymous_5)
FNF:6
FNH:0
FNDA:0,(anonymous_0)
FNDA:0,(anonymous_1)
FNDA:0,(anonymous_2)
FNDA:0,(anonymous_3)
FNDA:0,(anonymous_4)
FNDA:0,(anonymous_5)
DA:7,0
DA:11,0
DA:14,0
DA:18,0
DA:34,0
DA:35,0
DA:36,0
DA:41,0
DA:42,0
DA:50,0
DA:57,0
DA:61,0
DA:62,0
DA:63,0
DA:65,0
LF:15
LH:0
BRDA:14,0,0,0
BRDA:14,0,1,0
BRDA:34,1,0,0
BRDA:37,2,0,0
BRDA:37,2,1,0
BRDA:44,3,0,0
BRDA:44,3,1,0
BRDA:45,4,0,0
BRDA:45,4,1,0
BRDA:62,5,0,0
BRDA:62,5,1,0
BRF:11
BRH:0
end_of_record
TN:
SF:src/ai-question-bank/providers/gemini.provider.ts
FN:10,(anonymous_0)
FN:17,(anonymous_1)
FN:34,(anonymous_2)
FN:49,(anonymous_3)
FN:55,(anonymous_4)
FN:58,(anonymous_5)
FNF:6
FNH:0
FNDA:0,(anonymous_0)
FNDA:0,(anonymous_1)
FNDA:0,(anonymous_2)
FNDA:0,(anonymous_3)
FNDA:0,(anonymous_4)
FNDA:0,(anonymous_5)
DA:7,0
DA:11,0
DA:14,0
DA:18,0
DA:19,0
DA:33,0
DA:34,0
DA:35,0
DA:40,0
DA:41,0
DA:42,0
DA:50,0
DA:51,0
DA:52,0
DA:56,0
DA:57,0
DA:58,0
DA:60,0
LF:18
LH:0
BRDA:14,0,0,0
BRDA:14,0,1,0
BRDA:33,1,0,0
BRDA:41,2,0,0
BRDA:41,2,1,0
BRDA:44,3,0,0
BRDA:44,3,1,0
BRDA:45,4,0,0
BRDA:45,4,1,0
BRDA:57,5,0,0
BRDA:57,5,1,0
BRF:11
BRH:0
end_of_record
TN:
SF:src/ai-question-bank/providers/llm-provider.factory.ts
FN:7,createLlmProvider
FNF:1
FNH:0
FNDA:0,createLlmProvider
DA:1,0
DA:3,0
DA:4,0
DA:5,0
DA:7,0
DA:12,0
DA:14,0
DA:16,0
DA:18,0
DA:20,0
LF:10
LH:0
BRDA:12,0,0,0
BRDA:12,0,1,0
BRDA:12,0,2,0
BRDA:12,0,3,0
BRF:4
BRH:0
end_of_record
TN:
SF:src/ai-question-bank/providers/openai.provider.ts
FN:10,(anonymous_0)
FN:17,(anonymous_1)
FN:37,(anonymous_2)
FN:51,(anonymous_3)
FN:59,(anonymous_4)
FN:62,(anonymous_5)
FNF:6
FNH:0
FNDA:0,(anonymous_0)
FNDA:0,(anonymous_1)
FNDA:0,(anonymous_2)
FNDA:0,(anonymous_3)
FNDA:0,(anonymous_4)
FNDA:0,(anonymous_5)
DA:7,0
DA:11,0
DA:14,0
DA:18,0
DA:36,0
DA:37,0
DA:38,0
DA:43,0
DA:44,0
DA:52,0
DA:56,0
DA:60,0
DA:61,0
DA:62,0
DA:64,0
LF:15
LH:0
BRDA:14,0,0,0
BRDA:14,0,1,0
BRDA:36,1,0,0
BRDA:39,2,0,0
BRDA:39,2,1,0
BRDA:46,3,0,0
BRDA:46,3,1,0
BRDA:47,4,0,0
BRDA:47,4,1,0
BRDA:61,5,0,0
BRDA:61,5,1,0
BRF:11
BRH:0
end_of_record
TN:
SF:src/analytics/analytics.controller.ts
FN:35,(anonymous_4)
FN:43,(anonymous_5)
FN:59,(anonymous_6)
FN:81,(anonymous_7)
FN:92,(anonymous_8)
FN:107,(anonymous_9)
FN:125,(anonymous_10)
FN:134,(anonymous_11)
FN:147,(anonymous_12)
FN:162,(anonymous_13)
FNF:10
FNH:0
FNDA:0,(anonymous_4)
FNDA:0,(anonymous_5)
FNDA:0,(anonymous_6)
FNDA:0,(anonymous_7)
FNDA:0,(anonymous_8)
FNDA:0,(anonymous_9)
FNDA:0,(anonymous_10)
FNDA:0,(anonymous_11)
FNDA:0,(anonymous_12)
FNDA:0,(anonymous_13)
DA:1,0
DA:11,0
DA:19,0
DA:20,0
DA:21,0
DA:22,0
DA:24,0
DA:34,0
DA:35,0
DA:43,0
DA:47,0
DA:48,0
DA:59,0
DA:65,0
DA:66,0
DA:81,0
DA:82,0
DA:83,0
DA:92,0
DA:96,0
DA:97,0
DA:107,0
DA:112,0
DA:113,0
DA:125,0
DA:126,0
DA:134,0
DA:138,0
DA:139,0
DA:147,0
DA:152,0
DA:153,0
DA:162,0
DA:166,0
DA:167,0
LF:35
LH:0
BRDA:69,0,0,0
BRDA:69,0,1,0
BRDA:70,1,0,0
BRDA:70,1,1,0
BRDA:116,2,0,0
BRDA:116,2,1,0
BRDA:150,3,0,0
BRDA:150,3,1,0
BRDA:150,4,0,0
BRDA:150,4,1,0
BRDA:35,5,0,0
BRDA:35,5,1,0
BRDA:35,6,0,0
BRDA:35,6,1,0
BRF:14
BRH:0
end_of_record
TN:
SF:src/analytics/analytics.module.ts
FNF:0
FNH:0
DA:1,0
DA:2,0
DA:3,0
DA:4,0
DA:12,0
LF:5
LH:0
BRF:0
BRH:0
end_of_record
TN:
SF:src/analytics/analytics.service.ts
FN:21,(anonymous_2)
FN:23,(anonymous_3)
FN:58,(anonymous_4)
FN:59,(anonymous_5)
FN:65,(anonymous_6)
FN:67,(anonymous_7)
FN:68,(anonymous_8)
FN:72,(anonymous_9)
FN:107,(anonymous_10)
FN:128,(anonymous_11)
FN:160,(anonymous_12)
FN:166,(anonymous_13)
FN:169,(anonymous_14)
FN:178,(anonymous_15)
FN:190,(anonymous_16)
FN:203,(anonymous_17)
FN:243,(anonymous_18)
FN:268,(anonymous_19)
FN:276,(anonymous_20)
FN:295,(anonymous_21)
FN:327,(anonymous_22)
FN:355,(anonymous_23)
FN:367,(anonymous_24)
FN:420,(anonymous_25)
FN:429,(anonymous_26)
FN:430,(anonymous_27)
FNF:26
FNH:0
FNDA:0,(anonymous_2)
FNDA:0,(anonymous_3)
FNDA:0,(anonymous_4)
FNDA:0,(anonymous_5)
FNDA:0,(anonymous_6)
FNDA:0,(anonymous_7)
FNDA:0,(anonymous_8)
FNDA:0,(anonymous_9)
FNDA:0,(anonymous_10)
FNDA:0,(anonymous_11)
FNDA:0,(anonymous_12)
FNDA:0,(anonymous_13)
FNDA:0,(anonymous_14)
FNDA:0,(anonymous_15)
FNDA:0,(anonymous_16)
FNDA:0,(anonymous_17)
FNDA:0,(anonymous_18)
FNDA:0,(anonymous_19)
FNDA:0,(anonymous_20)
FNDA:0,(anonymous_21)
FNDA:0,(anonymous_22)
FNDA:0,(anonymous_23)
FNDA:0,(anonymous_24)
FNDA:0,(anonymous_25)
FNDA:0,(anonymous_26)
FNDA:0,(anonymous_27)
DA:1,0
DA:7,0
DA:8,0
DA:20,0
DA:21,0
DA:27,0
DA:31,0
DA:32,0
DA:35,0
DA:46,0
DA:47,0
DA:58,0
DA:59,0
DA:61,0
DA:65,0
DA:67,0
DA:68,0
DA:78,0
DA:79,0
DA:83,0
DA:84,0
DA:87,0
DA:106,0
DA:107,0
DA:132,0
DA:136,0
DA:137,0
DA:140,0
DA:145,0
DA:146,0
DA:147,0
DA:151,0
DA:152,0
DA:153,0
DA:154,0
DA:155,0
DA:159,0
DA:160,0
DA:166,0
DA:174,0
DA:175,0
DA:179,0
DA:184,0
DA:189,0
DA:190,0
DA:192,0
DA:207,0
DA:210,0
DA:211,0
DA:214,0
DA:228,0
DA:229,0
DA:237,0
DA:238,0
DA:239,0
DA:241,0
DA:243,0
DA:244,0
DA:249,0
DA:250,0
DA:251,0
DA:253,0
DA:257,0
DA:258,0
DA:259,0
DA:260,0
DA:261,0
DA:266,0
DA:267,0
DA:268,0
DA:275,0
DA:276,0
DA:279,0
DA:281,0
DA:287,0
DA:300,0
DA:305,0
DA:306,0
DA:309,0
DA:310,0
DA:315,0
DA:316,0
DA:321,0
DA:331,0
DA:336,0
DA:337,0
DA:343,0
DA:348,0
DA:355,0
DA:356,0
DA:357,0
DA:361,0
DA:369,0
DA:389,0
DA:391,0
DA:394,0
DA:398,0
DA:399,0
DA:400,0
DA:401,0
DA:402,0
DA:403,0
DA:404,0
DA:406,0
DA:408,0
DA:419,0
DA:420,0
DA:429,0
DA:430,0
DA:432,0
LF:110
LH:0
BRDA:31,0,0,0
BRDA:46,1,0,0
BRDA:58,2,0,0
BRDA:58,2,1,0
BRDA:67,3,0,0
BRDA:67,3,1,0
BRDA:68,4,0,0
BRDA:68,4,1,0
BRDA:75,5,0,0
BRDA:76,6,0,0
BRDA:83,7,0,0
BRDA:111,8,0,0
BRDA:111,8,1,0
BRDA:112,9,0,0
BRDA:112,9,1,0
BRDA:113,10,0,0
BRDA:113,10,1,0
BRDA:114,11,0,0
BRDA:114,11,1,0
BRDA:115,12,0,0
BRDA:115,12,1,0
BRDA:117,13,0,0
BRDA:117,13,1,0
BRDA:122,14,0,0
BRDA:122,14,1,0
BRDA:136,15,0,0
BRDA:151,16,0,0
BRDA:153,17,0,0
BRDA:164,18,0,0
BRDA:164,18,1,0
BRDA:172,19,0,0
BRDA:197,20,0,0
BRDA:197,20,1,0
BRDA:210,21,0,0
BRDA:228,22,0,0
BRDA:251,23,0,0
BRDA:251,23,1,0
BRDA:257,24,0,0
BRDA:259,25,0,0
BRDA:270,26,0,0
BRDA:270,26,1,0
BRDA:275,27,0,0
BRDA:275,27,1,0
BRDA:305,28,0,0
BRDA:309,29,0,0
BRDA:315,30,0,0
BRDA:336,31,0,0
BRDA:356,32,0,0
BRDA:394,33,0,0
BRDA:394,33,1,0
BRDA:399,34,0,0
BRDA:399,35,0,0
BRDA:399,35,1,0
BRDA:402,36,0,0
BRDA:402,36,1,0
BRDA:21,37,0,0
BRDA:21,37,1,0
BRDA:21,38,0,0
BRDA:21,38,1,0
BRF:59
BRH:0
end_of_record
TN:
SF:src/analytics/dto/analytics-response.dto.ts
FNF:0
FNH:0
DA:1,0
DA:4,0
DA:6,0
DA:9,0
DA:12,0
DA:15,0
DA:18,0
DA:21,0
DA:24,0
DA:27,0
DA:29,0
DA:32,0
DA:35,0
DA:38,0
DA:41,0
DA:44,0
DA:47,0
DA:50,0
DA:53,0
DA:56,0
DA:59,0
DA:62,0
DA:64,0
DA:67,0
DA:74,0
DA:76,0
DA:79,0
DA:82,0
DA:85,0
DA:88,0
DA:90,0
DA:93,0
DA:96,0
DA:99,0
DA:102,0
DA:104,0
DA:107,0
LF:37
LH:0
BRDA:53,0,0,0
BRDA:53,0,1,0
BRDA:53,1,0,0
BRDA:53,1,1,0
BRDA:56,2,0,0
BRDA:56,2,1,0
BRDA:56,3,0,0
BRDA:56,3,1,0
BRDA:59,4,0,0
BRDA:59,4,1,0
BRDA:59,5,0,0
BRDA:59,5,1,0
BRDA:107,6,0,0
BRDA:107,6,1,0
BRDA:107,7,0,0
BRDA:107,7,1,0
BRF:16
BRH:0
end_of_record
TN:
SF:src/analytics/dto/update-mistake-type.dto.ts
FNF:0
FNH:0
DA:1,0
DA:2,0
DA:4,0
DA:6,0
LF:4
LH:0
BRDA:6,0,0,0
BRDA:6,0,1,0
BRDA:6,1,0,0
BRDA:6,1,1,0
BRF:4
BRH:0
end_of_record
TN:
SF:src/assessments/assessments.controller.ts
FN:28,(anonymous_4)
FN:31,(anonymous_5)
FN:40,(anonymous_6)
FN:49,(anonymous_7)
FN:54,(anonymous_8)
FN:64,(anonymous_9)
FN:73,(anonymous_10)
FN:82,(anonymous_11)
FN:89,(anonymous_12)
FNF:9
FNH:0
FNDA:0,(anonymous_4)
FNDA:0,(anonymous_5)
FNDA:0,(anonymous_6)
FNDA:0,(anonymous_7)
FNDA:0,(anonymous_8)
FNDA:0,(anonymous_9)
FNDA:0,(anonymous_10)
FNDA:0,(anonymous_11)
FNDA:0,(anonymous_12)
DA:1,0
DA:14,0
DA:15,0
DA:16,0
DA:17,0
DA:18,0
DA:19,0
DA:20,0
DA:21,0
DA:22,0
DA:27,0
DA:28,0
DA:31,0
DA:36,0
DA:40,0
DA:45,0
DA:49,0
DA:50,0
DA:54,0
DA:59,0
DA:64,0
DA:69,0
DA:73,0
DA:78,0
DA:82,0
DA:83,0
DA:89,0
DA:94,0
DA:95,0
DA:99,0
LF:30
LH:0
BRDA:36,0,0,0
BRDA:36,0,1,0
BRDA:36,1,0,0
BRDA:36,1,1,0
BRDA:43,2,0,0
BRDA:43,2,1,0
BRDA:43,3,0,0
BRDA:43,3,1,0
BRDA:57,4,0,0
BRDA:57,4,1,0
BRDA:57,5,0,0
BRDA:57,5,1,0
BRDA:67,6,0,0
BRDA:67,6,1,0
BRDA:67,7,0,0
BRDA:67,7,1,0
BRDA:76,8,0,0
BRDA:76,8,1,0
BRDA:76,9,0,0
BRDA:76,9,1,0
BRDA:28,10,0,0
BRDA:28,10,1,0
BRDA:28,11,0,0
BRDA:28,11,1,0
BRF:24
BRH:0
end_of_record
TN:
SF:src/assessments/assessments.module.ts
FNF:0
FNH:0
DA:1,0
DA:2,0
DA:3,0
DA:4,0
DA:5,0
DA:6,0
DA:14,0
LF:7
LH:0
BRF:0
BRH:0
end_of_record
TN:
SF:src/assessments/assessments.service.ts
FN:17,(anonymous_2)
FN:23,(anonymous_3)
FN:42,(anonymous_4)
FN:62,(anonymous_5)
FN:65,(anonymous_6)
FN:81,(anonymous_7)
FN:96,(anonymous_8)
FN:119,(anonymous_9)
FN:133,(anonymous_10)
FN:138,(anonymous_11)
FN:185,(anonymous_12)
FN:212,(anonymous_13)
FN:229,(anonymous_14)
FN:260,(anonymous_15)
FN:273,(anonymous_16)
FN:274,(anonymous_17)
FN:278,(anonymous_18)
FN:290,(anonymous_19)
FN:294,(anonymous_20)
FNF:19
FNH:0
FNDA:0,(anonymous_2)
FNDA:0,(anonymous_3)
FNDA:0,(anonymous_4)
FNDA:0,(anonymous_5)
FNDA:0,(anonymous_6)
FNDA:0,(anonymous_7)
FNDA:0,(anonymous_8)
FNDA:0,(anonymous_9)
FNDA:0,(anonymous_10)
FNDA:0,(anonymous_11)
FNDA:0,(anonymous_12)
FNDA:0,(anonymous_13)
FNDA:0,(anonymous_14)
FNDA:0,(anonymous_15)
FNDA:0,(anonymous_16)
FNDA:0,(anonymous_17)
FNDA:0,(anonymous_18)
FNDA:0,(anonymous_19)
FNDA:0,(anonymous_20)
DA:1,0
DA:6,0
DA:7,0
DA:8,0
DA:9,0
DA:13,0
DA:16,0
DA:18,0
DA:19,0
DA:20,0
DA:24,0
DA:25,0
DA:27,0
DA:41,0
DA:43,0
DA:48,0
DA:56,0
DA:63,0
DA:65,0
DA:66,0
DA:81,0
DA:92,0
DA:97,0
DA:98,0
DA:115,0
DA:116,0
DA:124,0
DA:125,0
DA:128,0
DA:129,0
DA:130,0
DA:133,0
DA:134,0
DA:135,0
DA:136,0
DA:137,0
DA:138,0
DA:148,0
DA:190,0
DA:191,0
DA:195,0
DA:197,0
DA:201,0
DA:206,0
DA:217,0
DA:218,0
DA:221,0
DA:222,0
DA:223,0
DA:228,0
DA:230,0
DA:231,0
DA:232,0
DA:234,0
DA:247,0
DA:248,0
DA:257,0
DA:261,0
DA:262,0
DA:265,0
DA:267,0
DA:272,0
DA:273,0
DA:274,0
DA:276,0
DA:279,0
DA:283,0
DA:291,0
DA:293,0
DA:294,0
DA:295,0
DA:308,0
LF:72
LH:0
BRDA:23,0,0,0
BRDA:23,1,0,0
BRDA:51,2,0,0
BRDA:51,2,1,0
BRDA:74,3,0,0
BRDA:74,3,1,0
BRDA:75,4,0,0
BRDA:75,4,1,0
BRDA:76,5,0,0
BRDA:76,5,1,0
BRDA:77,6,0,0
BRDA:77,6,1,0
BRDA:78,7,0,0
BRDA:78,7,1,0
BRDA:82,8,0,0
BRDA:82,8,1,0
BRDA:83,9,0,0
BRDA:83,9,1,0
BRDA:84,10,0,0
BRDA:84,10,1,0
BRDA:115,11,0,0
BRDA:128,12,0,0
BRDA:129,13,0,0
BRDA:134,14,0,0
BRDA:136,15,0,0
BRDA:140,16,0,0
BRDA:140,16,1,0
BRDA:141,17,0,0
BRDA:141,17,1,0
BRDA:142,18,0,0
BRDA:142,18,1,0
BRDA:151,19,0,0
BRDA:151,19,1,0
BRDA:152,20,0,0
BRDA:152,20,1,0
BRDA:155,21,0,0
BRDA:155,21,1,0
BRDA:156,22,0,0
BRDA:156,22,1,0
BRDA:159,23,0,0
BRDA:159,23,1,0
BRDA:162,24,0,0
BRDA:162,24,1,0
BRDA:165,25,0,0
BRDA:165,25,1,0
BRDA:168,26,0,0
BRDA:168,26,1,0
BRDA:171,27,0,0
BRDA:171,27,1,0
BRDA:174,28,0,0
BRDA:174,28,1,0
BRDA:195,29,0,0
BRDA:197,30,0,0
BRDA:198,31,0,0
BRDA:198,31,1,0
BRDA:221,32,0,0
BRDA:222,33,0,0
BRDA:238,34,0,0
BRDA:238,34,1,0
BRDA:250,35,0,0
BRDA:250,35,1,0
BRDA:265,36,0,0
BRDA:276,37,0,0
BRDA:276,37,1,0
BRDA:279,38,0,0
BRDA:279,38,1,0
BRDA:296,39,0,0
BRDA:296,39,1,0
BRDA:299,40,0,0
BRDA:299,40,1,0
BRDA:300,41,0,0
BRDA:300,41,1,0
BRDA:301,42,0,0
BRDA:301,42,1,0
BRDA:302,43,0,0
BRDA:302,43,1,0
BRDA:303,44,0,0
BRDA:303,44,1,0
BRDA:304,45,0,0
BRDA:304,45,1,0
BRDA:305,46,0,0
BRDA:305,46,1,0
BRDA:18,47,0,0
BRDA:18,47,1,0
BRDA:18,48,0,0
BRDA:18,48,1,0
BRDA:18,49,0,0
BRDA:18,49,1,0
BRDA:18,50,0,0
BRDA:18,50,1,0
BRDA:19,51,0,0
BRDA:19,51,1,0
BRDA:19,52,0,0
BRDA:19,52,1,0
BRF:94
BRH:0
end_of_record
TN:
SF:src/assessments/candidate.controller.ts
FN:10,(anonymous_4)
FN:14,(anonymous_5)
FN:20,(anonymous_6)
FN:26,(anonymous_7)
FN:35,(anonymous_8)
FNF:5
FNH:0
FNDA:0,(anonymous_4)
FNDA:0,(anonymous_5)
FNDA:0,(anonymous_6)
FNDA:0,(anonymous_7)
FNDA:0,(anonymous_8)
DA:1,0
DA:2,0
DA:3,0
DA:4,0
DA:5,0
DA:9,0
DA:10,0
DA:14,0
DA:15,0
DA:20,0
DA:21,0
DA:26,0
DA:30,0
DA:35,0
DA:39,0
LF:15
LH:0
BRDA:28,0,0,0
BRDA:28,0,1,0
BRDA:28,1,0,0
BRDA:28,1,1,0
BRDA:10,2,0,0
BRDA:10,2,1,0
BRDA:10,3,0,0
BRDA:10,3,1,0
BRF:8
BRH:0
end_of_record
TN:
SF:src/assessments/candidate.service.ts
FN:12,(anonymous_2)
FN:14,(anonymous_3)
FN:35,(anonymous_4)
FN:61,(anonymous_5)
FN:116,(anonymous_6)
FN:119,(anonymous_7)
FN:120,(anonymous_8)
FN:124,(anonymous_9)
FN:182,(anonymous_10)
FN:195,(anonymous_11)
FN:214,(anonymous_12)
FN:234,(anonymous_13)
FN:242,(anonymous_14)
FN:252,(anonymous_15)
FN:255,(anonymous_16)
FN:257,(anonymous_17)
FNF:16
FNH:0
FNDA:0,(anonymous_2)
FNDA:0,(anonymous_3)
FNDA:0,(anonymous_4)
FNDA:0,(anonymous_5)
FNDA:0,(anonymous_6)
FNDA:0,(anonymous_7)
FNDA:0,(anonymous_8)
FNDA:0,(anonymous_9)
FNDA:0,(anonymous_10)
FNDA:0,(anonymous_11)
FNDA:0,(anonymous_12)
FNDA:0,(anonymous_13)
FNDA:0,(anonymous_14)
FNDA:0,(anonymous_15)
FNDA:0,(anonymous_16)
FNDA:0,(anonymous_17)
DA:1,0
DA:7,0
DA:11,0
DA:12,0
DA:15,0
DA:16,0
DA:27,0
DA:36,0
DA:38,0
DA:40,0
DA:43,0
DA:44,0
DA:49,0
DA:58,0
DA:62,0
DA:64,0
DA:65,0
DA:67,0
DA:68,0
DA:74,0
DA:77,0
DA:79,0
DA:80,0
DA:81,0
DA:83,0
DA:84,0
DA:88,0
DA:93,0
DA:102,0
DA:103,0
DA:109,0
DA:111,0
DA:112,0
DA:113,0
DA:115,0
DA:116,0
DA:117,0
DA:118,0
DA:119,0
DA:120,0
DA:123,0
DA:124,0
DA:126,0
DA:130,0
DA:133,0
DA:134,0
DA:135,0
DA:136,0
DA:138,0
DA:146,0
DA:148,0
DA:149,0
DA:154,0
DA:170,0
DA:183,0
DA:185,0
DA:186,0
DA:196,0
DA:199,0
DA:201,0
DA:202,0
DA:204,0
DA:205,0
DA:209,0
DA:211,0
DA:215,0
DA:231,0
DA:233,0
DA:235,0
DA:236,0
DA:237,0
DA:242,0
DA:251,0
DA:252,0
DA:254,0
DA:255,0
DA:257,0
DA:261,0
LF:78
LH:0
BRDA:38,0,0,0
BRDA:43,1,0,0
BRDA:54,2,0,0
BRDA:54,2,1,0
BRDA:64,3,0,0
BRDA:67,4,0,0
BRDA:77,5,0,0
BRDA:79,6,0,0
BRDA:83,7,0,0
BRDA:112,8,0,0
BRDA:112,8,1,0
BRDA:113,9,0,0
BRDA:117,10,0,0
BRDA:117,10,1,0
BRDA:123,11,0,0
BRDA:123,11,1,0
BRDA:126,12,0,0
BRDA:130,13,0,0
BRDA:130,13,1,0
BRDA:130,13,2,0
BRDA:133,14,0,0
BRDA:136,15,0,0
BRDA:148,16,0,0
BRDA:148,16,1,0
BRDA:149,17,0,0
BRDA:149,17,1,0
BRDA:175,18,0,0
BRDA:175,18,1,0
BRDA:185,19,0,0
BRDA:188,20,0,0
BRDA:188,20,1,0
BRDA:199,21,0,0
BRDA:201,22,0,0
BRDA:204,23,0,0
BRDA:204,24,0,0
BRDA:204,24,1,0
BRDA:231,25,0,0
BRDA:235,26,0,0
BRDA:235,26,1,0
BRDA:236,27,0,0
BRDA:240,28,0,0
BRDA:240,28,1,0
BRDA:241,29,0,0
BRDA:241,29,1,0
BRDA:251,30,0,0
BRDA:254,31,0,0
BRDA:12,32,0,0
BRDA:12,32,1,0
BRDA:12,33,0,0
BRDA:12,33,1,0
BRF:50
BRH:0
end_of_record
TN:
SF:src/assessments/dto/candidate-submit.dto.ts
FN:16,(anonymous_2)
FNF:1
FNH:0
FNDA:0,(anonymous_2)
DA:1,0
DA:2,0
DA:4,0
DA:6,0
DA:10,0
DA:13,0
DA:16,0
DA:17,0
LF:8
LH:0
BRF:0
BRH:0
end_of_record
TN:
SF:src/assessments/dto/create-assessment.dto.ts
FN:74,(anonymous_2)
FNF:1
FNH:0
FNDA:0,(anonymous_2)
DA:1,0
DA:13,0
DA:15,0
DA:18,0
DA:22,0
DA:27,0
DA:30,0
DA:34,0
DA:39,0
DA:43,0
DA:49,0
DA:53,0
DA:57,0
DA:61,0
DA:65,0
DA:70,0
DA:74,0
DA:75,0
LF:18
LH:0
BRF:0
BRH:0
end_of_record
TN:
SF:src/assessments/dto/invite-candidate.dto.ts
FN:22,(anonymous_2)
FNF:1
FNH:0
FNDA:0,(anonymous_2)
DA:1,0
DA:8,0
DA:10,0
DA:12,0
DA:16,0
DA:19,0
DA:22,0
DA:23,0
LF:8
LH:0
BRF:0
BRH:0
end_of_record
TN:
SF:src/assessments/dto/update-assessment.dto.ts
FNF:0
FNH:0
DA:1,0
DA:2,0
DA:4,0
LF:3
LH:0
BRF:0
BRH:0
end_of_record
TN:
SF:src/attempts/attempts.controller.ts
FN:28,(anonymous_4)
FN:38,(anonymous_5)
FN:48,(anonymous_6)
FN:64,(anonymous_7)
FN:78,(anonymous_8)
FN:88,(anonymous_9)
FN:97,(anonymous_10)
FNF:7
FNH:0
FNDA:0,(anonymous_4)
FNDA:0,(anonymous_5)
FNDA:0,(anonymous_6)
FNDA:0,(anonymous_7)
FNDA:0,(anonymous_8)
FNDA:0,(anonymous_9)
FNDA:0,(anonymous_10)
DA:1,0
DA:11,0
DA:12,0
DA:18,0
DA:19,0
DA:20,0
DA:21,0
DA:22,0
DA:27,0
DA:28,0
DA:38,0
DA:39,0
DA:40,0
DA:48,0
DA:53,0
DA:54,0
DA:64,0
DA:69,0
DA:70,0
DA:78,0
DA:79,0
DA:80,0
DA:88,0
DA:89,0
DA:97,0
DA:101,0
DA:102,0
LF:27
LH:0
BRDA:51,0,0,0
BRDA:51,0,1,0
BRDA:51,1,0,0
BRDA:51,1,1,0
BRDA:67,2,0,0
BRDA:67,2,1,0
BRDA:67,3,0,0
BRDA:67,3,1,0
BRDA:99,4,0,0
BRDA:99,4,1,0
BRDA:99,5,0,0
BRDA:99,5,1,0
BRDA:28,6,0,0
BRDA:28,6,1,0
BRDA:28,7,0,0
BRDA:28,7,1,0
BRF:16
BRH:0
end_of_record
TN:
SF:src/attempts/attempts.module.ts
FNF:0
FNH:0
DA:1,0
DA:2,0
DA:3,0
DA:4,0
DA:5,0
DA:13,0
LF:6
LH:0
BRF:0
BRH:0
end_of_record
TN:
SF:src/attempts/attempts.service.ts
FN:27,(anonymous_2)
FN:33,(anonymous_3)
FN:65,(anonymous_4)
FN:69,(anonymous_5)
FN:73,(anonymous_6)
FN:74,(anonymous_7)
FN:87,(anonymous_8)
FN:105,(anonymous_9)
FN:124,(anonymous_10)
FN:125,(anonymous_11)
FN:128,(anonymous_12)
FN:152,(anonymous_13)
FN:226,(anonymous_14)
FN:264,(anonymous_15)
FN:308,(anonymous_16)
FN:319,(anonymous_17)
FN:322,(anonymous_18)
FN:323,(anonymous_19)
FN:327,(anonymous_20)
FN:349,(anonymous_21)
FN:374,(anonymous_22)
FN:385,(anonymous_23)
FN:386,(anonymous_24)
FN:387,(anonymous_25)
FN:417,(anonymous_26)
FN:441,(anonymous_27)
FNF:26
FNH:0
FNDA:0,(anonymous_2)
FNDA:0,(anonymous_3)
FNDA:0,(anonymous_4)
FNDA:0,(anonymous_5)
FNDA:0,(anonymous_6)
FNDA:0,(anonymous_7)
FNDA:0,(anonymous_8)
FNDA:0,(anonymous_9)
FNDA:0,(anonymous_10)
FNDA:0,(anonymous_11)
FNDA:0,(anonymous_12)
FNDA:0,(anonymous_13)
FNDA:0,(anonymous_14)
FNDA:0,(anonymous_15)
FNDA:0,(anonymous_16)
FNDA:0,(anonymous_17)
FNDA:0,(anonymous_18)
FNDA:0,(anonymous_19)
FNDA:0,(anonymous_20)
FNDA:0,(anonymous_21)
FNDA:0,(anonymous_22)
FNDA:0,(anonymous_23)
FNDA:0,(anonymous_24)
FNDA:0,(anonymous_25)
FNDA:0,(anonymous_26)
FNDA:0,(anonymous_27)
DA:1,0
DA:7,0
DA:10,0
DA:11,0
DA:15,0
DA:26,0
DA:28,0
DA:29,0
DA:30,0
DA:34,0
DA:53,0
DA:55,0
DA:64,0
DA:65,0
DA:69,0
DA:70,0
DA:72,0
DA:73,0
DA:74,0
DA:80,0
DA:87,0
DA:93,0
DA:106,0
DA:109,0
DA:110,0
DA:111,0
DA:112,0
DA:113,0
DA:116,0
DA:121,0
DA:123,0
DA:124,0
DA:125,0
DA:127,0
DA:128,0
DA:130,0
DA:135,0
DA:157,0
DA:161,0
DA:162,0
DA:163,0
DA:164,0
DA:165,0
DA:169,0
DA:181,0
DA:187,0
DA:189,0
DA:190,0
DA:195,0
DA:220,0
DA:221,0
DA:223,0
DA:230,0
DA:251,0
DA:252,0
DA:253,0
DA:254,0
DA:255,0
DA:258,0
DA:259,0
DA:260,0
DA:262,0
DA:263,0
DA:264,0
DA:265,0
DA:267,0
DA:269,0
DA:270,0
DA:271,0
DA:272,0
DA:273,0
DA:276,0
DA:278,0
DA:279,0
DA:283,0
DA:302,0
DA:303,0
DA:305,0
DA:313,0
DA:314,0
DA:315,0
DA:317,0
DA:318,0
DA:319,0
DA:320,0
DA:321,0
DA:322,0
DA:323,0
DA:326,0
DA:327,0
DA:329,0
DA:331,0
DA:332,0
DA:333,0
DA:334,0
DA:335,0
DA:337,0
DA:346,0
DA:350,0
DA:371,0
DA:373,0
DA:374,0
DA:385,0
DA:386,0
DA:387,0
DA:396,0
DA:418,0
DA:419,0
DA:421,0
DA:440,0
DA:441,0
LF:111
LH:0
BRDA:53,0,0,0
BRDA:109,1,0,0
BRDA:110,2,0,0
BRDA:112,3,0,0
BRDA:121,4,0,0
BRDA:127,5,0,0
BRDA:127,5,1,0
BRDA:136,6,0,0
BRDA:136,6,1,0
BRDA:142,7,0,0
BRDA:142,7,1,0
BRDA:147,8,0,0
BRDA:147,8,1,0
BRDA:161,9,0,0
BRDA:162,10,0,0
BRDA:164,11,0,0
BRDA:189,12,0,0
BRDA:189,12,1,0
BRDA:251,13,0,0
BRDA:252,14,0,0
BRDA:254,15,0,0
BRDA:265,16,0,0
BRDA:265,16,1,0
BRDA:267,17,0,0
BRDA:269,18,0,0
BRDA:269,18,1,0
BRDA:270,19,0,0
BRDA:273,20,0,0
BRDA:278,21,0,0
BRDA:278,21,1,0
BRDA:320,22,0,0
BRDA:320,22,1,0
BRDA:326,23,0,0
BRDA:326,23,1,0
BRDA:329,24,0,0
BRDA:331,25,0,0
BRDA:331,25,1,0
BRDA:332,26,0,0
BRDA:335,27,0,0
BRDA:342,28,0,0
BRDA:342,28,1,0
BRDA:371,29,0,0
BRDA:378,30,0,0
BRDA:378,30,1,0
BRDA:379,31,0,0
BRDA:379,31,1,0
BRDA:380,32,0,0
BRDA:380,32,1,0
BRDA:381,33,0,0
BRDA:381,33,1,0
BRDA:382,34,0,0
BRDA:382,34,1,0
BRDA:402,35,0,0
BRDA:402,35,1,0
BRDA:403,36,0,0
BRDA:403,36,1,0
BRDA:404,37,0,0
BRDA:404,37,1,0
BRDA:405,38,0,0
BRDA:405,38,1,0
BRDA:410,39,0,0
BRDA:410,39,1,0
BRDA:412,40,0,0
BRDA:412,40,1,0
BRDA:417,41,0,0
BRDA:417,42,0,0
BRDA:446,43,0,0
BRDA:446,43,1,0
BRDA:28,44,0,0
BRDA:28,44,1,0
BRDA:28,45,0,0
BRDA:28,45,1,0
BRDA:28,46,0,0
BRDA:28,46,1,0
BRDA:28,47,0,0
BRDA:28,47,1,0
BRDA:29,48,0,0
BRDA:29,48,1,0
BRDA:29,49,0,0
BRDA:29,49,1,0
BRF:80
BRH:0
end_of_record
TN:
SF:src/attempts/dto/attempt-result.dto.ts
FNF:0
FNH:0
DA:1,0
DA:2,0
DA:4,0
DA:6,0
DA:9,0
DA:12,0
DA:15,0
DA:18,0
DA:20,0
DA:23,0
DA:26,0
DA:29,0
DA:32,0
DA:35,0
DA:38,0
DA:41,0
DA:44,0
DA:47,0
DA:50,0
DA:53,0
DA:55,0
DA:58,0
DA:61,0
DA:64,0
DA:67,0
DA:70,0
DA:73,0
DA:76,0
DA:79,0
DA:82,0
DA:85,0
DA:88,0
DA:91,0
DA:94,0
LF:34
LH:0
BRDA:41,0,0,0
BRDA:41,0,1,0
BRDA:41,1,0,0
BRDA:41,1,1,0
BRDA:67,2,0,0
BRDA:67,2,1,0
BRDA:67,3,0,0
BRDA:67,3,1,0
BRDA:82,4,0,0
BRDA:82,4,1,0
BRDA:82,5,0,0
BRDA:82,5,1,0
BRDA:88,6,0,0
BRDA:88,6,1,0
BRDA:88,7,0,0
BRDA:88,7,1,0
BRDA:91,8,0,0
BRDA:91,8,1,0
BRDA:91,9,0,0
BRDA:91,9,1,0
BRF:20
BRH:0
end_of_record
TN:
SF:src/attempts/dto/submit-answer.dto.ts
FNF:0
FNH:0
DA:1,0
DA:2,0
DA:4,0
DA:7,0
DA:15,0
DA:20,0
LF:6
LH:0
BRF:0
BRH:0
end_of_record
TN:
SF:src/attempts/dto/submit-attempt.dto.ts
FN:13,(anonymous_2)
FNF:1
FNH:0
FNDA:0,(anonymous_2)
DA:1,0
DA:2,0
DA:3,0
DA:4,0
DA:6,0
DA:13,0
DA:14,0
LF:7
LH:0
BRF:0
BRH:0
end_of_record
TN:
SF:src/audit/audit.module.ts
FNF:0
FNH:0
DA:1,0
DA:2,0
DA:9,0
LF:3
LH:0
BRF:0
BRH:0
end_of_record
TN:
SF:src/audit/audit.service.ts
FN:15,(anonymous_2)
FN:17,(anonymous_3)
FN:23,(anonymous_4)
FNF:3
FNH:0
FNDA:0,(anonymous_2)
FNDA:0,(anonymous_3)
FNDA:0,(anonymous_4)
DA:1,0
DA:2,0
DA:14,0
DA:15,0
DA:18,0
DA:30,0
DA:31,0
DA:33,0
DA:34,0
DA:35,0
DA:37,0
DA:52,0
LF:12
LH:0
BRDA:30,0,0,0
BRDA:30,1,0,0
BRDA:33,2,0,0
BRDA:34,3,0,0
BRDA:35,4,0,0
BRDA:15,5,0,0
BRDA:15,5,1,0
BRDA:15,6,0,0
BRDA:15,6,1,0
BRF:9
BRH:0
end_of_record
TN:
SF:src/auth/auth.controller.ts
FN:13,(anonymous_4)
FN:25,(anonymous_5)
FN:38,(anonymous_6)
FN:52,(anonymous_7)
FNF:4
FNH:0
FNDA:0,(anonymous_4)
FNDA:0,(anonymous_5)
FNDA:0,(anonymous_6)
FNDA:0,(anonymous_7)
DA:1,0
DA:2,0
DA:3,0
DA:4,0
DA:5,0
DA:6,0
DA:7,0
DA:8,0
DA:12,0
DA:13,0
DA:25,0
DA:26,0
DA:38,0
DA:39,0
DA:52,0
DA:53,0
LF:16
LH:0
BRDA:25,0,0,0
BRDA:25,0,1,0
BRDA:25,1,0,0
BRDA:25,1,1,0
BRDA:38,2,0,0
BRDA:38,2,1,0
BRDA:38,3,0,0
BRDA:38,3,1,0
BRDA:52,4,0,0
BRDA:52,4,1,0
BRDA:52,5,0,0
BRDA:52,5,1,0
BRDA:13,6,0,0
BRDA:13,6,1,0
BRDA:13,7,0,0
BRDA:13,7,1,0
BRF:16
BRH:0
end_of_record
TN:
SF:src/auth/auth.module.ts
FNF:0
FNH:0
DA:1,0
DA:2,0
DA:3,0
DA:4,0
DA:5,0
DA:6,0
DA:7,0
DA:8,0
DA:9,0
DA:10,0
DA:30,0
LF:11
LH:0
BRF:0
BRH:0
end_of_record
TN:
SF:src/auth/auth.service.ts
FN:19,(anonymous_11)
FN:26,(anonymous_12)
FN:35,(anonymous_13)
FN:59,(anonymous_14)
FN:70,(anonymous_15)
FN:85,(anonymous_16)
FN:106,(anonymous_17)
FNF:7
FNH:0
FNDA:0,(anonymous_11)
FNDA:0,(anonymous_12)
FNDA:0,(anonymous_13)
FNDA:0,(anonymous_14)
FNDA:0,(anonymous_15)
FNDA:0,(anonymous_16)
FNDA:0,(anonymous_17)
DA:1,0
DA:7,0
DA:8,0
DA:9,0
DA:10,0
DA:11,0
DA:14,0
DA:18,0
DA:20,0
DA:21,0
DA:22,0
DA:23,0
DA:27,0
DA:28,0
DA:29,0
DA:30,0
DA:32,0
DA:36,0
DA:37,0
DA:38,0
DA:41,0
DA:42,0
DA:45,0
DA:46,0
DA:47,0
DA:53,0
DA:56,0
DA:60,0
DA:63,0
DA:64,0
DA:66,0
DA:67,0
DA:71,0
DA:72,0
DA:75,0
DA:76,0
DA:77,0
DA:79,0
DA:81,0
DA:86,0
DA:88,0
DA:93,0
DA:101,0
DA:106,0
DA:113,0
LF:45
LH:0
BRDA:28,0,0,0
BRDA:28,1,0,0
BRDA:28,1,1,0
BRDA:37,2,0,0
BRDA:41,3,0,0
BRDA:45,4,0,0
BRDA:46,5,0,0
BRDA:46,6,0,0
BRDA:46,6,1,0
BRDA:63,7,0,0
BRDA:76,8,0,0
BRDA:20,9,0,0
BRDA:20,9,1,0
BRDA:20,10,0,0
BRDA:20,10,1,0
BRDA:20,11,0,0
BRDA:20,11,1,0
BRDA:20,12,0,0
BRDA:20,12,1,0
BRDA:21,13,0,0
BRDA:21,13,1,0
BRDA:21,14,0,0
BRDA:21,14,1,0
BRDA:22,15,0,0
BRDA:22,15,1,0
BRDA:22,16,0,0
BRDA:22,16,1,0
BRF:27
BRH:0
end_of_record
TN:
SF:src/auth/dto/login.dto.ts
FNF:0
FNH:0
DA:1,0
DA:2,0
DA:4,0
DA:7,0
DA:12,0
LF:5
LH:0
BRF:0
BRH:0
end_of_record
TN:
SF:src/auth/dto/refresh-token.dto.ts
FNF:0
FNH:0
DA:1,0
DA:2,0
DA:4,0
DA:11,0
LF:4
LH:0
BRF:0
BRH:0
end_of_record
TN:
SF:src/auth/dto/token-response.dto.ts
FNF:0
FNH:0
DA:1,0
DA:3,0
DA:5,0
DA:8,0
DA:11,0
LF:5
LH:0
BRF:0
BRH:0
end_of_record
TN:
SF:src/auth/guards/jwt-auth.guard.ts
FN:12,(anonymous_2)
FN:16,(anonymous_3)
FN:30,(anonymous_4)
FNF:3
FNH:0
FNDA:0,(anonymous_2)
FNDA:0,(anonymous_3)
FNDA:0,(anonymous_4)
DA:1,0
DA:6,0
DA:7,0
DA:8,0
DA:11,0
DA:12,0
DA:13,0
DA:17,0
DA:22,0
DA:24,0
DA:27,0
DA:31,0
DA:37,0
DA:38,0
DA:41,0
DA:42,0
DA:44,0
LF:17
LH:0
BRDA:22,0,0,0
BRDA:37,1,0,0
BRDA:37,2,0,0
BRDA:37,2,1,0
BRDA:41,3,0,0
BRDA:41,4,0,0
BRDA:41,4,1,0
BRDA:42,5,0,0
BRDA:42,5,1,0
BRDA:12,6,0,0
BRDA:12,6,1,0
BRDA:12,7,0,0
BRDA:12,7,1,0
BRF:13
BRH:0
end_of_record
TN:
SF:src/auth/guards/roles.guard.ts
FN:8,(anonymous_2)
FN:10,(anonymous_3)
FNF:2
FNH:0
FNDA:0,(anonymous_2)
FNDA:0,(anonymous_3)
DA:1,0
DA:2,0
DA:3,0
DA:4,0
DA:7,0
DA:8,0
DA:11,0
DA:16,0
DA:17,0
DA:20,0
DA:22,0
DA:23,0
DA:26,0
DA:28,0
LF:14
LH:0
BRDA:16,0,0,0
BRDA:22,1,0,0
BRDA:22,2,0,0
BRDA:22,2,1,0
BRDA:26,3,0,0
BRDA:8,4,0,0
BRDA:8,4,1,0
BRDA:8,5,0,0
BRDA:8,5,1,0
BRF:9
BRH:0
end_of_record
TN:
SF:src/auth/strategies/jwt.strategy.ts
FN:14,(anonymous_2)
FN:30,(anonymous_3)
FNF:2
FNH:0
FNDA:0,(anonymous_2)
FNDA:0,(anonymous_3)
DA:1,0
DA:2,0
DA:3,0
DA:8,0
DA:9,0
DA:10,0
DA:13,0
DA:15,0
DA:16,0
DA:18,0
DA:19,0
DA:20,0
DA:23,0
DA:31,0
DA:32,0
DA:33,0
DA:36,0
DA:37,0
DA:40,0
DA:42,0
DA:43,0
DA:51,0
LF:22
LH:0
BRDA:19,0,0,0
BRDA:32,1,0,0
BRDA:36,2,0,0
BRDA:40,3,0,0
BRDA:42,4,0,0
BRDA:42,5,0,0
BRDA:42,5,1,0
BRDA:15,6,0,0
BRDA:15,6,1,0
BRDA:15,7,0,0
BRDA:15,7,1,0
BRDA:15,8,0,0
BRDA:15,8,1,0
BRDA:15,9,0,0
BRDA:15,9,1,0
BRF:15
BRH:0
end_of_record
TN:
SF:src/capture/capture.controller.ts
FN:19,(anonymous_4)
FN:22,(anonymous_5)
FN:27,(anonymous_6)
FN:32,(anonymous_7)
FN:41,(anonymous_8)
FNF:5
FNH:0
FNDA:0,(anonymous_4)
FNDA:0,(anonymous_5)
FNDA:0,(anonymous_6)
FNDA:0,(anonymous_7)
FNDA:0,(anonymous_8)
DA:1,0
DA:12,0
DA:13,0
DA:14,0
DA:18,0
DA:19,0
DA:22,0
DA:23,0
DA:27,0
DA:28,0
DA:32,0
DA:37,0
DA:41,0
DA:42,0
LF:14
LH:0
BRDA:22,0,0,0
BRDA:22,0,1,0
BRDA:22,1,0,0
BRDA:22,1,1,0
BRDA:19,2,0,0
BRDA:19,2,1,0
BRDA:19,3,0,0
BRDA:19,3,1,0
BRF:8
BRH:0
end_of_record
TN:
SF:src/capture/capture.module.ts
FNF:0
FNH:0
DA:1,0
DA:2,0
DA:3,0
DA:4,0
DA:12,0
LF:5
LH:0
BRF:0
BRH:0
end_of_record
TN:
SF:src/capture/capture.service.ts
FN:7,(anonymous_2)
FN:9,(anonymous_3)
FN:18,(anonymous_4)
FN:37,(anonymous_5)
FN:56,(anonymous_6)
FNF:5
FNH:0
FNDA:0,(anonymous_2)
FNDA:0,(anonymous_3)
FNDA:0,(anonymous_4)
FNDA:0,(anonymous_5)
FNDA:0,(anonymous_6)
DA:1,0
DA:2,0
DA:6,0
DA:7,0
DA:10,0
DA:19,0
DA:42,0
DA:46,0
DA:47,0
DA:50,0
DA:57,0
DA:61,0
DA:62,0
DA:65,0
LF:14
LH:0
BRDA:46,0,0,0
BRDA:46,1,0,0
BRDA:46,1,1,0
BRDA:61,2,0,0
BRDA:61,3,0,0
BRDA:61,3,1,0
BRDA:7,4,0,0
BRDA:7,4,1,0
BRDA:7,5,0,0
BRDA:7,5,1,0
BRF:10
BRH:0
end_of_record
TN:
SF:src/capture/dto/create-capture.dto.ts
FNF:0
FNH:0
DA:1,0
DA:3,0
DA:6,0
DA:10,0
DA:15,0
DA:20,0
LF:6
LH:0
BRF:0
BRH:0
end_of_record
TN:
SF:src/certifications/certifications.controller.ts
FN:30,(anonymous_4)
FN:36,(anonymous_5)
FN:43,(anonymous_6)
FN:52,(anonymous_7)
FN:61,(anonymous_8)
FN:73,(anonymous_9)
FNF:6
FNH:0
FNDA:0,(anonymous_4)
FNDA:0,(anonymous_5)
FNDA:0,(anonymous_6)
FNDA:0,(anonymous_7)
FNDA:0,(anonymous_8)
FNDA:0,(anonymous_9)
DA:1,0
DA:12,0
DA:18,0
DA:19,0
DA:20,0
DA:21,0
DA:22,0
DA:23,0
DA:24,0
DA:25,0
DA:29,0
DA:30,0
DA:36,0
DA:37,0
DA:43,0
DA:44,0
DA:52,0
DA:53,0
DA:61,0
DA:65,0
DA:73,0
DA:74,0
LF:22
LH:0
BRDA:52,0,0,0
BRDA:52,0,1,0
BRDA:52,1,0,0
BRDA:52,1,1,0
BRDA:63,2,0,0
BRDA:63,2,1,0
BRDA:63,3,0,0
BRDA:63,3,1,0
BRDA:30,4,0,0
BRDA:30,4,1,0
BRDA:30,5,0,0
BRDA:30,5,1,0
BRF:12
BRH:0
end_of_record
TN:
SF:src/certifications/certifications.module.ts
FNF:0
FNH:0
DA:1,0
DA:2,0
DA:3,0
DA:9,0
LF:4
LH:0
BRF:0
BRH:0
end_of_record
TN:
SF:src/certifications/certifications.service.ts
FN:12,(anonymous_2)
FN:14,(anonymous_3)
FN:32,(anonymous_4)
FN:38,(anonymous_5)
FN:56,(anonymous_6)
FN:76,(anonymous_7)
FN:89,(anonymous_8)
FN:120,(anonymous_9)
FN:133,(anonymous_10)
FNF:9
FNH:0
FNDA:0,(anonymous_2)
FNDA:0,(anonymous_3)
FNDA:0,(anonymous_4)
FNDA:0,(anonymous_5)
FNDA:0,(anonymous_6)
FNDA:0,(anonymous_7)
FNDA:0,(anonymous_8)
FNDA:0,(anonymous_9)
FNDA:0,(anonymous_10)
DA:1,0
DA:6,0
DA:11,0
DA:12,0
DA:15,0
DA:32,0
DA:39,0
DA:49,0
DA:50,0
DA:53,0
DA:58,0
DA:62,0
DA:63,0
DA:68,0
DA:70,0
DA:76,0
DA:90,0
DA:92,0
DA:93,0
DA:97,0
DA:98,0
DA:104,0
DA:107,0
DA:108,0
DA:113,0
DA:120,0
DA:134,0
DA:136,0
LF:28
LH:0
BRDA:14,0,0,0
BRDA:16,1,0,0
BRDA:16,1,1,0
BRDA:34,2,0,0
BRDA:34,2,1,0
BRDA:49,3,0,0
BRDA:62,4,0,0
BRDA:74,5,0,0
BRDA:74,5,1,0
BRDA:74,6,0,0
BRDA:74,6,1,0
BRDA:92,7,0,0
BRDA:92,8,0,0
BRDA:92,8,1,0
BRDA:97,9,0,0
BRDA:107,10,0,0
BRDA:118,11,0,0
BRDA:118,11,1,0
BRDA:118,12,0,0
BRDA:118,12,1,0
BRDA:12,13,0,0
BRDA:12,13,1,0
BRDA:12,14,0,0
BRDA:12,14,1,0
BRF:24
BRH:0
end_of_record
TN:
SF:src/certifications/dto/create-certification.dto.ts
FNF:0
FNH:0
DA:1,0
DA:2,0
DA:4,0
DA:8,0
DA:13,0
DA:18,0
DA:23,0
DA:29,0
LF:8
LH:0
BRF:0
BRH:0
end_of_record
TN:
SF:src/certifications/dto/update-certification.dto.ts
FNF:0
FNH:0
DA:1,0
DA:2,0
DA:3,0
DA:5,0
DA:11,0
LF:5
LH:0
BRF:0
BRH:0
end_of_record
TN:
SF:src/comments/comments.controller.ts
FN:22,(anonymous_4)
FN:27,(anonymous_5)
FN:35,(anonymous_6)
FN:48,(anonymous_7)
FN:61,(anonymous_8)
FNF:5
FNH:0
FNDA:0,(anonymous_4)
FNDA:0,(anonymous_5)
FNDA:0,(anonymous_6)
FNDA:0,(anonymous_7)
FNDA:0,(anonymous_8)
DA:1,0
DA:12,0
DA:13,0
DA:14,0
DA:15,0
DA:16,0
DA:17,0
DA:21,0
DA:22,0
DA:27,0
DA:28,0
DA:35,0
DA:40,0
DA:41,0
DA:48,0
DA:53,0
DA:54,0
DA:61,0
DA:62,0
DA:63,0
DA:64,0
LF:21
LH:0
BRDA:40,0,0,0
BRDA:40,0,1,0
BRDA:53,1,0,0
BRDA:53,1,1,0
BRDA:62,2,0,0
BRDA:62,2,1,0
BRDA:38,3,0,0
BRDA:38,3,1,0
BRDA:38,4,0,0
BRDA:38,4,1,0
BRDA:51,5,0,0
BRDA:51,5,1,0
BRDA:51,6,0,0
BRDA:51,6,1,0
BRDA:22,7,0,0
BRDA:22,7,1,0
BRDA:22,8,0,0
BRDA:22,8,1,0
BRF:18
BRH:0
end_of_record
TN:
SF:src/comments/comments.module.ts
FNF:0
FNH:0
DA:1,0
DA:2,0
DA:3,0
DA:4,0
DA:11,0
LF:5
LH:0
BRF:0
BRH:0
end_of_record
TN:
SF:src/comments/comments.service.ts
FN:15,(anonymous_2)
FN:17,(anonymous_3)
FN:38,(anonymous_4)
FN:67,(anonymous_5)
FN:82,(anonymous_6)
FNF:5
FNH:0
FNDA:0,(anonymous_2)
FNDA:0,(anonymous_3)
FNDA:0,(anonymous_4)
FNDA:0,(anonymous_5)
FNDA:0,(anonymous_6)
DA:1,0
DA:6,0
DA:9,0
DA:11,0
DA:14,0
DA:15,0
DA:18,0
DA:21,0
DA:24,0
DA:39,0
DA:42,0
DA:44,0
DA:45,0
DA:48,0
DA:49,0
DA:53,0
DA:68,0
DA:71,0
DA:72,0
DA:73,0
DA:75,0
DA:83,0
DA:86,0
DA:87,0
DA:88,0
DA:91,0
DA:92,0
LF:27
LH:0
BRDA:21,0,0,0
BRDA:42,1,0,0
BRDA:44,2,0,0
BRDA:48,3,0,0
BRDA:48,4,0,0
BRDA:48,4,1,0
BRDA:71,5,0,0
BRDA:72,6,0,0
BRDA:86,7,0,0
BRDA:87,8,0,0
BRDA:87,9,0,0
BRDA:87,9,1,0
BRDA:15,10,0,0
BRDA:15,10,1,0
BRDA:15,11,0,0
BRDA:15,11,1,0
BRF:16
BRH:0
end_of_record
TN:
SF:src/comments/dto/create-comment.dto.ts
FNF:0
FNH:0
DA:1,0
DA:2,0
DA:10,0
DA:15,0
DA:20,0
LF:5
LH:0
BRF:0
BRH:0
end_of_record
TN:
SF:src/comments/dto/update-comment.dto.ts
FNF:0
FNH:0
DA:1,0
DA:2,0
DA:4,0
DA:8,0
LF:4
LH:0
BRF:0
BRH:0
end_of_record
TN:
SF:src/common/rls.interceptor.ts
FN:24,(anonymous_2)
FN:26,(anonymous_3)
FN:39,(anonymous_4)
FN:42,(anonymous_5)
FNF:4
FNH:0
FNDA:0,(anonymous_2)
FNDA:0,(anonymous_3)
FNDA:0,(anonymous_4)
FNDA:0,(anonymous_5)
DA:1,0
DA:8,0
DA:23,0
DA:24,0
DA:30,0
DA:31,0
DA:33,0
DA:35,0
DA:39,0
DA:40,0
DA:45,0
DA:51,0
DA:52,0
DA:54,0
DA:55,0
DA:56,0
DA:59,0
LF:17
LH:0
BRDA:33,0,0,0
BRDA:24,1,0,0
BRDA:24,1,1,0
BRDA:24,2,0,0
BRDA:24,2,1,0
BRF:5
BRH:0
end_of_record
TN:
SF:src/common/decorators/current-user.decorator.ts
FN:4,(anonymous_0)
FNF:1
FNH:0
FNDA:0,(anonymous_0)
DA:1,0
DA:3,0
DA:5,0
DA:6,0
DA:7,0
LF:5
LH:0
BRDA:7,0,0,0
BRDA:7,0,1,0
BRF:2
BRH:0
end_of_record
TN:
SF:src/common/decorators/index.ts
FN:1,(anonymous_0)
FN:1,(anonymous_1)
FN:2,(anonymous_2)
FN:2,(anonymous_3)
FN:3,(anonymous_4)
FNF:5
FNH:0
FNDA:0,(anonymous_0)
FNDA:0,(anonymous_1)
FNDA:0,(anonymous_2)
FNDA:0,(anonymous_3)
FNDA:0,(anonymous_4)
DA:1,0
DA:2,0
DA:3,0
LF:3
LH:0
BRF:0
BRH:0
end_of_record
TN:
SF:src/common/decorators/org-roles.decorator.ts
FN:5,(anonymous_0)
FNF:1
FNH:0
FNDA:0,(anonymous_0)
DA:1,0
DA:4,0
DA:5,0
DA:6,0
LF:4
LH:0
BRF:0
BRH:0
end_of_record
TN:
SF:src/common/decorators/public.decorator.ts
FN:4,(anonymous_0)
FNF:1
FNH:0
FNDA:0,(anonymous_0)
DA:1,0
DA:3,0
DA:4,0
LF:3
LH:0
BRF:0
BRH:0
end_of_record
TN:
SF:src/common/decorators/roles.decorator.ts
FN:5,(anonymous_0)
FNF:1
FNH:0
FNDA:0,(anonymous_0)
DA:1,0
DA:4,0
DA:5,0
LF:3
LH:0
BRF:0
BRH:0
end_of_record
TN:
SF:src/common/dto/index.ts
FN:1,(anonymous_0)
FN:1,(anonymous_1)
FNF:2
FNH:0
FNDA:0,(anonymous_0)
FNDA:0,(anonymous_1)
DA:1,0
LF:1
LH:0
BRF:0
BRH:0
end_of_record
TN:
SF:src/common/dto/pagination.dto.ts
FN:8,(anonymous_2)
FN:20,(anonymous_3)
FNF:2
FNH:0
FNDA:0,(anonymous_2)
FNDA:0,(anonymous_3)
DA:1,0
DA:2,0
DA:3,0
DA:5,0
DA:8,0
DA:11,0
DA:20,0
DA:24,0
DA:27,0
LF:9
LH:0
BRF:0
BRH:0
end_of_record
TN:
SF:src/common/filters/all-exceptions.filter.ts
FN:15,(anonymous_1)
FNF:1
FNH:0
FNDA:0,(anonymous_1)
DA:1,0
DA:12,0
DA:13,0
DA:16,0
DA:17,0
DA:18,0
DA:21,0
DA:26,0
DA:30,0
DA:35,0
LF:10
LH:0
BRDA:21,0,0,0
BRDA:21,0,1,0
BRDA:26,1,0,0
BRDA:26,1,1,0
BRDA:32,2,0,0
BRDA:32,2,1,0
BRDA:39,3,0,0
BRDA:39,3,1,0
BRF:8
BRH:0
end_of_record
TN:
SF:src/events/attempt-events.constants.ts
FNF:0
FNH:0
DA:1,0
DA:2,0
LF:2
LH:0
BRF:0
BRH:0
end_of_record
TN:
SF:src/events/attempt-events.processor.ts
FN:33,(anonymous_4)
FN:40,(anonymous_5)
FN:47,(anonymous_6)
FN:62,(anonymous_7)
FN:63,(anonymous_8)
FNF:5
FNH:0
FNDA:0,(anonymous_4)
FNDA:0,(anonymous_5)
FNDA:0,(anonymous_6)
FNDA:0,(anonymous_7)
FNDA:0,(anonymous_8)
DA:1,0
DA:2,0
DA:3,0
DA:5,0
DA:6,0
DA:10,0
DA:11,0
DA:30,0
DA:31,0
DA:34,0
DA:35,0
DA:37,0
DA:41,0
DA:43,0
DA:47,0
DA:56,0
DA:59,0
DA:62,0
DA:63,0
DA:67,0
DA:68,0
DA:73,0
DA:74,0
DA:75,0
DA:78,0
LF:25
LH:0
BRDA:50,0,0,0
BRDA:50,0,1,0
BRDA:67,1,0,0
BRDA:75,2,0,0
BRDA:34,3,0,0
BRDA:34,3,1,0
BRDA:34,4,0,0
BRDA:34,4,1,0
BRDA:34,5,0,0
BRDA:34,5,1,0
BRDA:34,6,0,0
BRDA:34,6,1,0
BRF:12
BRH:0
end_of_record
TN:
SF:src/events/event-payload.schema.ts
FN:42,parseEventPayload
FNF:1
FNH:0
FNDA:0,parseEventPayload
DA:1,0
DA:2,0
DA:4,0
DA:10,0
DA:16,0
DA:21,0
DA:25,0
DA:30,0
DA:42,0
DA:46,0
DA:47,0
DA:48,0
DA:59,0
LF:13
LH:0
BRDA:47,0,0,0
BRF:1
BRH:0
end_of_record
TN:
SF:src/events/event-type.ts
FNF:0
FNH:0
DA:1,0
LF:1
LH:0
BRF:0
BRH:0
end_of_record
TN:
SF:src/events/events.controller.ts
FN:24,(anonymous_4)
FN:33,(anonymous_5)
FNF:2
FNH:0
FNDA:0,(anonymous_4)
FNDA:0,(anonymous_5)
DA:1,0
DA:10,0
DA:16,0
DA:17,0
DA:18,0
DA:23,0
DA:24,0
DA:33,0
DA:37,0
DA:38,0
LF:10
LH:0
BRDA:35,0,0,0
BRDA:35,0,1,0
BRDA:35,1,0,0
BRDA:35,1,1,0
BRDA:36,2,0,0
BRDA:36,2,1,0
BRDA:36,3,0,0
BRDA:36,3,1,0
BRDA:24,4,0,0
BRDA:24,4,1,0
BRDA:24,5,0,0
BRDA:24,5,1,0
BRF:12
BRH:0
end_of_record
TN:
SF:src/events/events.module.ts
FNF:0
FNH:0
DA:1,0
DA:2,0
DA:3,0
DA:4,0
DA:5,0
DA:6,0
DA:7,0
DA:8,0
DA:19,0
LF:9
LH:0
BRF:0
BRH:0
end_of_record
TN:
SF:src/events/events.service.ts
FN:13,(anonymous_4)
FN:17,(anonymous_5)
FNF:2
FNH:0
FNDA:0,(anonymous_4)
FNDA:0,(anonymous_5)
DA:1,0
DA:2,0
DA:3,0
DA:5,0
DA:6,0
DA:12,0
DA:14,0
DA:18,0
DA:19,0
DA:21,0
DA:22,0
DA:27,0
DA:28,0
DA:29,0
DA:30,0
DA:36,0
LF:16
LH:0
BRDA:18,0,0,0
BRDA:18,1,0,0
BRDA:18,1,1,0
BRDA:21,2,0,0
BRDA:29,3,0,0
BRDA:14,4,0,0
BRDA:14,4,1,0
BRDA:14,5,0,0
BRDA:14,5,1,0
BRF:9
BRH:0
end_of_record
TN:
SF:src/events/dto/ingest-events.dto.ts
FN:49,(anonymous_2)
FNF:1
FNH:0
FNDA:0,(anonymous_2)
DA:1,0
DA:9,0
DA:10,0
DA:12,0
DA:15,0
DA:23,0
DA:30,0
DA:33,0
DA:37,0
DA:40,0
DA:49,0
DA:50,0
LF:12
LH:0
BRDA:33,0,0,0
BRDA:33,0,1,0
BRDA:33,1,0,0
BRDA:33,1,1,0
BRF:4
BRH:0
end_of_record
TN:
SF:src/exam-catalog/exam-catalog.controller.ts
FN:30,(anonymous_4)
FN:34,(anonymous_5)
FN:41,(anonymous_6)
FN:50,(anonymous_7)
FN:59,(anonymous_8)
FN:65,(anonymous_9)
FN:76,(anonymous_10)
FN:92,(anonymous_11)
FN:101,(anonymous_12)
FN:115,(anonymous_13)
FN:118,(anonymous_14)
FN:124,(anonymous_15)
FN:134,(anonymous_16)
FN:144,(anonymous_17)
FN:149,(anonymous_18)
FNF:15
FNH:0
FNDA:0,(anonymous_4)
FNDA:0,(anonymous_5)
FNDA:0,(anonymous_6)
FNDA:0,(anonymous_7)
FNDA:0,(anonymous_8)
FNDA:0,(anonymous_9)
FNDA:0,(anonymous_10)
FNDA:0,(anonymous_11)
FNDA:0,(anonymous_12)
FNDA:0,(anonymous_13)
FNDA:0,(anonymous_14)
FNDA:0,(anonymous_15)
FNDA:0,(anonymous_16)
FNDA:0,(anonymous_17)
FNDA:0,(anonymous_18)
DA:1,0
DA:13,0
DA:14,0
DA:15,0
DA:16,0
DA:17,0
DA:18,0
DA:19,0
DA:20,0
DA:21,0
DA:22,0
DA:23,0
DA:29,0
DA:30,0
DA:34,0
DA:35,0
DA:41,0
DA:45,0
DA:50,0
DA:55,0
DA:59,0
DA:60,0
DA:65,0
DA:71,0
DA:76,0
DA:82,0
DA:92,0
DA:97,0
DA:101,0
DA:106,0
DA:114,0
DA:115,0
DA:118,0
DA:119,0
DA:124,0
DA:129,0
DA:134,0
DA:139,0
DA:144,0
DA:145,0
DA:149,0
DA:150,0
LF:42
LH:0
BRDA:34,0,0,0
BRDA:34,0,1,0
BRDA:34,1,0,0
BRDA:34,1,1,0
BRDA:43,2,0,0
BRDA:43,2,1,0
BRDA:43,3,0,0
BRDA:43,3,1,0
BRDA:53,4,0,0
BRDA:53,4,1,0
BRDA:53,5,0,0
BRDA:53,5,1,0
BRDA:69,6,0,0
BRDA:69,6,1,0
BRDA:69,7,0,0
BRDA:69,7,1,0
BRDA:95,8,0,0
BRDA:95,8,1,0
BRDA:95,9,0,0
BRDA:95,9,1,0
BRDA:30,10,0,0
BRDA:30,10,1,0
BRDA:30,11,0,0
BRDA:30,11,1,0
BRDA:127,12,0,0
BRDA:127,12,1,0
BRDA:127,13,0,0
BRDA:127,13,1,0
BRDA:137,14,0,0
BRDA:137,14,1,0
BRDA:137,15,0,0
BRDA:137,15,1,0
BRDA:115,16,0,0
BRDA:115,16,1,0
BRDA:115,17,0,0
BRDA:115,17,1,0
BRF:36
BRH:0
end_of_record
TN:
SF:src/exam-catalog/exam-catalog.module.ts
FNF:0
FNH:0
DA:1,0
DA:2,0
DA:6,0
DA:7,0
DA:15,0
LF:5
LH:0
BRF:0
BRH:0
end_of_record
TN:
SF:src/exam-catalog/exam-catalog.service.ts
FN:19,(anonymous_2)
FN:26,(anonymous_3)
FN:76,(anonymous_4)
FN:102,(anonymous_5)
FN:109,(anonymous_6)
FN:136,(anonymous_7)
FN:154,(anonymous_8)
FN:166,(anonymous_9)
FN:173,(anonymous_10)
FN:234,(anonymous_11)
FN:257,(anonymous_12)
FN:294,(anonymous_13)
FN:339,(anonymous_14)
FN:396,(anonymous_15)
FN:397,(anonymous_16)
FN:419,(anonymous_17)
FN:430,(anonymous_18)
FN:441,(anonymous_19)
FN:462,(anonymous_20)
FN:463,(anonymous_21)
FN:471,(anonymous_22)
FN:473,(anonymous_23)
FN:474,(anonymous_24)
FN:496,(anonymous_25)
FN:529,(anonymous_26)
FN:539,(anonymous_27)
FN:542,(anonymous_28)
FN:563,(anonymous_29)
FN:586,(anonymous_30)
FN:598,(anonymous_31)
FN:615,(anonymous_32)
FNF:31
FNH:0
FNDA:0,(anonymous_2)
FNDA:0,(anonymous_3)
FNDA:0,(anonymous_4)
FNDA:0,(anonymous_5)
FNDA:0,(anonymous_6)
FNDA:0,(anonymous_7)
FNDA:0,(anonymous_8)
FNDA:0,(anonymous_9)
FNDA:0,(anonymous_10)
FNDA:0,(anonymous_11)
FNDA:0,(anonymous_12)
FNDA:0,(anonymous_13)
FNDA:0,(anonymous_14)
FNDA:0,(anonymous_15)
FNDA:0,(anonymous_16)
FNDA:0,(anonymous_17)
FNDA:0,(anonymous_18)
FNDA:0,(anonymous_19)
FNDA:0,(anonymous_20)
FNDA:0,(anonymous_21)
FNDA:0,(anonymous_22)
FNDA:0,(anonymous_23)
FNDA:0,(anonymous_24)
FNDA:0,(anonymous_25)
FNDA:0,(anonymous_26)
FNDA:0,(anonymous_27)
FNDA:0,(anonymous_28)
FNDA:0,(anonymous_29)
FNDA:0,(anonymous_30)
FNDA:0,(anonymous_31)
FNDA:0,(anonymous_32)
DA:1,0
DA:7,0
DA:8,0
DA:9,0
DA:18,0
DA:20,0
DA:21,0
DA:31,0
DA:32,0
DA:33,0
DA:34,0
DA:36,0
DA:37,0
DA:38,0
DA:39,0
DA:40,0
DA:41,0
DA:47,0
DA:48,0
DA:50,0
DA:51,0
DA:54,0
DA:70,0
DA:77,0
DA:78,0
DA:98,0
DA:99,0
DA:107,0
DA:109,0
DA:110,0
DA:136,0
DA:150,0
DA:160,0
DA:161,0
DA:164,0
DA:166,0
DA:167,0
DA:168,0
DA:171,0
DA:172,0
DA:173,0
DA:183,0
DA:240,0
DA:241,0
DA:244,0
DA:246,0
DA:247,0
DA:248,0
DA:249,0
DA:252,0
DA:258,0
DA:259,0
DA:262,0
DA:264,0
DA:265,0
DA:269,0
DA:270,0
DA:273,0
DA:275,0
DA:276,0
DA:279,0
DA:282,0
DA:295,0
DA:297,0
DA:322,0
DA:323,0
DA:326,0
DA:327,0
DA:328,0
DA:330,0
DA:331,0
DA:336,0
DA:337,0
DA:338,0
DA:340,0
DA:342,0
DA:348,0
DA:349,0
DA:355,0
DA:356,0
DA:364,0
DA:365,0
DA:370,0
DA:371,0
DA:375,0
DA:384,0
DA:385,0
DA:392,0
DA:394,0
DA:395,0
DA:396,0
DA:397,0
DA:400,0
DA:413,0
DA:414,0
DA:419,0
DA:420,0
DA:423,0
DA:424,0
DA:430,0
DA:431,0
DA:441,0
DA:449,0
DA:457,0
DA:461,0
DA:462,0
DA:463,0
DA:471,0
DA:473,0
DA:474,0
DA:482,0
DA:497,0
DA:499,0
DA:503,0
DA:506,0
DA:528,0
DA:530,0
DA:538,0
DA:539,0
DA:541,0
DA:542,0
DA:545,0
DA:549,0
DA:558,0
DA:564,0
DA:565,0
DA:587,0
DA:588,0
DA:599,0
DA:600,0
DA:603,0
DA:605,0
DA:616,0
DA:617,0
DA:620,0
DA:623,0
DA:627,0
LF:137
LH:0
BRDA:32,0,0,0
BRDA:32,0,1,0
BRDA:33,1,0,0
BRDA:33,1,1,0
BRDA:37,2,0,0
BRDA:47,3,0,0
BRDA:50,4,0,0
BRDA:98,5,0,0
BRDA:115,6,0,0
BRDA:115,6,1,0
BRDA:120,7,0,0
BRDA:120,7,1,0
BRDA:122,8,0,0
BRDA:122,8,1,0
BRDA:125,9,0,0
BRDA:125,9,1,0
BRDA:128,10,0,0
BRDA:128,10,1,0
BRDA:129,11,0,0
BRDA:129,11,1,0
BRDA:130,12,0,0
BRDA:130,12,1,0
BRDA:134,13,0,0
BRDA:134,13,1,0
BRDA:137,14,0,0
BRDA:137,14,1,0
BRDA:138,15,0,0
BRDA:138,15,1,0
BRDA:139,16,0,0
BRDA:139,16,1,0
BRDA:164,17,0,0
BRDA:167,18,0,0
BRDA:171,19,0,0
BRDA:175,20,0,0
BRDA:175,20,1,0
BRDA:176,21,0,0
BRDA:176,21,1,0
BRDA:177,22,0,0
BRDA:177,22,1,0
BRDA:186,23,0,0
BRDA:186,23,1,0
BRDA:187,24,0,0
BRDA:187,24,1,0
BRDA:190,25,0,0
BRDA:190,25,1,0
BRDA:191,26,0,0
BRDA:191,26,1,0
BRDA:194,27,0,0
BRDA:194,27,1,0
BRDA:197,28,0,0
BRDA:197,28,1,0
BRDA:198,29,0,0
BRDA:198,29,1,0
BRDA:201,30,0,0
BRDA:201,30,1,0
BRDA:202,31,0,0
BRDA:202,31,1,0
BRDA:205,32,0,0
BRDA:205,32,1,0
BRDA:206,33,0,0
BRDA:206,33,1,0
BRDA:210,34,0,0
BRDA:210,34,1,0
BRDA:211,35,0,0
BRDA:211,35,1,0
BRDA:215,36,0,0
BRDA:215,36,1,0
BRDA:218,37,0,0
BRDA:218,37,1,0
BRDA:219,38,0,0
BRDA:219,38,1,0
BRDA:220,39,0,0
BRDA:220,39,1,0
BRDA:221,40,0,0
BRDA:221,40,1,0
BRDA:244,41,0,0
BRDA:248,42,0,0
BRDA:248,43,0,0
BRDA:248,43,1,0
BRDA:262,44,0,0
BRDA:264,45,0,0
BRDA:264,46,0,0
BRDA:264,46,1,0
BRDA:269,47,0,0
BRDA:273,48,0,0
BRDA:275,49,0,0
BRDA:279,50,0,0
BRDA:285,51,0,0
BRDA:285,51,1,0
BRDA:286,52,0,0
BRDA:286,52,1,0
BRDA:287,53,0,0
BRDA:287,53,1,0
BRDA:322,54,0,0
BRDA:327,55,0,0
BRDA:327,56,0,0
BRDA:327,56,1,0
BRDA:330,57,0,0
BRDA:330,58,0,0
BRDA:330,58,1,0
BRDA:337,59,0,0
BRDA:340,60,0,0
BRDA:340,60,1,0
BRDA:343,61,0,0
BRDA:343,61,1,0
BRDA:343,61,2,0
BRDA:348,62,0,0
BRDA:355,63,0,0
BRDA:364,64,0,0
BRDA:370,65,0,0
BRDA:379,66,0,0
BRDA:379,66,1,0
BRDA:384,67,0,0
BRDA:394,68,0,0
BRDA:394,68,1,0
BRDA:396,69,0,0
BRDA:396,69,1,0
BRDA:413,70,0,0
BRDA:423,71,0,0
BRDA:471,72,0,0
BRDA:471,72,1,0
BRDA:471,73,0,0
BRDA:471,73,1,0
BRDA:472,74,0,0
BRDA:472,74,1,0
BRDA:503,75,0,0
BRDA:511,76,0,0
BRDA:511,76,1,0
BRDA:541,77,0,0
BRDA:541,77,1,0
BRDA:542,78,0,0
BRDA:542,78,1,0
BRDA:545,79,0,0
BRDA:545,79,1,0
BRDA:546,80,0,0
BRDA:546,80,1,0
BRDA:593,81,0,0
BRDA:593,81,1,0
BRDA:603,82,0,0
BRDA:608,83,0,0
BRDA:608,83,1,0
BRDA:609,84,0,0
BRDA:609,84,1,0
BRDA:610,85,0,0
BRDA:610,85,1,0
BRDA:620,86,0,0
BRDA:20,87,0,0
BRDA:20,87,1,0
BRDA:20,88,0,0
BRDA:20,88,1,0
BRDA:20,89,0,0
BRDA:20,89,1,0
BRDA:20,90,0,0
BRDA:20,90,1,0
BRF:154
BRH:0
end_of_record
TN:
SF:src/exam-catalog/dto/assign-exam.dto.ts
FNF:0
FNH:0
DA:1,0
DA:3,0
DA:6,0
DA:10,0
DA:14,0
LF:5
LH:0
BRF:0
BRH:0
end_of_record
TN:
SF:src/exam-catalog/dto/create-catalog-item.dto.ts
FN:108,(anonymous_2)
FNF:1
FNH:0
FNDA:0,(anonymous_2)
DA:1,0
DA:16,0
DA:17,0
DA:19,0
DA:22,0
DA:26,0
DA:31,0
DA:34,0
DA:38,0
DA:43,0
DA:47,0
DA:51,0
DA:55,0
DA:59,0
DA:65,0
DA:69,0
DA:74,0
DA:78,0
DA:82,0
DA:86,0
DA:90,0
DA:95,0
DA:99,0
DA:103,0
DA:108,0
DA:109,0
LF:26
LH:0
BRDA:47,0,0,0
BRDA:47,0,1,0
BRDA:47,1,0,0
BRDA:47,1,1,0
BRDA:69,2,0,0
BRDA:69,2,1,0
BRDA:69,3,0,0
BRDA:69,3,1,0
BRF:8
BRH:0
end_of_record
TN:
SF:src/exam-catalog/dto/create-track.dto.ts
FNF:0
FNH:0
DA:1,0
DA:9,0
DA:13,0
DA:18,0
DA:22,0
LF:5
LH:0
BRF:0
BRH:0
end_of_record
TN:
SF:src/exam-catalog/dto/list-catalog.dto.ts
FN:14,(anonymous_2)
FN:20,(anonymous_3)
FNF:2
FNH:0
FNDA:0,(anonymous_2)
FNDA:0,(anonymous_3)
DA:1,0
DA:2,0
DA:4,0
DA:7,0
DA:11,0
DA:14,0
DA:17,0
DA:20,0
DA:23,0
LF:9
LH:0
BRF:0
BRH:0
end_of_record
TN:
SF:src/exam-catalog/dto/update-catalog-item.dto.ts
FNF:0
FNH:0
DA:1,0
DA:2,0
DA:4,0
LF:3
LH:0
BRF:0
BRH:0
end_of_record
TN:
SF:src/exam-catalog/dto/update-track.dto.ts
FNF:0
FNH:0
DA:1,0
DA:2,0
DA:4,0
LF:3
LH:0
BRF:0
BRH:0
end_of_record
TN:
SF:src/exams/exams.controller.ts
FN:29,(anonymous_4)
FN:35,(anonymous_5)
FN:47,(anonymous_6)
FN:65,(anonymous_7)
FN:82,(anonymous_8)
FN:89,(anonymous_9)
FN:97,(anonymous_10)
FN:106,(anonymous_11)
FNF:8
FNH:0
FNDA:0,(anonymous_4)
FNDA:0,(anonymous_5)
FNDA:0,(anonymous_6)
FNDA:0,(anonymous_7)
FNDA:0,(anonymous_8)
FNDA:0,(anonymous_9)
FNDA:0,(anonymous_10)
FNDA:0,(anonymous_11)
DA:1,0
DA:13,0
DA:14,0
DA:20,0
DA:21,0
DA:22,0
DA:23,0
DA:24,0
DA:28,0
DA:29,0
DA:35,0
DA:36,0
DA:37,0
DA:47,0
DA:53,0
DA:65,0
DA:70,0
DA:71,0
DA:82,0
DA:83,0
DA:89,0
DA:90,0
DA:97,0
DA:98,0
DA:99,0
DA:106,0
DA:107,0
DA:108,0
DA:109,0
LF:29
LH:0
BRDA:36,0,0,0
BRDA:36,0,1,0
BRDA:55,1,0,0
BRDA:55,1,1,0
BRDA:56,2,0,0
BRDA:56,2,1,0
BRDA:57,3,0,0
BRDA:57,3,1,0
BRDA:70,4,0,0
BRDA:70,4,1,0
BRDA:73,5,0,0
BRDA:73,5,1,0
BRDA:74,6,0,0
BRDA:74,6,1,0
BRDA:98,7,0,0
BRDA:98,7,1,0
BRDA:107,8,0,0
BRDA:107,8,1,0
BRDA:35,9,0,0
BRDA:35,9,1,0
BRDA:35,10,0,0
BRDA:35,10,1,0
BRDA:97,11,0,0
BRDA:97,11,1,0
BRDA:97,12,0,0
BRDA:97,12,1,0
BRDA:29,13,0,0
BRDA:29,13,1,0
BRDA:29,14,0,0
BRDA:29,14,1,0
BRF:30
BRH:0
end_of_record
TN:
SF:src/exams/exams.module.ts
FNF:0
FNH:0
DA:1,0
DA:2,0
DA:3,0
DA:10,0
LF:4
LH:0
BRF:0
BRH:0
end_of_record
TN:
SF:src/exams/exams.service.ts
FN:14,(anonymous_2)
FN:16,(anonymous_3)
FN:29,(anonymous_4)
FN:30,(anonymous_5)
FN:51,(anonymous_6)
FN:64,(anonymous_7)
FN:101,(anonymous_8)
FN:126,(anonymous_9)
FN:137,(anonymous_10)
FN:161,(anonymous_11)
FN:184,(anonymous_12)
FN:197,(anonymous_13)
FNF:12
FNH:0
FNDA:0,(anonymous_2)
FNDA:0,(anonymous_3)
FNDA:0,(anonymous_4)
FNDA:0,(anonymous_5)
FNDA:0,(anonymous_6)
FNDA:0,(anonymous_7)
FNDA:0,(anonymous_8)
FNDA:0,(anonymous_9)
FNDA:0,(anonymous_10)
FNDA:0,(anonymous_11)
FNDA:0,(anonymous_12)
FNDA:0,(anonymous_13)
DA:1,0
DA:6,0
DA:9,0
DA:10,0
DA:13,0
DA:14,0
DA:17,0
DA:19,0
DA:20,0
DA:29,0
DA:30,0
DA:34,0
DA:38,0
DA:51,0
DA:70,0
DA:71,0
DA:72,0
DA:75,0
DA:79,0
DA:95,0
DA:102,0
DA:103,0
DA:105,0
DA:120,0
DA:127,0
DA:131,0
DA:138,0
DA:157,0
DA:158,0
DA:162,0
DA:180,0
DA:181,0
DA:185,0
DA:186,0
DA:187,0
DA:188,0
DA:190,0
DA:198,0
DA:199,0
DA:200,0
DA:201,0
DA:204,0
DA:205,0
LF:43
LH:0
BRDA:19,0,0,0
BRDA:19,1,0,0
BRDA:19,1,1,0
BRDA:34,2,0,0
BRDA:34,2,1,0
BRDA:46,3,0,0
BRDA:46,3,1,0
BRDA:66,4,0,0
BRDA:67,5,0,0
BRDA:68,6,0,0
BRDA:72,7,0,0
BRDA:75,8,0,0
BRDA:75,8,1,0
BRDA:101,9,0,0
BRDA:101,10,0,0
BRDA:133,11,0,0
BRDA:133,11,1,0
BRDA:157,12,0,0
BRDA:180,13,0,0
BRDA:186,14,0,0
BRDA:187,15,0,0
BRDA:199,16,0,0
BRDA:200,17,0,0
BRDA:200,18,0,0
BRDA:200,18,1,0
BRDA:14,19,0,0
BRDA:14,19,1,0
BRDA:14,20,0,0
BRDA:14,20,1,0
BRF:29
BRH:0
end_of_record
TN:
SF:src/exams/dto/create-exam.dto.ts
FNF:0
FNH:0
DA:1,0
DA:2,0
DA:13,0
DA:15,0
DA:20,0
DA:28,0
DA:33,0
DA:38,0
DA:43,0
DA:48,0
DA:57,0
DA:66,0
DA:75,0
LF:13
LH:0
BRDA:48,0,0,0
BRDA:48,0,1,0
BRDA:48,1,0,0
BRDA:48,1,1,0
BRDA:57,2,0,0
BRDA:57,2,1,0
BRDA:57,3,0,0
BRDA:57,3,1,0
BRDA:66,4,0,0
BRDA:66,4,1,0
BRDA:66,5,0,0
BRDA:66,5,1,0
BRF:12
BRH:0
end_of_record
TN:
SF:src/exams/dto/update-exam.dto.ts
FNF:0
FNH:0
DA:1,0
DA:2,0
DA:3,0
DA:5,0
DA:9,0
DA:14,0
DA:20,0
DA:25,0
LF:8
LH:0
BRDA:25,0,0,0
BRDA:25,0,1,0
BRDA:25,1,0,0
BRDA:25,1,1,0
BRF:4
BRH:0
end_of_record
TN:
SF:src/flashcards/flashcards.controller.ts
FN:35,(anonymous_4)
FN:41,(anonymous_5)
FN:48,(anonymous_6)
FN:55,(anonymous_7)
FN:62,(anonymous_8)
FN:73,(anonymous_9)
FN:82,(anonymous_10)
FN:92,(anonymous_11)
FN:99,(anonymous_12)
FN:110,(anonymous_13)
FN:117,(anonymous_14)
FN:127,(anonymous_15)
FN:139,(anonymous_16)
FN:149,(anonymous_17)
FNF:14
FNH:0
FNDA:0,(anonymous_4)
FNDA:0,(anonymous_5)
FNDA:0,(anonymous_6)
FNDA:0,(anonymous_7)
FNDA:0,(anonymous_8)
FNDA:0,(anonymous_9)
FNDA:0,(anonymous_10)
FNDA:0,(anonymous_11)
FNDA:0,(anonymous_12)
FNDA:0,(anonymous_13)
FNDA:0,(anonymous_14)
FNDA:0,(anonymous_15)
FNDA:0,(anonymous_16)
FNDA:0,(anonymous_17)
DA:1,0
DA:15,0
DA:21,0
DA:22,0
DA:23,0
DA:24,0
DA:25,0
DA:26,0
DA:27,0
DA:34,0
DA:35,0
DA:41,0
DA:42,0
DA:43,0
DA:48,0
DA:49,0
DA:50,0
DA:55,0
DA:56,0
DA:57,0
DA:62,0
DA:67,0
DA:68,0
DA:73,0
DA:74,0
DA:75,0
DA:82,0
DA:86,0
DA:87,0
DA:92,0
DA:93,0
DA:94,0
DA:99,0
DA:104,0
DA:105,0
DA:110,0
DA:111,0
DA:112,0
DA:117,0
DA:118,0
DA:119,0
DA:127,0
DA:132,0
DA:133,0
DA:139,0
DA:143,0
DA:144,0
DA:149,0
DA:150,0
DA:151,0
LF:50
LH:0
BRDA:41,0,0,0
BRDA:41,0,1,0
BRDA:41,1,0,0
BRDA:41,1,1,0
BRDA:65,2,0,0
BRDA:65,2,1,0
BRDA:65,3,0,0
BRDA:65,3,1,0
BRDA:84,4,0,0
BRDA:84,4,1,0
BRDA:84,5,0,0
BRDA:84,5,1,0
BRDA:102,6,0,0
BRDA:102,6,1,0
BRDA:102,7,0,0
BRDA:102,7,1,0
BRDA:130,8,0,0
BRDA:130,8,1,0
BRDA:130,9,0,0
BRDA:130,9,1,0
BRDA:35,10,0,0
BRDA:35,10,1,0
BRDA:35,11,0,0
BRDA:35,11,1,0
BRF:24
BRH:0
end_of_record
TN:
SF:src/flashcards/flashcards.module.ts
FNF:0
FNH:0
DA:1,0
DA:2,0
DA:3,0
DA:4,0
DA:11,0
LF:5
LH:0
BRF:0
BRH:0
end_of_record
TN:
SF:src/flashcards/flashcards.service.ts
FN:23,idempotencyKey
FN:31,checkAndSetIdempotency
FN:47,getIdempotencyEntry
FN:61,(anonymous_5)
FN:68,(anonymous_6)
FN:80,(anonymous_7)
FN:91,(anonymous_8)
FN:109,(anonymous_9)
FN:117,(anonymous_10)
FN:126,(anonymous_11)
FN:138,(anonymous_12)
FN:151,(anonymous_13)
FN:159,(anonymous_14)
FN:166,(anonymous_15)
FN:176,(anonymous_16)
FN:267,(anonymous_17)
FN:274,(anonymous_18)
FN:323,(anonymous_19)
FN:340,(anonymous_20)
FN:359,(anonymous_21)
FNF:20
FNH:0
FNDA:0,idempotencyKey
FNDA:0,checkAndSetIdempotency
FNDA:0,getIdempotencyEntry
FNDA:0,(anonymous_5)
FNDA:0,(anonymous_6)
FNDA:0,(anonymous_7)
FNDA:0,(anonymous_8)
FNDA:0,(anonymous_9)
FNDA:0,(anonymous_10)
FNDA:0,(anonymous_11)
FNDA:0,(anonymous_12)
FNDA:0,(anonymous_13)
FNDA:0,(anonymous_14)
FNDA:0,(anonymous_15)
FNDA:0,(anonymous_16)
FNDA:0,(anonymous_17)
FNDA:0,(anonymous_18)
FNDA:0,(anonymous_19)
FNDA:0,(anonymous_20)
FNDA:0,(anonymous_21)
DA:1,0
DA:6,0
DA:7,0
DA:13,0
DA:18,0
DA:28,0
DA:37,0
DA:38,0
DA:39,0
DA:40,0
DA:41,0
DA:43,0
DA:44,0
DA:52,0
DA:53,0
DA:54,0
DA:55,0
DA:56,0
DA:60,0
DA:62,0
DA:63,0
DA:69,0
DA:81,0
DA:92,0
DA:103,0
DA:104,0
DA:106,0
DA:110,0
DA:111,0
DA:118,0
DA:119,0
DA:127,0
DA:130,0
DA:131,0
DA:133,0
DA:139,0
DA:144,0
DA:145,0
DA:146,0
DA:148,0
DA:152,0
DA:153,0
DA:160,0
DA:161,0
DA:167,0
DA:168,0
DA:181,0
DA:184,0
DA:185,0
DA:190,0
DA:192,0
DA:195,0
DA:200,0
DA:204,0
DA:205,0
DA:206,0
DA:207,0
DA:209,0
DA:217,0
DA:218,0
DA:220,0
DA:243,0
DA:244,0
DA:253,0
DA:271,0
DA:280,0
DA:283,0
DA:288,0
DA:289,0
DA:292,0
DA:307,0
DA:312,0
DA:313,0
DA:316,0
DA:323,0
DA:337,0
DA:341,0
DA:355,0
DA:360,0
DA:361,0
LF:80
LH:0
BRDA:40,0,0,0
BRDA:40,1,0,0
BRDA:40,1,1,0
BRDA:55,2,0,0
BRDA:55,3,0,0
BRDA:55,3,1,0
BRDA:103,4,0,0
BRDA:104,5,0,0
BRDA:130,6,0,0
BRDA:131,7,0,0
BRDA:144,8,0,0
BRDA:145,9,0,0
BRDA:184,10,0,0
BRDA:190,11,0,0
BRDA:195,12,0,0
BRDA:204,13,0,0
BRDA:204,13,1,0
BRDA:205,14,0,0
BRDA:205,14,1,0
BRDA:206,15,0,0
BRDA:206,15,1,0
BRDA:207,16,0,0
BRDA:207,16,1,0
BRDA:243,17,0,0
BRDA:277,18,0,0
BRDA:288,19,0,0
BRDA:301,20,0,0
BRDA:301,20,1,0
BRDA:312,21,0,0
BRDA:62,22,0,0
BRDA:62,22,1,0
BRDA:62,23,0,0
BRDA:62,23,1,0
BRDA:62,24,0,0
BRDA:62,24,1,0
BRDA:62,25,0,0
BRDA:62,25,1,0
BRF:37
BRH:0
end_of_record
TN:
SF:src/flashcards/sm2.ts
FN:16,(anonymous_0)
FN:50,computeMastery
FN:70,calculateSM2
FNF:3
FNH:0
FNDA:0,(anonymous_0)
FNDA:0,computeMastery
FNDA:0,calculateSM2
DA:16,0
DA:17,0
DA:18,0
DA:19,0
DA:20,0
DA:39,0
DA:55,0
DA:56,0
DA:58,0
DA:59,0
DA:61,0
DA:62,0
DA:64,0
DA:70,0
DA:77,0
DA:79,0
DA:80,0
DA:88,0
DA:90,0
DA:91,0
DA:92,0
DA:94,0
DA:97,0
DA:100,0
DA:101,0
DA:104,0
DA:105,0
DA:106,0
DA:107,0
DA:108,0
DA:109,0
DA:111,0
DA:112,0
DA:116,0
DA:118,0
LF:35
LH:0
BRDA:16,0,0,0
BRDA:16,0,1,0
BRDA:55,1,0,0
BRDA:58,2,0,0
BRDA:58,3,0,0
BRDA:58,3,1,0
BRDA:58,3,2,0
BRDA:61,4,0,0
BRDA:61,5,0,0
BRDA:61,5,1,0
BRDA:79,6,0,0
BRDA:79,7,0,0
BRDA:79,7,1,0
BRDA:88,8,0,0
BRDA:88,8,1,0
BRDA:104,9,0,0
BRDA:104,9,1,0
BRDA:107,10,0,0
BRDA:107,10,1,0
BRF:19
BRH:0
end_of_record
TN:
SF:src/flashcards/dto/create-deck.dto.ts
FNF:0
FNH:0
DA:1,0
DA:2,0
DA:4,0
DA:8,0
DA:14,0
DA:19,0
LF:6
LH:0
BRF:0
BRH:0
end_of_record
TN:
SF:src/flashcards/dto/create-flashcard.dto.ts
FNF:0
FNH:0
DA:1,0
DA:2,0
DA:4,0
DA:7,0
DA:11,0
DA:15,0
DA:20,0
DA:26,0
LF:8
LH:0
BRF:0
BRH:0
end_of_record
TN:
SF:src/flashcards/dto/submit-review.dto.ts
FNF:0
FNH:0
DA:1,0
DA:2,0
DA:4,0
DA:9,0
DA:16,0
LF:5
LH:0
BRF:0
BRH:0
end_of_record
TN:
SF:src/flashcards/dto/update-deck.dto.ts
FNF:0
FNH:0
DA:1,0
DA:2,0
DA:4,0
LF:3
LH:0
BRF:0
BRH:0
end_of_record
TN:
SF:src/flashcards/dto/update-flashcard.dto.ts
FNF:0
FNH:0
DA:1,0
DA:2,0
DA:4,0
LF:3
LH:0
BRF:0
BRH:0
end_of_record
TN:
SF:src/gamification/gamification.controller.ts
FN:15,(anonymous_4)
FN:24,(anonymous_5)
FN:37,(anonymous_6)
FN:44,(anonymous_7)
FN:52,(anonymous_8)
FNF:5
FNH:0
FNDA:0,(anonymous_4)
FNDA:0,(anonymous_5)
FNDA:0,(anonymous_6)
FNDA:0,(anonymous_7)
FNDA:0,(anonymous_8)
DA:1,0
DA:2,0
DA:8,0
DA:9,0
DA:10,0
DA:14,0
DA:15,0
DA:24,0
DA:28,0
DA:37,0
DA:38,0
DA:44,0
DA:45,0
DA:52,0
DA:53,0
DA:54,0
LF:16
LH:0
BRDA:30,0,0,0
BRDA:30,0,1,0
BRDA:53,1,0,0
BRDA:53,1,1,0
BRDA:15,2,0,0
BRDA:15,2,1,0
BRDA:15,3,0,0
BRDA:15,3,1,0
BRF:8
BRH:0
end_of_record
TN:
SF:src/gamification/gamification.module.ts
FNF:0
FNH:0
DA:1,0
DA:2,0
DA:3,0
DA:4,0
DA:12,0
LF:5
LH:0
BRF:0
BRH:0
end_of_record
TN:
SF:src/gamification/gamification.service.ts
FN:29,(anonymous_2)
FN:34,(anonymous_3)
FN:39,(anonymous_4)
FN:44,(anonymous_5)
FN:49,(anonymous_6)
FN:55,(anonymous_7)
FN:57,(anonymous_8)
FN:68,(anonymous_9)
FN:119,(anonymous_10)
FN:150,(anonymous_11)
FN:177,(anonymous_12)
FN:188,(anonymous_13)
FN:194,(anonymous_14)
FN:200,(anonymous_15)
FN:209,(anonymous_16)
FNF:15
FNH:0
FNDA:0,(anonymous_2)
FNDA:0,(anonymous_3)
FNDA:0,(anonymous_4)
FNDA:0,(anonymous_5)
FNDA:0,(anonymous_6)
FNDA:0,(anonymous_7)
FNDA:0,(anonymous_8)
FNDA:0,(anonymous_9)
FNDA:0,(anonymous_10)
FNDA:0,(anonymous_11)
FNDA:0,(anonymous_12)
FNDA:0,(anonymous_13)
FNDA:0,(anonymous_14)
FNDA:0,(anonymous_15)
FNDA:0,(anonymous_16)
DA:1,0
DA:2,0
DA:3,0
DA:5,0
DA:25,0
DA:29,0
DA:34,0
DA:39,0
DA:44,0
DA:49,0
DA:54,0
DA:55,0
DA:58,0
DA:64,0
DA:65,0
DA:70,0
DA:88,0
DA:90,0
DA:97,0
DA:98,0
DA:101,0
DA:104,0
DA:105,0
DA:111,0
DA:121,0
DA:122,0
DA:150,0
DA:159,0
DA:177,0
DA:189,0
DA:195,0
DA:200,0
DA:210,0
DA:214,0
LF:34
LH:0
BRDA:88,0,0,0
BRDA:98,1,0,0
BRDA:104,2,0,0
BRDA:119,3,0,0
BRDA:121,4,0,0
BRDA:214,5,0,0
BRDA:214,5,1,0
BRDA:55,6,0,0
BRDA:55,6,1,0
BRDA:55,7,0,0
BRDA:55,7,1,0
BRF:11
BRH:0
end_of_record
TN:
SF:src/insights/insights.controller.ts
FN:17,(anonymous_4)
FN:25,(anonymous_5)
FNF:2
FNH:0
FNDA:0,(anonymous_4)
FNDA:0,(anonymous_5)
DA:1,0
DA:2,0
DA:8,0
DA:10,0
DA:16,0
DA:17,0
DA:25,0
DA:29,0
DA:34,0
DA:35,0
DA:41,0
LF:11
LH:0
BRDA:34,0,0,0
BRDA:28,1,0,0
BRDA:28,1,1,0
BRDA:28,2,0,0
BRDA:28,2,1,0
BRDA:17,3,0,0
BRDA:17,3,1,0
BRDA:17,4,0,0
BRDA:17,4,1,0
BRF:9
BRH:0
end_of_record
TN:
SF:src/insights/insights.module.ts
FNF:0
FNH:0
DA:1,0
DA:2,0
DA:3,0
DA:4,0
DA:5,0
DA:13,0
LF:6
LH:0
BRF:0
BRH:0
end_of_record
TN:
SF:src/insights/next-topic.service.ts
FN:28,(anonymous_2)
FN:30,(anonymous_3)
FN:46,(anonymous_4)
FN:73,(anonymous_5)
FN:77,(anonymous_6)
FN:88,(anonymous_7)
FN:95,(anonymous_8)
FN:96,(anonymous_9)
FNF:8
FNH:0
FNDA:0,(anonymous_2)
FNDA:0,(anonymous_3)
FNDA:0,(anonymous_4)
FNDA:0,(anonymous_5)
FNDA:0,(anonymous_6)
FNDA:0,(anonymous_7)
FNDA:0,(anonymous_8)
FNDA:0,(anonymous_9)
DA:1,0
DA:2,0
DA:27,0
DA:28,0
DA:35,0
DA:40,0
DA:41,0
DA:45,0
DA:48,0
DA:69,0
DA:70,0
DA:73,0
DA:74,0
DA:77,0
DA:78,0
DA:79,0
DA:82,0
DA:88,0
DA:94,0
DA:95,0
DA:98,0
DA:99,0
DA:101,0
DA:105,0
DA:106,0
DA:107,0
DA:111,0
DA:130,0
DA:136,0
DA:138,0
LF:30
LH:0
BRDA:40,0,0,0
BRDA:40,1,0,0
BRDA:40,1,1,0
BRDA:69,2,0,0
BRDA:79,3,0,0
BRDA:79,3,1,0
BRDA:95,4,0,0
BRDA:95,4,1,0
BRDA:98,5,0,0
BRDA:106,6,0,0
BRDA:106,7,0,0
BRDA:106,7,1,0
BRDA:130,8,0,0
BRDA:130,8,1,0
BRDA:145,9,0,0
BRDA:145,9,1,0
BRDA:28,10,0,0
BRDA:28,10,1,0
BRDA:28,11,0,0
BRDA:28,11,1,0
BRF:20
BRH:0
end_of_record
TN:
SF:src/insights/readiness/heuristic.ts
FN:21,computeReadinessScore
FN:46,clamp01
FNF:2
FNH:0
FNDA:0,computeReadinessScore
FNDA:0,clamp01
DA:14,0
DA:21,0
DA:25,0
DA:26,0
DA:27,0
DA:28,0
DA:31,0
DA:36,0
DA:37,0
DA:39,0
DA:47,0
DA:48,0
LF:12
LH:0
BRDA:47,0,0,0
BRDA:47,1,0,0
BRDA:47,1,1,0
BRF:3
BRH:0
end_of_record
TN:
SF:src/insights/readiness/readiness.constants.ts
FNF:0
FNH:0
DA:1,0
DA:2,0
DA:3,0
LF:3
LH:0
BRF:0
BRH:0
end_of_record
TN:
SF:src/insights/readiness/readiness.controller.ts
FN:13,(anonymous_4)
FN:17,(anonymous_5)
FNF:2
FNH:0
FNDA:0,(anonymous_4)
FNDA:0,(anonymous_5)
DA:1,0
DA:2,0
DA:3,0
DA:5,0
DA:6,0
DA:12,0
DA:13,0
DA:17,0
DA:21,0
DA:26,0
DA:27,0
DA:30,0
LF:12
LH:0
BRDA:26,0,0,0
BRDA:26,1,0,0
BRDA:26,1,1,0
BRDA:13,2,0,0
BRDA:13,2,1,0
BRDA:13,3,0,0
BRDA:13,3,1,0
BRF:7
BRH:0
end_of_record
TN:
SF:src/insights/readiness/readiness.module.ts
FNF:0
FNH:0
DA:1,0
DA:2,0
DA:3,0
DA:4,0
DA:5,0
DA:6,0
DA:7,0
DA:15,0
LF:8
LH:0
BRF:0
BRH:0
end_of_record
TN:
SF:src/insights/readiness/readiness.processor.ts
FN:19,(anonymous_2)
FN:23,(anonymous_3)
FNF:2
FNH:0
FNDA:0,(anonymous_2)
FNDA:0,(anonymous_3)
DA:1,0
DA:2,0
DA:4,0
DA:8,0
DA:16,0
DA:17,0
DA:19,0
DA:20,0
DA:24,0
DA:25,0
DA:28,0
DA:31,0
DA:33,0
DA:37,0
LF:14
LH:0
BRDA:24,0,0,0
BRDA:19,1,0,0
BRDA:19,1,1,0
BRDA:19,2,0,0
BRDA:19,2,1,0
BRF:5
BRH:0
end_of_record
TN:
SF:src/insights/readiness/readiness.service.ts
FN:10,(anonymous_2)
FN:12,(anonymous_3)
FN:61,(anonymous_4)
FN:70,(anonymous_5)
FN:90,(anonymous_6)
FN:117,(anonymous_7)
FN:128,(anonymous_8)
FN:138,(anonymous_9)
FN:141,(anonymous_10)
FN:142,(anonymous_11)
FN:152,(anonymous_12)
FN:168,(anonymous_13)
FN:174,(anonymous_14)
FN:178,(anonymous_15)
FN:182,(anonymous_16)
FNF:15
FNH:0
FNDA:0,(anonymous_2)
FNDA:0,(anonymous_3)
FNDA:0,(anonymous_4)
FNDA:0,(anonymous_5)
FNDA:0,(anonymous_6)
FNDA:0,(anonymous_7)
FNDA:0,(anonymous_8)
FNDA:0,(anonymous_9)
FNDA:0,(anonymous_10)
FNDA:0,(anonymous_11)
FNDA:0,(anonymous_12)
FNDA:0,(anonymous_13)
FNDA:0,(anonymous_14)
FNDA:0,(anonymous_15)
FNDA:0,(anonymous_16)
DA:1,0
DA:3,0
DA:4,0
DA:7,0
DA:8,0
DA:10,0
DA:13,0
DA:23,0
DA:31,0
DA:36,0
DA:56,0
DA:65,0
DA:74,0
DA:86,0
DA:87,0
DA:94,0
DA:95,0
DA:97,0
DA:113,0
DA:114,0
DA:121,0
DA:128,0
DA:139,0
DA:141,0
DA:142,0
DA:144,0
DA:148,0
DA:149,0
DA:156,0
DA:165,0
DA:167,0
DA:169,0
DA:170,0
DA:171,0
DA:172,0
DA:174,0
DA:176,0
DA:178,0
DA:179,0
DA:186,0
LF:40
LH:0
BRDA:86,0,0,0
BRDA:113,1,0,0
BRDA:148,2,0,0
BRDA:165,3,0,0
BRDA:171,4,0,0
BRDA:171,5,0,0
BRDA:171,5,1,0
BRDA:176,6,0,0
BRDA:10,7,0,0
BRDA:10,7,1,0
BRDA:10,8,0,0
BRDA:10,8,1,0
BRF:12
BRH:0
end_of_record
TN:
SF:src/jobs/email-job.processor.ts
FN:15,(anonymous_1)
FN:20,(anonymous_2)
FNF:2
FNH:0
FNDA:0,(anonymous_1)
FNDA:0,(anonymous_2)
DA:1,0
DA:2,0
DA:12,0
DA:13,0
DA:16,0
DA:20,0
DA:21,0
LF:7
LH:0
BRF:0
BRH:0
end_of_record
TN:
SF:src/jobs/jobs.controller.ts
FN:7,(anonymous_4)
FN:12,(anonymous_5)
FNF:2
FNH:0
FNDA:0,(anonymous_4)
FNDA:0,(anonymous_5)
DA:1,0
DA:2,0
DA:3,0
DA:6,0
DA:8,0
DA:12,0
DA:13,0
DA:18,0
LF:8
LH:0
BRDA:8,0,0,0
BRDA:8,0,1,0
BRDA:8,1,0,0
BRDA:8,1,1,0
BRF:4
BRH:0
end_of_record
TN:
SF:src/jobs/jobs.module.ts
FN:14,(anonymous_1)
FNF:1
FNH:0
FNDA:0,(anonymous_1)
DA:6,0
DA:7,0
DA:8,0
DA:9,0
DA:14,0
DA:28,0
LF:6
LH:0
BRDA:16,0,0,0
BRDA:16,0,1,0
BRDA:17,1,0,0
BRDA:17,1,1,0
BRF:4
BRH:0
end_of_record
TN:
SF:src/mail/mail.module.ts
FNF:0
FNH:0
DA:1,0
DA:2,0
DA:9,0
LF:3
LH:0
BRF:0
BRH:0
end_of_record
TN:
SF:src/mail/mail.service.ts
FN:10,(anonymous_11)
FN:12,(anonymous_12)
FN:25,(anonymous_13)
FN:29,(anonymous_14)
FN:54,(anonymous_15)
FN:82,(anonymous_16)
FNF:6
FNH:0
[...]
DA:25,0
DA:29,0
DA:30,0
DA:36,0
DA:37,0
DA:43,0
DA:44,0
DA:52,0
DA:53,0
DA:61,0
DA:65,0
DA:73,0
DA:74,0
LF:22
LH:0
BRDA:52,0,0,0
BRDA:52,0,1,0
BRDA:52,1,0,0
BRDA:52,1,1,0
BRDA:63,2,0,0
BRDA:63,2,1,0
BRDA:63,3,0,0
BRDA:63,3,1,0
BRDA:30,4,0,0
BRDA:30,4,1,0
BRDA:30,5,0,0
BRDA:30,5,1,0
BRF:12
BRH:0
end_of_record
TN:
SF:src/providers/providers.module.ts
FNF:0
FNH:0
DA:1,0
DA:2,0
DA:3,0
DA:10,0
LF:4
LH:0
BRF:0
BRH:0
end_of_record
TN:
SF:src/providers/providers.service.ts
FN:12,(anonymous_2)
FN:14,(anonymous_3)
FN:24,(anonymous_4)
FN:43,(anonymous_5)
FN:70,(anonymous_6)
FN:104,(anonymous_7)
FNF:6
FNH:0
FNDA:0,(anonymous_2)
FNDA:0,(anonymous_3)
FNDA:0,(anonymous_4)
FNDA:0,(anonymous_5)
FNDA:0,(anonymous_6)
FNDA:0,(anonymous_7)
DA:1,0
DA:6,0
DA:11,0
DA:12,0
DA:15,0
DA:25,0
DA:36,0
DA:37,0
DA:40,0
DA:44,0
DA:47,0
DA:48,0
DA:53,0
DA:56,0
DA:57,0
DA:62,0
DA:71,0
DA:73,0
DA:74,0
DA:77,0
DA:78,0
DA:84,0
DA:85,0
DA:88,0
DA:89,0
DA:95,0
DA:105,0
DA:107,0
DA:111,0
DA:112,0
DA:117,0
LF:31
LH:0
BRDA:14,0,0,0
BRDA:16,1,0,0
BRDA:16,1,1,0
BRDA:36,2,0,0
BRDA:47,3,0,0
BRDA:56,4,0,0
BRDA:73,5,0,0
BRDA:73,6,0,0
BRDA:73,6,1,0
BRDA:77,7,0,0
BRDA:84,8,0,0
BRDA:84,9,0,0
BRDA:84,9,1,0
BRDA:88,10,0,0
BRDA:111,11,0,0
BRDA:12,12,0,0
BRDA:12,12,1,0
BRDA:12,13,0,0
BRDA:12,13,1,0
BRF:19
BRH:0
end_of_record
TN:
SF:src/providers/dto/create-provider.dto.ts
FNF:0
FNH:0
DA:1,0
DA:2,0
DA:11,0
DA:15,0
DA:20,0
DA:25,0
DA:30,0
DA:35,0
DA:41,0
LF:9
LH:0
BRF:0
BRH:0
end_of_record
TN:
SF:src/providers/dto/update-provider.dto.ts
FNF:0
FNH:0
DA:1,0
DA:2,0
DA:3,0
DA:4,0
DA:6,0
DA:10,0
LF:6
LH:0
BRF:0
BRH:0
end_of_record
TN:
SF:src/questions/questions.controller.ts
FN:35,(anonymous_4)
FN:48,(anonymous_5)
FN:73,(anonymous_6)
FN:83,(anonymous_7)
FN:93,(anonymous_8)
FN:108,(anonymous_9)
FN:126,(anonymous_10)
FN:147,(anonymous_11)
FN:170,(anonymous_12)
FN:191,(anonymous_13)
FNF:10
FNH:0
FNDA:0,(anonymous_4)
FNDA:0,(anonymous_5)
FNDA:0,(anonymous_6)
FNDA:0,(anonymous_7)
FNDA:0,(anonymous_8)
FNDA:0,(anonymous_9)
FNDA:0,(anonymous_10)
FNDA:0,(anonymous_11)
FNDA:0,(anonymous_12)
FNDA:0,(anonymous_13)
DA:1,0
DA:14,0
DA:20,0
DA:21,0
DA:22,0
DA:23,0
DA:24,0
DA:25,0
DA:26,0
DA:27,0
DA:28,0
DA:29,0
DA:30,0
DA:34,0
DA:36,0
DA:37,0
DA:48,0
DA:55,0
DA:57,0
DA:58,0
DA:73,0
DA:74,0
DA:83,0
DA:84,0
DA:85,0
DA:93,0
DA:94,0
DA:95,0
DA:108,0
DA:113,0
DA:114,0
DA:115,0
DA:126,0
DA:131,0
DA:132,0
DA:133,0
DA:147,0
DA:155,0
DA:170,0
DA:175,0
DA:176,0
DA:183,0
DA:191,0
DA:192,0
DA:193,0
DA:199,0
LF:46
LH:0
BRDA:55,0,0,0
BRDA:55,0,1,0
BRDA:57,1,0,0
BRDA:57,1,1,0
BRDA:84,2,0,0
BRDA:84,2,1,0
BRDA:94,3,0,0
BRDA:94,3,1,0
BRDA:113,4,0,0
BRDA:113,4,1,0
BRDA:131,5,0,0
BRDA:131,5,1,0
BRDA:159,6,0,0
BRDA:159,6,1,0
BRDA:160,7,0,0
BRDA:160,7,1,0
BRDA:177,8,0,0
BRDA:177,8,1,0
BRDA:194,9,0,0
BRDA:194,9,1,0
BRDA:53,10,0,0
BRDA:53,10,1,0
BRDA:53,11,0,0
BRDA:53,11,1,0
BRDA:73,12,0,0
BRDA:73,12,1,0
BRDA:73,13,0,0
BRDA:73,13,1,0
BRDA:93,14,0,0
BRDA:93,14,1,0
BRDA:93,15,0,0
BRDA:93,15,1,0
BRDA:129,16,0,0
BRDA:129,16,1,0
BRDA:129,17,0,0
BRDA:129,17,1,0
BRDA:173,18,0,0
BRDA:173,18,1,0
BRDA:173,19,0,0
BRDA:173,19,1,0
BRDA:36,20,0,0
BRDA:36,20,1,0
BRDA:36,21,0,0
BRDA:36,21,1,0
BRDA:36,22,0,0
BRDA:36,22,1,0
BRDA:36,23,0,0
BRDA:36,23,1,0
BRF:48
BRH:0
end_of_record
TN:
SF:src/questions/questions.module.ts
FNF:0
FNH:0
DA:1,0
DA:2,0
DA:3,0
DA:4,0
DA:12,0
LF:5
LH:0
BRF:0
BRH:0
end_of_record
TN:
SF:src/questions/questions.service.ts
FN:18,(anonymous_2)
FN:23,(anonymous_3)
FN:57,(anonymous_4)
FN:75,(anonymous_5)
FN:121,(anonymous_6)
FN:135,(anonymous_7)
FN:165,(anonymous_8)
FN:173,(anonymous_9)
FN:188,(anonymous_10)
FN:224,(anonymous_11)
FN:266,(anonymous_12)
FN:321,(anonymous_13)
FN:348,(anonymous_14)
FN:362,(anonymous_15)
FN:378,(anonymous_16)
FN:395,(anonymous_17)
FN:413,(anonymous_18)
FN:425,(anonymous_19)
FNF:18
FNH:0
FNDA:0,(anonymous_2)
FNDA:0,(anonymous_3)
FNDA:0,(anonymous_4)
FNDA:0,(anonymous_5)
FNDA:0,(anonymous_6)
FNDA:0,(anonymous_7)
FNDA:0,(anonymous_8)
FNDA:0,(anonymous_9)
FNDA:0,(anonymous_10)
FNDA:0,(anonymous_11)
FNDA:0,(anonymous_12)
FNDA:0,(anonymous_13)
FNDA:0,(anonymous_14)
FNDA:0,(anonymous_15)
FNDA:0,(anonymous_16)
FNDA:0,(anonymous_17)
FNDA:0,(anonymous_18)
FNDA:0,(anonymous_19)
DA:1,0
DA:7,0
DA:10,0
DA:11,0
DA:17,0
DA:19,0
DA:20,0
DA:31,0
DA:33,0
DA:34,0
DA:35,0
DA:36,0
DA:38,0
DA:56,0
DA:57,0
DA:58,0
DA:59,0
DA:64,0
DA:76,0
DA:95,0
DA:96,0
DA:99,0
DA:100,0
DA:101,0
DA:110,0
DA:113,0
DA:114,0
DA:118,0
DA:129,0
DA:133,0
DA:136,0
DA:153,0
DA:155,0
DA:165,0
DA:173,0
DA:184,0
DA:185,0
DA:189,0
DA:190,0
DA:193,0
DA:196,0
DA:198,0
DA:208,0
DA:210,0
DA:212,0
DA:224,0
DA:225,0
DA:226,0
DA:228,0
DA:234,0
DA:242,0
DA:251,0
DA:262,0
DA:263,0
DA:272,0
DA:275,0
DA:278,0
DA:279,0
DA:283,0
DA:290,0
DA:294,0
DA:295,0
DA:301,0
DA:308,0
DA:312,0
DA:318,0
DA:322,0
DA:323,0
DA:325,0
DA:342,0
DA:349,0
DA:352,0
DA:353,0
DA:354,0
DA:356,0
DA:359,0
DA:360,0
DA:361,0
DA:362,0
DA:373,0
DA:374,0
DA:375,0
DA:376,0
DA:377,0
DA:379,0
DA:394,0
DA:395,0
DA:400,0
DA:414,0
DA:417,0
DA:419,0
DA:440,0
DA:441,0
DA:442,0
DA:443,0
DA:444,0
DA:445,0
DA:446,0
DA:452,0
DA:468,0
LF:100
LH:0
BRDA:26,0,0,0
BRDA:27,1,0,0
BRDA:34,2,0,0
BRDA:35,3,0,0
BRDA:36,4,0,0
BRDA:36,4,1,0
BRDA:56,5,0,0
BRDA:58,6,0,0
BRDA:95,7,0,0
BRDA:100,8,0,0
BRDA:110,9,0,0
BRDA:110,9,1,0
BRDA:113,10,0,0
BRDA:113,11,0,0
BRDA:113,11,1,0
BRDA:133,12,0,0
BRDA:133,12,1,0
BRDA:133,13,0,0
BRDA:133,13,1,0
BRDA:159,14,0,0
BRDA:159,14,1,0
BRDA:161,15,0,0
BRDA:161,15,1,0
BRDA:162,16,0,0
BRDA:162,16,1,0
BRDA:163,17,0,0
BRDA:163,17,1,0
BRDA:168,18,0,0
BRDA:168,18,1,0
BRDA:189,19,0,0
BRDA:189,20,0,0
BRDA:189,20,1,0
BRDA:189,20,2,0
BRDA:196,21,0,0
BRDA:208,22,0,0
BRDA:208,22,1,0
BRDA:210,23,0,0
BRDA:217,24,0,0
BRDA:217,24,1,0
BRDA:218,25,0,0
BRDA:218,25,1,0
BRDA:225,26,0,0
BRDA:225,26,1,0
BRDA:226,27,0,0
BRDA:237,28,0,0
BRDA:237,28,1,0
BRDA:238,29,0,0
BRDA:238,29,1,0
BRDA:254,30,0,0
BRDA:254,30,1,0
BRDA:255,31,0,0
BRDA:255,31,1,0
BRDA:275,32,0,0
BRDA:278,33,0,0
BRDA:279,34,0,0
BRDA:280,35,0,0
BRDA:280,35,1,0
BRDA:290,36,0,0
BRDA:291,37,0,0
BRDA:291,37,1,0
BRDA:294,38,0,0
BRDA:294,39,0,0
BRDA:294,39,1,0
BRDA:308,40,0,0
BRDA:309,41,0,0
BRDA:309,41,1,0
BRDA:321,42,0,0
BRDA:321,43,0,0
BRDA:352,44,0,0
BRDA:353,45,0,0
BRDA:359,46,0,0
BRDA:366,47,0,0
BRDA:366,47,1,0
BRDA:373,48,0,0
BRDA:375,49,0,0
BRDA:376,50,0,0
BRDA:376,50,1,0
BRDA:417,51,0,0
BRDA:437,52,0,0
BRDA:438,53,0,0
BRDA:439,54,0,0
BRDA:442,55,0,0
BRDA:443,56,0,0
BRDA:444,57,0,0
BRDA:445,58,0,0
BRDA:19,59,0,0
BRDA:19,59,1,0
BRDA:19,60,0,0
BRDA:19,60,1,0
BRDA:19,61,0,0
BRDA:19,61,1,0
BRDA:19,62,0,0
BRDA:19,62,1,0
BRF:93
BRH:0
end_of_record
TN:
SF:src/questions/dto/admin-update-question.dto.ts
FN:97,(anonymous_2)
FNF:1
FNH:0
FNDA:0,(anonymous_2)
DA:1,0
DA:2,0
DA:10,0
DA:11,0
DA:17,0
DA:21,0
DA:25,0
DA:30,0
DA:33,0
DA:37,0
DA:42,0
DA:47,0
DA:52,0
DA:57,0
DA:62,0
DA:67,0
DA:72,0
DA:77,0
DA:82,0
DA:87,0
DA:92,0
DA:97,0
DA:99,0
DA:105,0
LF:24
LH:0
BRDA:52,0,0,0
BRDA:52,0,1,0
BRDA:52,1,0,0
BRDA:52,1,1,0
BRDA:57,2,0,0
BRDA:57,2,1,0
BRDA:57,3,0,0
BRDA:57,3,1,0
BRDA:62,4,0,0
BRDA:62,4,1,0
BRDA:62,5,0,0
BRDA:62,5,1,0
BRF:12
BRH:0
end_of_record
TN:
SF:src/questions/dto/create-question.dto.ts
FN:114,(anonymous_2)
FNF:1
FNH:0
FNDA:0,(anonymous_2)
DA:1,0
DA:2,0
DA:3,0
DA:13,0
DA:15,0
DA:20,0
DA:26,0
DA:31,0
DA:34,0
DA:41,0
DA:49,0
DA:54,0
DA:59,0
DA:67,0
DA:72,0
DA:77,0
DA:85,0
DA:91,0
DA:96,0
DA:101,0
DA:109,0
DA:114,0
DA:115,0
DA:121,0
LF:24
LH:0
BRDA:54,0,0,0
BRDA:54,0,1,0
BRDA:54,1,0,0
BRDA:54,1,1,0
BRDA:59,2,0,0
BRDA:59,2,1,0
BRDA:59,3,0,0
BRDA:59,3,1,0
BRF:8
BRH:0
end_of_record
TN:
SF:src/questions/dto/update-question-status.dto.ts
FNF:0
FNH:0
DA:1,0
DA:2,0
DA:3,0
DA:5,0
DA:8,0
LF:5
LH:0
BRDA:8,0,0,0
BRDA:8,0,1,0
BRDA:8,1,0,0
BRDA:8,1,1,0
BRF:4
BRH:0
end_of_record
TN:
SF:src/queues/queues.module.ts
FN:16,(anonymous_1)
FNF:1
FNH:0
FNDA:0,(anonymous_1)
DA:1,0
DA:2,0
DA:3,0
DA:4,0
DA:5,0
DA:6,0
DA:7,0
DA:8,0
DA:9,0
DA:10,0
DA:11,0
DA:16,0
DA:44,0
LF:13
LH:0
BRDA:18,0,0,0
BRDA:18,0,1,0
BRDA:19,1,0,0
BRDA:19,1,1,0
BRF:4
BRH:0
end_of_record
TN:
SF:src/queues/ai-gen/ai-gen.job.interface.ts
FNF:0
FNH:0
DA:3,0
LF:1
LH:0
BRF:0
BRH:0
end_of_record
TN:
SF:src/queues/ai-gen/ai-gen.processor.ts
FN:24,(anonymous_2)
FN:33,(anonymous_3)
FN:98,(anonymous_4)
FN:108,(anonymous_5)
FN:152,(anonymous_6)
FN:161,(anonymous_7)
FN:169,(anonymous_8)
FN:170,(anonymous_9)
FN:175,(anonymous_10)
FNF:9
FNH:0
FNDA:0,(anonymous_2)
FNDA:0,(anonymous_3)
FNDA:0,(anonymous_4)
FNDA:0,(anonymous_5)
FNDA:0,(anonymous_6)
FNDA:0,(anonymous_7)
FNDA:0,(anonymous_8)
FNDA:0,(anonymous_9)
FNDA:0,(anonymous_10)
DA:1,0
DA:2,0
DA:4,0
DA:5,0
DA:6,0
DA:7,0
DA:8,0
DA:9,0
DA:10,0
DA:14,0
DA:18,0
DA:21,0
DA:22,0
DA:25,0
DA:26,0
DA:27,0
DA:28,0
DA:30,0
DA:45,0
DA:47,0
DA:49,0
DA:50,0
DA:51,0
DA:53,0
DA:65,0
DA:76,0
DA:81,0
DA:88,0
DA:89,0
DA:93,0
DA:98,0
DA:99,0
DA:107,0
DA:109,0
DA:112,0
DA:126,0
DA:134,0
DA:138,0
DA:141,0
DA:148,0
DA:154,0
DA:155,0
DA:156,0
DA:157,0
DA:158,0
DA:165,0
DA:166,0
DA:167,0
DA:168,0
DA:169,0
DA:170,0
DA:171,0
DA:172,0
DA:180,0
DA:181,0
DA:182,0
LF:56
LH:0
BRDA:57,0,0,0
BRDA:57,0,1,0
BRDA:60,1,0,0
BRDA:60,1,1,0
BRDA:99,2,0,0
BRDA:99,2,1,0
BRDA:101,3,0,0
BRDA:101,3,1,0
BRDA:129,4,0,0
BRDA:129,4,1,0
BRDA:155,5,0,0
BRDA:155,5,1,0
BRDA:157,6,0,0
BRDA:157,6,1,0
BRDA:157,7,0,0
BRDA:157,7,1,0
BRDA:166,8,0,0
BRDA:166,8,1,0
BRDA:168,9,0,0
BRDA:168,9,1,0
BRDA:170,10,0,0
BRDA:170,10,1,0
BRDA:185,11,0,0
BRDA:185,11,1,0
BRDA:187,12,0,0
BRDA:187,12,1,0
BRDA:189,13,0,0
BRDA:189,13,1,0
BRDA:189,14,0,0
BRDA:189,14,1,0
BRDA:190,15,0,0
BRDA:190,15,1,0
BRDA:190,15,2,0
BRDA:191,16,0,0
BRDA:191,16,1,0
BRDA:25,17,0,0
BRDA:25,17,1,0
BRDA:25,18,0,0
BRDA:25,18,1,0
BRDA:25,19,0,0
BRDA:25,19,1,0
BRDA:25,20,0,0
BRDA:25,20,1,0
BRDA:26,21,0,0
BRDA:26,21,1,0
BRDA:26,22,0,0
BRDA:26,22,1,0
BRDA:27,23,0,0
BRDA:27,23,1,0
BRDA:27,24,0,0
BRDA:27,24,1,0
BRF:51
BRH:0
end_of_record
TN:
SF:src/reports/reports.controller.ts
FN:30,(anonymous_4)
FN:36,(anonymous_5)
FN:50,(anonymous_6)
FN:66,(anonymous_7)
FNF:4
FNH:0
FNDA:0,(anonymous_4)
FNDA:0,(anonymous_5)
FNDA:0,(anonymous_6)
FNDA:0,(anonymous_7)
DA:1,0
DA:12,0
DA:18,0
DA:19,0
DA:20,0
DA:21,0
DA:22,0
DA:23,0
DA:24,0
DA:25,0
DA:29,0
DA:30,0
DA:36,0
DA:41,0
DA:42,0
DA:50,0
DA:54,0
DA:66,0
DA:67,0
LF:19
LH:0
BRDA:41,0,0,0
BRDA:41,0,1,0
BRDA:39,1,0,0
BRDA:39,1,1,0
BRDA:39,2,0,0
BRDA:39,2,1,0
BRDA:52,3,0,0
BRDA:52,3,1,0
BRDA:52,4,0,0
BRDA:52,4,1,0
BRDA:66,5,0,0
BRDA:66,5,1,0
BRDA:66,6,0,0
BRDA:66,6,1,0
BRDA:30,7,0,0
BRDA:30,7,1,0
BRDA:30,8,0,0
BRDA:30,8,1,0
BRF:18
BRH:0
end_of_record
TN:
SF:src/reports/reports.module.ts
FNF:0
FNH:0
DA:1,0
DA:2,0
DA:3,0
DA:4,0
DA:11,0
LF:5
LH:0
BRF:0
BRH:0
end_of_record
TN:
SF:src/reports/reports.service.ts
FN:15,(anonymous_2)
FN:17,(anonymous_3)
FN:46,(anonymous_4)
FN:72,(anonymous_5)
FNF:4
FNH:0
FNDA:0,(anonymous_2)
FNDA:0,(anonymous_3)
FNDA:0,(anonymous_4)
FNDA:0,(anonymous_5)
DA:1,0
DA:6,0
DA:9,0
DA:11,0
DA:14,0
DA:15,0
DA:18,0
DA:21,0
DA:24,0
DA:27,0
DA:28,0
DA:32,0
DA:47,0
DA:48,0
DA:50,0
DA:66,0
DA:73,0
DA:76,0
DA:78,0
LF:19
LH:0
BRDA:21,0,0,0
BRDA:27,1,0,0
BRDA:46,2,0,0
BRDA:46,3,0,0
BRDA:48,4,0,0
BRDA:48,4,1,0
BRDA:76,5,0,0
BRDA:15,6,0,0
BRDA:15,6,1,0
BRDA:15,7,0,0
BRDA:15,7,1,0
BRF:11
BRH:0
end_of_record
TN:
SF:src/reports/dto/create-report.dto.ts
FNF:0
FNH:0
DA:1,0
DA:2,0
DA:3,0
DA:5,0
DA:8,0
DA:13,0
LF:6
LH:0
BRDA:8,0,0,0
BRDA:8,0,1,0
BRDA:8,1,0,0
BRDA:8,1,1,0
BRF:4
BRH:0
end_of_record
TN:
SF:src/reports/dto/update-report.dto.ts
FNF:0
FNH:0
DA:1,0
DA:2,0
DA:3,0
DA:5,0
DA:8,0
LF:5
LH:0
BRDA:8,0,0,0
BRDA:8,0,1,0
BRDA:8,1,0,0
BRDA:8,1,1,0
BRF:4
BRH:0
end_of_record
TN:
SF:src/streaks/streak.ts
FN:15,toLocalDateString
FN:23,(anonymous_1)
FN:24,(anonymous_2)
FN:25,(anonymous_3)
FN:34,dayDiff
FN:42,isConsecutiveDay
FN:50,shouldExtendStreak
FN:58,shouldBreakStreak
FNF:8
FNH:0
FNDA:0,toLocalDateString
FNDA:0,(anonymous_1)
FNDA:0,(anonymous_2)
FNDA:0,(anonymous_3)
FNDA:0,dayDiff
FNDA:0,isConsecutiveDay
FNDA:0,shouldExtendStreak
FNDA:0,shouldBreakStreak
DA:15,0
DA:16,0
DA:23,0
DA:24,0
DA:25,0
DA:27,0
DA:35,0
DA:36,0
DA:42,0
DA:43,0
DA:50,0
DA:51,0
DA:58,0
DA:59,0
LF:14
LH:0
BRDA:23,0,0,0
BRDA:23,0,1,0
BRDA:24,1,0,0
BRDA:24,1,1,0
BRDA:25,2,0,0
BRDA:25,2,1,0
BRF:6
BRH:0
end_of_record
TN:
SF:src/tags/tags.controller.ts
FN:28,(anonymous_4)
FN:36,(anonymous_5)
FN:45,(anonymous_6)
FN:54,(anonymous_7)
FN:63,(anonymous_8)
FN:72,(anonymous_9)
FNF:6
FNH:0
FNDA:0,(anonymous_4)
FNDA:0,(anonymous_5)
FNDA:0,(anonymous_6)
FNDA:0,(anonymous_7)
FNDA:0,(anonymous_8)
FNDA:0,(anonymous_9)
DA:1,0
DA:12,0
DA:13,0
DA:19,0
DA:20,0
DA:21,0
DA:22,0
DA:23,0
DA:27,0
DA:28,0
DA:36,0
DA:37,0
DA:45,0
DA:46,0
DA:54,0
DA:55,0
DA:63,0
DA:64,0
DA:72,0
DA:73,0
LF:20
LH:0
BRDA:28,0,0,0
BRDA:28,0,1,0
BRDA:28,1,0,0
BRDA:28,1,1,0
BRF:4
BRH:0
end_of_record
TN:
SF:src/tags/tags.module.ts
FNF:0
FNH:0
DA:1,0
DA:2,0
DA:3,0
DA:4,0
DA:12,0
LF:5
LH:0
BRF:0
BRH:0
end_of_record
TN:
SF:src/tags/tags.service.ts
FN:6,(anonymous_2)
FN:8,(anonymous_3)
FN:16,(anonymous_4)
FN:23,(anonymous_5)
FN:31,(anonymous_6)
FN:43,(anonymous_7)
FNF:6
FNH:0
FNDA:0,(anonymous_2)
FNDA:0,(anonymous_3)
FNDA:0,(anonymous_4)
FNDA:0,(anonymous_5)
FNDA:0,(anonymous_6)
FNDA:0,(anonymous_7)
DA:1,0
DA:2,0
DA:5,0
DA:6,0
DA:9,0
DA:17,0
DA:24,0
DA:32,0
DA:35,0
DA:36,0
DA:40,0
DA:45,0
DA:46,0
DA:49,0
DA:50,0
DA:58,0
DA:59,0
DA:61,0
LF:18
LH:0
BRDA:10,0,0,0
BRDA:10,0,1,0
BRDA:18,1,0,0
BRDA:18,1,1,0
BRDA:35,2,0,0
BRDA:6,3,0,0
BRDA:6,3,1,0
BRDA:6,4,0,0
BRDA:6,4,1,0
BRF:9
BRH:0
end_of_record
TN:
SF:src/training/training.controller.ts
FN:25,(anonymous_4)
FN:31,(anonymous_5)
FN:43,(anonymous_6)
FN:54,(anonymous_7)
FNF:4
FNH:0
FNDA:0,(anonymous_4)
FNDA:0,(anonymous_5)
FNDA:0,(anonymous_6)
FNDA:0,(anonymous_7)
DA:1,0
DA:11,0
DA:17,0
DA:18,0
DA:19,0
DA:20,0
DA:24,0
DA:25,0
DA:31,0
DA:35,0
DA:36,0
DA:43,0
DA:44,0
DA:45,0
DA:54,0
DA:59,0
DA:60,0
LF:17
LH:0
BRDA:35,0,0,0
BRDA:35,0,1,0
BRDA:44,1,0,0
BRDA:44,1,1,0
BRDA:59,2,0,0
BRDA:59,2,1,0
BRDA:63,3,0,0
BRDA:63,3,1,0
BRDA:33,4,0,0
BRDA:33,4,1,0
BRDA:33,5,0,0
BRDA:33,5,1,0
BRDA:43,6,0,0
BRDA:43,6,1,0
BRDA:43,7,0,0
BRDA:43,7,1,0
BRDA:25,8,0,0
BRDA:25,8,1,0
BRDA:25,9,0,0
BRDA:25,9,1,0
BRF:20
BRH:0
end_of_record
TN:
SF:src/training/training.module.ts
FNF:0
FNH:0
DA:1,0
DA:2,0
DA:3,0
DA:4,0
DA:5,0
DA:13,0
LF:6
LH:0
BRF:0
BRH:0
end_of_record
TN:
SF:src/training/training.service.ts
FN:10,(anonymous_2)
FN:15,(anonymous_3)
FN:49,(anonymous_4)
FN:97,(anonymous_5)
FN:132,(anonymous_6)
FN:152,(anonymous_7)
FN:154,(anonymous_8)
FN:164,(anonymous_9)
FN:185,(anonymous_10)
FN:205,(anonymous_11)
FN:233,(anonymous_12)
FN:255,(anonymous_13)
FN:264,(anonymous_14)
FN:265,(anonymous_15)
FN:272,(anonymous_16)
FN:274,(anonymous_17)
FN:275,(anonymous_18)
FNF:17
FNH:0
FNDA:0,(anonymous_2)
FNDA:0,(anonymous_3)
FNDA:0,(anonymous_4)
FNDA:0,(anonymous_5)
FNDA:0,(anonymous_6)
FNDA:0,(anonymous_7)
FNDA:0,(anonymous_8)
FNDA:0,(anonymous_9)
FNDA:0,(anonymous_10)
FNDA:0,(anonymous_11)
FNDA:0,(anonymous_12)
FNDA:0,(anonymous_13)
FNDA:0,(anonymous_14)
FNDA:0,(anonymous_15)
FNDA:0,(anonymous_16)
FNDA:0,(anonymous_17)
FNDA:0,(anonymous_18)
DA:1,0
DA:2,0
DA:3,0
DA:6,0
DA:9,0
DA:11,0
DA:12,0
DA:25,0
DA:26,0
DA:27,0
DA:28,0
DA:29,0
DA:31,0
DA:33,0
DA:34,0
DA:37,0
DA:38,0
DA:39,0
DA:42,0
DA:43,0
DA:46,0
DA:50,0
DA:52,0
DA:56,0
DA:57,0
DA:60,0
DA:64,0
DA:65,0
DA:66,0
DA:68,0
DA:75,0
DA:76,0
DA:78,0
DA:102,0
DA:104,0
DA:109,0
DA:110,0
DA:113,0
DA:129,0
DA:133,0
DA:135,0
DA:142,0
DA:143,0
DA:146,0
DA:152,0
DA:153,0
DA:154,0
DA:156,0
DA:157,0
DA:164,0
DA:165,0
DA:168,0
DA:169,0
DA:170,0
DA:172,0
DA:173,0
DA:174,0
DA:175,0
DA:177,0
DA:181,0
DA:185,0
DA:191,0
DA:192,0
DA:197,0
DA:198,0
DA:201,0
DA:205,0
DA:209,0
DA:212,0
DA:214,0
DA:215,0
DA:221,0
DA:233,0
DA:245,0
DA:254,0
DA:255,0
DA:263,0
DA:264,0
DA:265,0
DA:272,0
DA:274,0
DA:275,0
DA:284,0
LF:83
LH:0
BRDA:25,0,0,0
BRDA:25,0,1,0
BRDA:26,1,0,0
BRDA:26,1,1,0
BRDA:28,2,0,0
BRDA:28,2,1,0
BRDA:42,3,0,0
BRDA:56,4,0,0
BRDA:64,5,0,0
BRDA:64,5,1,0
BRDA:65,6,0,0
BRDA:65,6,1,0
BRDA:66,7,0,0
BRDA:66,7,1,0
BRDA:109,8,0,0
BRDA:133,9,0,0
BRDA:142,10,0,0
BRDA:156,11,0,0
BRDA:156,11,1,0
BRDA:173,12,0,0
BRDA:191,13,0,0
BRDA:197,14,0,0
BRDA:214,15,0,0
BRDA:11,16,0,0
BRDA:11,16,1,0
BRDA:11,17,0,0
BRDA:11,17,1,0
BRDA:11,18,0,0
BRDA:11,18,1,0
BRDA:11,19,0,0
BRDA:11,19,1,0
BRF:31
BRH:0
end_of_record
TN:
SF:src/training/dto/start-weakness-training.dto.ts
FNF:0
FNH:0
DA:1,0
DA:2,0
DA:4,0
DA:7,0
DA:14,0
LF:5
LH:0
BRF:0
BRH:0
end_of_record
TN:
SF:src/training/dto/submit-review.dto.ts
FNF:0
FNH:0
DA:1,0
DA:2,0
DA:4,0
DA:7,0
DA:13,0
LF:5
LH:0
BRF:0
BRH:0
end_of_record
TN:
SF:src/users/users.controller.ts
FN:33,(anonymous_4)
FN:42,(anonymous_5)
FN:51,(anonymous_6)
FN:64,(anonymous_7)
FN:80,(anonymous_8)
FN:101,(anonymous_9)
FN:126,(anonymous_10)
FN:147,(anonymous_11)
FN:163,(anonymous_12)
FN:182,(anonymous_13)
FNF:10
FNH:0
FNDA:0,(anonymous_4)
FNDA:0,(anonymous_5)
FNDA:0,(anonymous_6)
FNDA:0,(anonymous_7)
FNDA:0,(anonymous_8)
FNDA:0,(anonymous_9)
FNDA:0,(anonymous_10)
FNDA:0,(anonymous_11)
FNDA:0,(anonymous_12)
FNDA:0,(anonymous_13)
DA:1,0
DA:11,0
DA:17,0
DA:18,0
DA:19,0
DA:20,0
DA:21,0
DA:22,0
DA:23,0
DA:24,0
DA:25,0
DA:26,0
DA:27,0
DA:28,0
DA:32,0
DA:34,0
DA:35,0
DA:42,0
DA:43,0
DA:44,0
DA:51,0
DA:52,0
DA:53,0
DA:64,0
DA:68,0
DA:80,0
DA:85,0
DA:86,0
DA:93,0
DA:101,0
DA:106,0
DA:111,0
DA:118,0
DA:126,0
DA:131,0
DA:132,0
DA:139,0
DA:147,0
DA:148,0
DA:149,0
DA:155,0
DA:163,0
DA:168,0
DA:169,0
DA:176,0
DA:182,0
DA:183,0
LF:47
LH:0
BRDA:52,0,0,0
BRDA:52,0,1,0
BRDA:87,1,0,0
BRDA:87,1,1,0
BRDA:112,2,0,0
BRDA:112,2,1,0
BRDA:133,3,0,0
BRDA:133,3,1,0
BRDA:150,4,0,0
BRDA:150,4,1,0
BRDA:170,5,0,0
BRDA:170,5,1,0
BRDA:51,6,0,0
BRDA:51,6,1,0
BRDA:51,7,0,0
BRDA:51,7,1,0
BRDA:66,8,0,0
BRDA:66,8,1,0
BRDA:66,9,0,0
BRDA:66,9,1,0
BRDA:83,10,0,0
BRDA:83,10,1,0
BRDA:83,11,0,0
BRDA:83,11,1,0
BRDA:104,12,0,0
BRDA:104,12,1,0
BRDA:104,13,0,0
BRDA:104,13,1,0
BRDA:129,14,0,0
BRDA:129,14,1,0
BRDA:129,15,0,0
BRDA:129,15,1,0
BRDA:34,16,0,0
BRDA:34,16,1,0
BRDA:34,17,0,0
BRDA:34,17,1,0
BRDA:34,18,0,0
BRDA:34,18,1,0
BRDA:34,19,0,0
BRDA:34,19,1,0
BRF:40
BRH:0
end_of_record
TN:
SF:src/users/users.module.ts
FNF:0
FNH:0
DA:1,0
DA:2,0
DA:3,0
DA:10,0
LF:4
LH:0
BRF:0
BRH:0
end_of_record
TN:
SF:src/users/users.service.ts
FN:27,(anonymous_11)
FN:29,(anonymous_12)
FN:41,(anonymous_13)
FN:45,(anonymous_14)
FN:49,(anonymous_15)
FN:84,(anonymous_16)
FN:95,(anonymous_17)
FN:107,(anonymous_18)
FN:129,(anonymous_19)
FN:139,(anonymous_20)
FN:157,(anonymous_21)
FN:175,(anonymous_22)
FN:190,(anonymous_23)
FNF:13
FNH:0
FNDA:0,(anonymous_11)
FNDA:0,(anonymous_12)
FNDA:0,(anonymous_13)
FNDA:0,(anonymous_14)
FNDA:0,(anonymous_15)
FNDA:0,(anonymous_16)
FNDA:0,(anonymous_17)
FNDA:0,(anonymous_18)
FNDA:0,(anonymous_19)
FNDA:0,(anonymous_20)
FNDA:0,(anonymous_21)
FNDA:0,(anonymous_22)
FNDA:0,(anonymous_23)
DA:1,0
DA:6,0
DA:9,0
DA:10,0
DA:12,0
DA:26,0
DA:27,0
DA:30,0
DA:31,0
DA:32,0
DA:42,0
DA:46,0
DA:50,0
DA:51,0
DA:52,0
DA:53,0
DA:59,0
DA:78,0
DA:85,0
DA:86,0
DA:88,0
DA:96,0
DA:97,0
DA:98,0
DA:100,0
DA:108,0
DA:125,0
DA:127,0
DA:129,0
DA:140,0
DA:141,0
DA:142,0
DA:143,0
DA:146,0
DA:158,0
DA:159,0
DA:160,0
DA:161,0
DA:164,0
DA:176,0
DA:177,0
DA:179,0
DA:191,0
DA:192,0
DA:194,0
LF:45
LH:0
BRDA:49,0,0,0
BRDA:49,1,0,0
BRDA:52,2,0,0
BRDA:86,3,0,0
BRDA:97,4,0,0
BRDA:98,5,0,0
BRDA:125,6,0,0
BRDA:141,7,0,0
BRDA:142,8,0,0
BRDA:151,9,0,0
BRDA:151,9,1,0
BRDA:159,10,0,0
BRDA:160,11,0,0
BRDA:177,12,0,0
BRDA:192,13,0,0
BRDA:27,14,0,0
BRDA:27,14,1,0
BRDA:27,15,0,0
BRDA:27,15,1,0
BRF:19
BRH:0
end_of_record
TN:
SF:src/users/dto/ban-user.dto.ts
FNF:0
FNH:0
DA:1,0
DA:2,0
DA:4,0
DA:8,0
LF:4
LH:0
BRF:0
BRH:0
end_of_record
TN:
SF:src/users/dto/create-user.dto.ts
FNF:0
FNH:0
DA:1,0
DA:2,0
DA:4,0
DA:10,0
DA:18,0
DA:23,0
LF:6
LH:0
BRF:0
BRH:0
end_of_record
TN:
SF:src/users/dto/suspend-user.dto.ts
FNF:0
FNH:0
DA:1,0
DA:2,0
DA:9,0
DA:13,0
DA:18,0
LF:5
LH:0
BRF:0
BRH:0
end_of_record
TN:
SF:src/users/dto/update-profile.dto.ts
FNF:0
FNH:0
DA:1,0
DA:2,0
DA:4,0
DA:9,0
DA:14,0
LF:5
LH:0
BRF:0
BRH:0
end_of_record
TN:
SF:src/users/dto/update-user-role.dto.ts
FNF:0
FNH:0
DA:1,0
DA:2,0
DA:3,0
DA:5,0
DA:8,0
LF:5
LH:0
BRDA:8,0,0,0
BRDA:8,0,1,0
BRDA:8,1,0,0
BRDA:8,1,1,0
BRF:4
BRH:0
end_of_record
